2020-06-21 13:58:50,588 [main] INFO  com.cathychen.ApplicationPortal.tests.serviceTest.ApplicationServiceTest - Starting ApplicationServiceTest on Cathys-MacBook-Pro.local with PID 9198 (started by cathychen in /Users/cathychen/Downloads/OG)
2020-06-21 13:58:50,589 [main] INFO  com.cathychen.ApplicationPortal.tests.serviceTest.ApplicationServiceTest - No active profile set, falling back to default profiles: default
2020-06-21 13:58:50,845 [main] INFO  org.springframework.web.context.support.GenericWebApplicationContext - Refreshing org.springframework.web.context.support.GenericWebApplicationContext@5e2c3d18: startup date [Sun Jun 21 13:58:50 CST 2020]; root of context hierarchy
2020-06-21 13:58:50,988 [background-preinit] INFO  org.hibernate.validator.internal.util.Version - HV000001: Hibernate Validator 5.3.6.Final
2020-06-21 13:58:52,716 [main] INFO  o.springframework.web.servlet.mvc.method.annotation.RequestMappingHandlerAdapter - Looking for @ControllerAdvice: org.springframework.web.context.support.GenericWebApplicationContext@5e2c3d18: startup date [Sun Jun 21 13:58:50 CST 2020]; root of context hierarchy
2020-06-21 13:58:52,789 [main] INFO  o.springframework.web.servlet.mvc.method.annotation.RequestMappingHandlerMapping - Mapped "{[/]}" onto java.lang.String com.cathychen.ApplicationPortal.web.MainController.home()
2020-06-21 13:58:52,790 [main] INFO  o.springframework.web.servlet.mvc.method.annotation.RequestMappingHandlerMapping - Mapped "{[/user]}" onto public java.lang.String com.cathychen.ApplicationPortal.web.UserController.getIndex(org.springframework.ui.Model)
2020-06-21 13:58:52,792 [main] INFO  o.springframework.web.servlet.mvc.method.annotation.RequestMappingHandlerMapping - Mapped "{[/error]}" onto public org.springframework.http.ResponseEntity<java.util.Map<java.lang.String, java.lang.Object>> org.springframework.boot.autoconfigure.web.BasicErrorController.error(javax.servlet.http.HttpServletRequest)
2020-06-21 13:58:52,792 [main] INFO  o.springframework.web.servlet.mvc.method.annotation.RequestMappingHandlerMapping - Mapped "{[/error],produces=[text/html]}" onto public org.springframework.web.servlet.ModelAndView org.springframework.boot.autoconfigure.web.BasicErrorController.errorHtml(javax.servlet.http.HttpServletRequest,javax.servlet.http.HttpServletResponse)
2020-06-21 13:58:52,816 [main] INFO  org.springframework.web.servlet.handler.SimpleUrlHandlerMapping - Mapped URL path [/webjars/**] onto handler of type [class org.springframework.web.servlet.resource.ResourceHttpRequestHandler]
2020-06-21 13:58:52,816 [main] INFO  org.springframework.web.servlet.handler.SimpleUrlHandlerMapping - Mapped URL path [/**] onto handler of type [class org.springframework.web.servlet.resource.ResourceHttpRequestHandler]
2020-06-21 13:58:52,845 [main] INFO  org.springframework.web.servlet.handler.SimpleUrlHandlerMapping - Mapped URL path [/**/favicon.ico] onto handler of type [class org.springframework.web.servlet.resource.ResourceHttpRequestHandler]
2020-06-21 13:58:53,368 [main] INFO  com.cathychen.ApplicationPortal.tests.serviceTest.ApplicationServiceTest - Started ApplicationServiceTest in 3.39 seconds (JVM running for 4.14)
2020-06-21 13:58:54,182 [Thread-2] INFO  org.springframework.web.context.support.GenericWebApplicationContext - Closing org.springframework.web.context.support.GenericWebApplicationContext@5e2c3d18: startup date [Sun Jun 21 13:58:50 CST 2020]; root of context hierarchy
2020-06-21 14:00:03,144 [main] INFO  com.cathychen.ApplicationPortal.tests.serviceTest.ApplicationServiceTest - Starting ApplicationServiceTest on Cathys-MacBook-Pro.local with PID 9205 (started by cathychen in /Users/cathychen/Downloads/OG)
2020-06-21 14:00:03,146 [main] INFO  com.cathychen.ApplicationPortal.tests.serviceTest.ApplicationServiceTest - No active profile set, falling back to default profiles: default
2020-06-21 14:00:03,421 [main] INFO  org.springframework.web.context.support.GenericWebApplicationContext - Refreshing org.springframework.web.context.support.GenericWebApplicationContext@5e2c3d18: startup date [Sun Jun 21 14:00:03 CST 2020]; root of context hierarchy
2020-06-21 14:00:03,549 [background-preinit] INFO  org.hibernate.validator.internal.util.Version - HV000001: Hibernate Validator 5.3.6.Final
2020-06-21 14:00:05,124 [main] INFO  o.springframework.web.servlet.mvc.method.annotation.RequestMappingHandlerAdapter - Looking for @ControllerAdvice: org.springframework.web.context.support.GenericWebApplicationContext@5e2c3d18: startup date [Sun Jun 21 14:00:03 CST 2020]; root of context hierarchy
2020-06-21 14:00:05,182 [main] INFO  o.springframework.web.servlet.mvc.method.annotation.RequestMappingHandlerMapping - Mapped "{[/]}" onto java.lang.String com.cathychen.ApplicationPortal.web.MainController.home()
2020-06-21 14:00:05,183 [main] INFO  o.springframework.web.servlet.mvc.method.annotation.RequestMappingHandlerMapping - Mapped "{[/user]}" onto public java.lang.String com.cathychen.ApplicationPortal.web.UserController.getIndex(org.springframework.ui.Model)
2020-06-21 14:00:05,185 [main] INFO  o.springframework.web.servlet.mvc.method.annotation.RequestMappingHandlerMapping - Mapped "{[/error]}" onto public org.springframework.http.ResponseEntity<java.util.Map<java.lang.String, java.lang.Object>> org.springframework.boot.autoconfigure.web.BasicErrorController.error(javax.servlet.http.HttpServletRequest)
2020-06-21 14:00:05,185 [main] INFO  o.springframework.web.servlet.mvc.method.annotation.RequestMappingHandlerMapping - Mapped "{[/error],produces=[text/html]}" onto public org.springframework.web.servlet.ModelAndView org.springframework.boot.autoconfigure.web.BasicErrorController.errorHtml(javax.servlet.http.HttpServletRequest,javax.servlet.http.HttpServletResponse)
2020-06-21 14:00:05,224 [main] INFO  org.springframework.web.servlet.handler.SimpleUrlHandlerMapping - Mapped URL path [/webjars/**] onto handler of type [class org.springframework.web.servlet.resource.ResourceHttpRequestHandler]
2020-06-21 14:00:05,224 [main] INFO  org.springframework.web.servlet.handler.SimpleUrlHandlerMapping - Mapped URL path [/**] onto handler of type [class org.springframework.web.servlet.resource.ResourceHttpRequestHandler]
2020-06-21 14:00:05,252 [main] INFO  org.springframework.web.servlet.handler.SimpleUrlHandlerMapping - Mapped URL path [/**/favicon.ico] onto handler of type [class org.springframework.web.servlet.resource.ResourceHttpRequestHandler]
2020-06-21 14:00:05,776 [main] INFO  com.cathychen.ApplicationPortal.tests.serviceTest.ApplicationServiceTest - Started ApplicationServiceTest in 3.096 seconds (JVM running for 3.743)
2020-06-21 14:00:06,485 [Thread-2] INFO  org.springframework.web.context.support.GenericWebApplicationContext - Closing org.springframework.web.context.support.GenericWebApplicationContext@5e2c3d18: startup date [Sun Jun 21 14:00:03 CST 2020]; root of context hierarchy
2020-06-21 14:01:37,914 [main] INFO  com.cathychen.ApplicationPortal.tests.serviceTest.ApplicationServiceTest - Starting ApplicationServiceTest on Cathys-MacBook-Pro.local with PID 9210 (started by cathychen in /Users/cathychen/Downloads/OG)
2020-06-21 14:01:37,916 [main] INFO  com.cathychen.ApplicationPortal.tests.serviceTest.ApplicationServiceTest - No active profile set, falling back to default profiles: default
2020-06-21 14:01:38,206 [main] INFO  org.springframework.web.context.support.GenericWebApplicationContext - Refreshing org.springframework.web.context.support.GenericWebApplicationContext@5e2c3d18: startup date [Sun Jun 21 14:01:38 CST 2020]; root of context hierarchy
2020-06-21 14:01:38,284 [background-preinit] INFO  org.hibernate.validator.internal.util.Version - HV000001: Hibernate Validator 5.3.6.Final
2020-06-21 14:01:40,009 [main] INFO  o.springframework.web.servlet.mvc.method.annotation.RequestMappingHandlerAdapter - Looking for @ControllerAdvice: org.springframework.web.context.support.GenericWebApplicationContext@5e2c3d18: startup date [Sun Jun 21 14:01:38 CST 2020]; root of context hierarchy
2020-06-21 14:01:40,090 [main] INFO  o.springframework.web.servlet.mvc.method.annotation.RequestMappingHandlerMapping - Mapped "{[/]}" onto java.lang.String com.cathychen.ApplicationPortal.web.MainController.home()
2020-06-21 14:01:40,091 [main] INFO  o.springframework.web.servlet.mvc.method.annotation.RequestMappingHandlerMapping - Mapped "{[/user]}" onto public java.lang.String com.cathychen.ApplicationPortal.web.UserController.getIndex(org.springframework.ui.Model)
2020-06-21 14:01:40,093 [main] INFO  o.springframework.web.servlet.mvc.method.annotation.RequestMappingHandlerMapping - Mapped "{[/error]}" onto public org.springframework.http.ResponseEntity<java.util.Map<java.lang.String, java.lang.Object>> org.springframework.boot.autoconfigure.web.BasicErrorController.error(javax.servlet.http.HttpServletRequest)
2020-06-21 14:01:40,094 [main] INFO  o.springframework.web.servlet.mvc.method.annotation.RequestMappingHandlerMapping - Mapped "{[/error],produces=[text/html]}" onto public org.springframework.web.servlet.ModelAndView org.springframework.boot.autoconfigure.web.BasicErrorController.errorHtml(javax.servlet.http.HttpServletRequest,javax.servlet.http.HttpServletResponse)
2020-06-21 14:01:40,130 [main] INFO  org.springframework.web.servlet.handler.SimpleUrlHandlerMapping - Mapped URL path [/webjars/**] onto handler of type [class org.springframework.web.servlet.resource.ResourceHttpRequestHandler]
2020-06-21 14:01:40,144 [main] INFO  org.springframework.web.servlet.handler.SimpleUrlHandlerMapping - Mapped URL path [/**] onto handler of type [class org.springframework.web.servlet.resource.ResourceHttpRequestHandler]
2020-06-21 14:01:40,173 [main] INFO  org.springframework.web.servlet.handler.SimpleUrlHandlerMapping - Mapped URL path [/**/favicon.ico] onto handler of type [class org.springframework.web.servlet.resource.ResourceHttpRequestHandler]
2020-06-21 14:01:40,686 [main] INFO  com.cathychen.ApplicationPortal.tests.serviceTest.ApplicationServiceTest - Started ApplicationServiceTest in 3.361 seconds (JVM running for 4.001)
2020-06-21 14:01:41,449 [Thread-2] INFO  org.springframework.web.context.support.GenericWebApplicationContext - Closing org.springframework.web.context.support.GenericWebApplicationContext@5e2c3d18: startup date [Sun Jun 21 14:01:38 CST 2020]; root of context hierarchy
2020-06-21 15:43:03,780 [main] INFO  com.cathychen.ApplicationPortal.tests.serviceTest.ApplicationServiceTest - Starting ApplicationServiceTest on Cathys-MacBook-Pro.local with PID 9522 (started by cathychen in /Users/cathychen/Downloads/OG)
2020-06-21 15:43:03,781 [main] INFO  com.cathychen.ApplicationPortal.tests.serviceTest.ApplicationServiceTest - No active profile set, falling back to default profiles: default
2020-06-21 15:43:04,123 [main] INFO  org.springframework.web.context.support.GenericWebApplicationContext - Refreshing org.springframework.web.context.support.GenericWebApplicationContext@5e2c3d18: startup date [Sun Jun 21 15:43:04 CST 2020]; root of context hierarchy
2020-06-21 15:43:04,212 [background-preinit] INFO  org.hibernate.validator.internal.util.Version - HV000001: Hibernate Validator 5.3.6.Final
2020-06-21 15:43:06,077 [main] INFO  o.springframework.web.servlet.mvc.method.annotation.RequestMappingHandlerAdapter - Looking for @ControllerAdvice: org.springframework.web.context.support.GenericWebApplicationContext@5e2c3d18: startup date [Sun Jun 21 15:43:04 CST 2020]; root of context hierarchy
2020-06-21 15:43:06,158 [main] INFO  o.springframework.web.servlet.mvc.method.annotation.RequestMappingHandlerMapping - Mapped "{[/]}" onto java.lang.String com.cathychen.ApplicationPortal.web.MainController.home()
2020-06-21 15:43:06,159 [main] INFO  o.springframework.web.servlet.mvc.method.annotation.RequestMappingHandlerMapping - Mapped "{[/user]}" onto public java.lang.String com.cathychen.ApplicationPortal.web.UserController.getIndex(org.springframework.ui.Model)
2020-06-21 15:43:06,160 [main] INFO  o.springframework.web.servlet.mvc.method.annotation.RequestMappingHandlerMapping - Mapped "{[/error]}" onto public org.springframework.http.ResponseEntity<java.util.Map<java.lang.String, java.lang.Object>> org.springframework.boot.autoconfigure.web.BasicErrorController.error(javax.servlet.http.HttpServletRequest)
2020-06-21 15:43:06,161 [main] INFO  o.springframework.web.servlet.mvc.method.annotation.RequestMappingHandlerMapping - Mapped "{[/error],produces=[text/html]}" onto public org.springframework.web.servlet.ModelAndView org.springframework.boot.autoconfigure.web.BasicErrorController.errorHtml(javax.servlet.http.HttpServletRequest,javax.servlet.http.HttpServletResponse)
2020-06-21 15:43:06,188 [main] INFO  org.springframework.web.servlet.handler.SimpleUrlHandlerMapping - Mapped URL path [/webjars/**] onto handler of type [class org.springframework.web.servlet.resource.ResourceHttpRequestHandler]
2020-06-21 15:43:06,188 [main] INFO  org.springframework.web.servlet.handler.SimpleUrlHandlerMapping - Mapped URL path [/**] onto handler of type [class org.springframework.web.servlet.resource.ResourceHttpRequestHandler]
2020-06-21 15:43:06,222 [main] INFO  org.springframework.web.servlet.handler.SimpleUrlHandlerMapping - Mapped URL path [/**/favicon.ico] onto handler of type [class org.springframework.web.servlet.resource.ResourceHttpRequestHandler]
2020-06-21 15:43:06,856 [main] INFO  com.cathychen.ApplicationPortal.tests.serviceTest.ApplicationServiceTest - Started ApplicationServiceTest in 3.673 seconds (JVM running for 4.425)
2020-06-21 15:43:07,685 [Thread-2] INFO  org.springframework.web.context.support.GenericWebApplicationContext - Closing org.springframework.web.context.support.GenericWebApplicationContext@5e2c3d18: startup date [Sun Jun 21 15:43:04 CST 2020]; root of context hierarchy
2020-06-21 15:43:53,956 [main] INFO  com.cathychen.ApplicationPortal.tests.serviceTest.ApplicationServiceTest - Starting ApplicationServiceTest on Cathys-MacBook-Pro.local with PID 9531 (started by cathychen in /Users/cathychen/Downloads/OG)
2020-06-21 15:43:53,957 [main] INFO  com.cathychen.ApplicationPortal.tests.serviceTest.ApplicationServiceTest - No active profile set, falling back to default profiles: default
2020-06-21 15:43:54,212 [main] INFO  org.springframework.web.context.support.GenericWebApplicationContext - Refreshing org.springframework.web.context.support.GenericWebApplicationContext@2cb4893b: startup date [Sun Jun 21 15:43:54 CST 2020]; root of context hierarchy
2020-06-21 15:43:54,333 [background-preinit] INFO  org.hibernate.validator.internal.util.Version - HV000001: Hibernate Validator 5.3.6.Final
2020-06-21 15:43:55,890 [main] INFO  o.springframework.web.servlet.mvc.method.annotation.RequestMappingHandlerAdapter - Looking for @ControllerAdvice: org.springframework.web.context.support.GenericWebApplicationContext@2cb4893b: startup date [Sun Jun 21 15:43:54 CST 2020]; root of context hierarchy
2020-06-21 15:43:55,968 [main] INFO  o.springframework.web.servlet.mvc.method.annotation.RequestMappingHandlerMapping - Mapped "{[/]}" onto java.lang.String com.cathychen.ApplicationPortal.web.MainController.home()
2020-06-21 15:43:55,970 [main] INFO  o.springframework.web.servlet.mvc.method.annotation.RequestMappingHandlerMapping - Mapped "{[/user]}" onto public java.lang.String com.cathychen.ApplicationPortal.web.UserController.getIndex(org.springframework.ui.Model)
2020-06-21 15:43:55,971 [main] INFO  o.springframework.web.servlet.mvc.method.annotation.RequestMappingHandlerMapping - Mapped "{[/error]}" onto public org.springframework.http.ResponseEntity<java.util.Map<java.lang.String, java.lang.Object>> org.springframework.boot.autoconfigure.web.BasicErrorController.error(javax.servlet.http.HttpServletRequest)
2020-06-21 15:43:55,972 [main] INFO  o.springframework.web.servlet.mvc.method.annotation.RequestMappingHandlerMapping - Mapped "{[/error],produces=[text/html]}" onto public org.springframework.web.servlet.ModelAndView org.springframework.boot.autoconfigure.web.BasicErrorController.errorHtml(javax.servlet.http.HttpServletRequest,javax.servlet.http.HttpServletResponse)
2020-06-21 15:43:55,998 [main] INFO  org.springframework.web.servlet.handler.SimpleUrlHandlerMapping - Mapped URL path [/webjars/**] onto handler of type [class org.springframework.web.servlet.resource.ResourceHttpRequestHandler]
2020-06-21 15:43:55,998 [main] INFO  org.springframework.web.servlet.handler.SimpleUrlHandlerMapping - Mapped URL path [/**] onto handler of type [class org.springframework.web.servlet.resource.ResourceHttpRequestHandler]
2020-06-21 15:43:56,031 [main] INFO  org.springframework.web.servlet.handler.SimpleUrlHandlerMapping - Mapped URL path [/**/favicon.ico] onto handler of type [class org.springframework.web.servlet.resource.ResourceHttpRequestHandler]
2020-06-21 15:43:56,535 [main] INFO  com.cathychen.ApplicationPortal.tests.serviceTest.ApplicationServiceTest - Started ApplicationServiceTest in 3.063 seconds (JVM running for 3.75)
2020-06-21 15:43:57,264 [Thread-2] INFO  org.springframework.web.context.support.GenericWebApplicationContext - Closing org.springframework.web.context.support.GenericWebApplicationContext@2cb4893b: startup date [Sun Jun 21 15:43:54 CST 2020]; root of context hierarchy
2020-06-21 15:54:30,678 [main] INFO  com.cathychen.ApplicationPortal.tests.serviceTest.ApplicationServiceTest - Starting ApplicationServiceTest on Cathys-MacBook-Pro.local with PID 9595 (started by cathychen in /Users/cathychen/Downloads/OG)
2020-06-21 15:54:30,679 [main] INFO  com.cathychen.ApplicationPortal.tests.serviceTest.ApplicationServiceTest - No active profile set, falling back to default profiles: default
2020-06-21 15:54:30,927 [main] INFO  org.springframework.web.context.support.GenericWebApplicationContext - Refreshing org.springframework.web.context.support.GenericWebApplicationContext@5e2c3d18: startup date [Sun Jun 21 15:54:30 CST 2020]; root of context hierarchy
2020-06-21 15:54:31,021 [background-preinit] INFO  org.hibernate.validator.internal.util.Version - HV000001: Hibernate Validator 5.3.6.Final
2020-06-21 15:54:32,567 [main] INFO  o.springframework.web.servlet.mvc.method.annotation.RequestMappingHandlerAdapter - Looking for @ControllerAdvice: org.springframework.web.context.support.GenericWebApplicationContext@5e2c3d18: startup date [Sun Jun 21 15:54:30 CST 2020]; root of context hierarchy
2020-06-21 15:54:32,642 [main] INFO  o.springframework.web.servlet.mvc.method.annotation.RequestMappingHandlerMapping - Mapped "{[/]}" onto java.lang.String com.cathychen.ApplicationPortal.web.MainController.home()
2020-06-21 15:54:32,644 [main] INFO  o.springframework.web.servlet.mvc.method.annotation.RequestMappingHandlerMapping - Mapped "{[/user]}" onto public java.lang.String com.cathychen.ApplicationPortal.web.UserController.getIndex(org.springframework.ui.Model)
2020-06-21 15:54:32,645 [main] INFO  o.springframework.web.servlet.mvc.method.annotation.RequestMappingHandlerMapping - Mapped "{[/error]}" onto public org.springframework.http.ResponseEntity<java.util.Map<java.lang.String, java.lang.Object>> org.springframework.boot.autoconfigure.web.BasicErrorController.error(javax.servlet.http.HttpServletRequest)
2020-06-21 15:54:32,646 [main] INFO  o.springframework.web.servlet.mvc.method.annotation.RequestMappingHandlerMapping - Mapped "{[/error],produces=[text/html]}" onto public org.springframework.web.servlet.ModelAndView org.springframework.boot.autoconfigure.web.BasicErrorController.errorHtml(javax.servlet.http.HttpServletRequest,javax.servlet.http.HttpServletResponse)
2020-06-21 15:54:32,667 [main] INFO  org.springframework.web.servlet.handler.SimpleUrlHandlerMapping - Mapped URL path [/webjars/**] onto handler of type [class org.springframework.web.servlet.resource.ResourceHttpRequestHandler]
2020-06-21 15:54:32,667 [main] INFO  org.springframework.web.servlet.handler.SimpleUrlHandlerMapping - Mapped URL path [/**] onto handler of type [class org.springframework.web.servlet.resource.ResourceHttpRequestHandler]
2020-06-21 15:54:32,695 [main] INFO  org.springframework.web.servlet.handler.SimpleUrlHandlerMapping - Mapped URL path [/**/favicon.ico] onto handler of type [class org.springframework.web.servlet.resource.ResourceHttpRequestHandler]
2020-06-21 15:54:33,240 [main] INFO  com.cathychen.ApplicationPortal.tests.serviceTest.ApplicationServiceTest - Started ApplicationServiceTest in 3.258 seconds (JVM running for 3.954)
2020-06-21 15:54:33,933 [Thread-2] INFO  org.springframework.web.context.support.GenericWebApplicationContext - Closing org.springframework.web.context.support.GenericWebApplicationContext@5e2c3d18: startup date [Sun Jun 21 15:54:30 CST 2020]; root of context hierarchy
2020-06-21 15:58:29,399 [main] INFO  com.cathychen.ApplicationPortal.tests.serviceTest.ApplicationServiceTest - Starting ApplicationServiceTest on Cathys-MacBook-Pro.local with PID 9601 (started by cathychen in /Users/cathychen/Downloads/OG)
2020-06-21 15:58:29,401 [main] INFO  com.cathychen.ApplicationPortal.tests.serviceTest.ApplicationServiceTest - No active profile set, falling back to default profiles: default
2020-06-21 15:58:29,642 [main] INFO  org.springframework.web.context.support.GenericWebApplicationContext - Refreshing org.springframework.web.context.support.GenericWebApplicationContext@5e2c3d18: startup date [Sun Jun 21 15:58:29 CST 2020]; root of context hierarchy
2020-06-21 15:58:29,785 [background-preinit] INFO  org.hibernate.validator.internal.util.Version - HV000001: Hibernate Validator 5.3.6.Final
2020-06-21 15:58:31,330 [main] INFO  o.springframework.web.servlet.mvc.method.annotation.RequestMappingHandlerAdapter - Looking for @ControllerAdvice: org.springframework.web.context.support.GenericWebApplicationContext@5e2c3d18: startup date [Sun Jun 21 15:58:29 CST 2020]; root of context hierarchy
2020-06-21 15:58:31,408 [main] INFO  o.springframework.web.servlet.mvc.method.annotation.RequestMappingHandlerMapping - Mapped "{[/]}" onto java.lang.String com.cathychen.ApplicationPortal.web.MainController.home()
2020-06-21 15:58:31,410 [main] INFO  o.springframework.web.servlet.mvc.method.annotation.RequestMappingHandlerMapping - Mapped "{[/user]}" onto public java.lang.String com.cathychen.ApplicationPortal.web.UserController.getIndex(org.springframework.ui.Model)
2020-06-21 15:58:31,411 [main] INFO  o.springframework.web.servlet.mvc.method.annotation.RequestMappingHandlerMapping - Mapped "{[/error]}" onto public org.springframework.http.ResponseEntity<java.util.Map<java.lang.String, java.lang.Object>> org.springframework.boot.autoconfigure.web.BasicErrorController.error(javax.servlet.http.HttpServletRequest)
2020-06-21 15:58:31,412 [main] INFO  o.springframework.web.servlet.mvc.method.annotation.RequestMappingHandlerMapping - Mapped "{[/error],produces=[text/html]}" onto public org.springframework.web.servlet.ModelAndView org.springframework.boot.autoconfigure.web.BasicErrorController.errorHtml(javax.servlet.http.HttpServletRequest,javax.servlet.http.HttpServletResponse)
2020-06-21 15:58:31,435 [main] INFO  org.springframework.web.servlet.handler.SimpleUrlHandlerMapping - Mapped URL path [/webjars/**] onto handler of type [class org.springframework.web.servlet.resource.ResourceHttpRequestHandler]
2020-06-21 15:58:31,435 [main] INFO  org.springframework.web.servlet.handler.SimpleUrlHandlerMapping - Mapped URL path [/**] onto handler of type [class org.springframework.web.servlet.resource.ResourceHttpRequestHandler]
2020-06-21 15:58:31,464 [main] INFO  org.springframework.web.servlet.handler.SimpleUrlHandlerMapping - Mapped URL path [/**/favicon.ico] onto handler of type [class org.springframework.web.servlet.resource.ResourceHttpRequestHandler]
2020-06-21 15:58:31,969 [main] INFO  com.cathychen.ApplicationPortal.tests.serviceTest.ApplicationServiceTest - Started ApplicationServiceTest in 3.188 seconds (JVM running for 3.875)
2020-06-21 15:58:32,661 [Thread-2] INFO  org.springframework.web.context.support.GenericWebApplicationContext - Closing org.springframework.web.context.support.GenericWebApplicationContext@5e2c3d18: startup date [Sun Jun 21 15:58:29 CST 2020]; root of context hierarchy
2020-06-21 16:00:07,976 [main] INFO  com.cathychen.ApplicationPortal.tests.serviceTest.ApplicationServiceTest - Starting ApplicationServiceTest on Cathys-MacBook-Pro.local with PID 9607 (started by cathychen in /Users/cathychen/Downloads/OG)
2020-06-21 16:00:07,977 [main] INFO  com.cathychen.ApplicationPortal.tests.serviceTest.ApplicationServiceTest - No active profile set, falling back to default profiles: default
2020-06-21 16:00:08,259 [main] INFO  org.springframework.web.context.support.GenericWebApplicationContext - Refreshing org.springframework.web.context.support.GenericWebApplicationContext@cc43f62: startup date [Sun Jun 21 16:00:08 CST 2020]; root of context hierarchy
2020-06-21 16:00:08,331 [background-preinit] INFO  org.hibernate.validator.internal.util.Version - HV000001: Hibernate Validator 5.3.6.Final
2020-06-21 16:00:09,975 [main] INFO  o.springframework.web.servlet.mvc.method.annotation.RequestMappingHandlerAdapter - Looking for @ControllerAdvice: org.springframework.web.context.support.GenericWebApplicationContext@cc43f62: startup date [Sun Jun 21 16:00:08 CST 2020]; root of context hierarchy
2020-06-21 16:00:10,034 [main] INFO  o.springframework.web.servlet.mvc.method.annotation.RequestMappingHandlerMapping - Mapped "{[/]}" onto java.lang.String com.cathychen.ApplicationPortal.web.MainController.home()
2020-06-21 16:00:10,035 [main] INFO  o.springframework.web.servlet.mvc.method.annotation.RequestMappingHandlerMapping - Mapped "{[/user]}" onto public java.lang.String com.cathychen.ApplicationPortal.web.UserController.getIndex(org.springframework.ui.Model)
2020-06-21 16:00:10,037 [main] INFO  o.springframework.web.servlet.mvc.method.annotation.RequestMappingHandlerMapping - Mapped "{[/error]}" onto public org.springframework.http.ResponseEntity<java.util.Map<java.lang.String, java.lang.Object>> org.springframework.boot.autoconfigure.web.BasicErrorController.error(javax.servlet.http.HttpServletRequest)
2020-06-21 16:00:10,037 [main] INFO  o.springframework.web.servlet.mvc.method.annotation.RequestMappingHandlerMapping - Mapped "{[/error],produces=[text/html]}" onto public org.springframework.web.servlet.ModelAndView org.springframework.boot.autoconfigure.web.BasicErrorController.errorHtml(javax.servlet.http.HttpServletRequest,javax.servlet.http.HttpServletResponse)
2020-06-21 16:00:10,060 [main] INFO  org.springframework.web.servlet.handler.SimpleUrlHandlerMapping - Mapped URL path [/webjars/**] onto handler of type [class org.springframework.web.servlet.resource.ResourceHttpRequestHandler]
2020-06-21 16:00:10,060 [main] INFO  org.springframework.web.servlet.handler.SimpleUrlHandlerMapping - Mapped URL path [/**] onto handler of type [class org.springframework.web.servlet.resource.ResourceHttpRequestHandler]
2020-06-21 16:00:10,088 [main] INFO  org.springframework.web.servlet.handler.SimpleUrlHandlerMapping - Mapped URL path [/**/favicon.ico] onto handler of type [class org.springframework.web.servlet.resource.ResourceHttpRequestHandler]
2020-06-21 16:00:10,593 [main] INFO  com.cathychen.ApplicationPortal.tests.serviceTest.ApplicationServiceTest - Started ApplicationServiceTest in 3.031 seconds (JVM running for 3.693)
2020-06-21 16:00:11,320 [Thread-2] INFO  org.springframework.web.context.support.GenericWebApplicationContext - Closing org.springframework.web.context.support.GenericWebApplicationContext@cc43f62: startup date [Sun Jun 21 16:00:08 CST 2020]; root of context hierarchy
2020-06-21 16:01:43,502 [main] INFO  com.cathychen.ApplicationPortal.tests.serviceTest.ApplicationServiceTest - Starting ApplicationServiceTest on Cathys-MacBook-Pro.local with PID 9611 (started by cathychen in /Users/cathychen/Downloads/OG)
2020-06-21 16:01:43,503 [main] INFO  com.cathychen.ApplicationPortal.tests.serviceTest.ApplicationServiceTest - No active profile set, falling back to default profiles: default
2020-06-21 16:01:43,753 [main] INFO  org.springframework.web.context.support.GenericWebApplicationContext - Refreshing org.springframework.web.context.support.GenericWebApplicationContext@2cb4893b: startup date [Sun Jun 21 16:01:43 CST 2020]; root of context hierarchy
2020-06-21 16:01:43,885 [background-preinit] INFO  org.hibernate.validator.internal.util.Version - HV000001: Hibernate Validator 5.3.6.Final
2020-06-21 16:01:45,365 [main] INFO  o.springframework.web.servlet.mvc.method.annotation.RequestMappingHandlerAdapter - Looking for @ControllerAdvice: org.springframework.web.context.support.GenericWebApplicationContext@2cb4893b: startup date [Sun Jun 21 16:01:43 CST 2020]; root of context hierarchy
2020-06-21 16:01:45,439 [main] INFO  o.springframework.web.servlet.mvc.method.annotation.RequestMappingHandlerMapping - Mapped "{[/]}" onto java.lang.String com.cathychen.ApplicationPortal.web.MainController.home()
2020-06-21 16:01:45,440 [main] INFO  o.springframework.web.servlet.mvc.method.annotation.RequestMappingHandlerMapping - Mapped "{[/user]}" onto public java.lang.String com.cathychen.ApplicationPortal.web.UserController.getIndex(org.springframework.ui.Model)
2020-06-21 16:01:45,441 [main] INFO  o.springframework.web.servlet.mvc.method.annotation.RequestMappingHandlerMapping - Mapped "{[/error]}" onto public org.springframework.http.ResponseEntity<java.util.Map<java.lang.String, java.lang.Object>> org.springframework.boot.autoconfigure.web.BasicErrorController.error(javax.servlet.http.HttpServletRequest)
2020-06-21 16:01:45,442 [main] INFO  o.springframework.web.servlet.mvc.method.annotation.RequestMappingHandlerMapping - Mapped "{[/error],produces=[text/html]}" onto public org.springframework.web.servlet.ModelAndView org.springframework.boot.autoconfigure.web.BasicErrorController.errorHtml(javax.servlet.http.HttpServletRequest,javax.servlet.http.HttpServletResponse)
2020-06-21 16:01:45,464 [main] INFO  org.springframework.web.servlet.handler.SimpleUrlHandlerMapping - Mapped URL path [/webjars/**] onto handler of type [class org.springframework.web.servlet.resource.ResourceHttpRequestHandler]
2020-06-21 16:01:45,464 [main] INFO  org.springframework.web.servlet.handler.SimpleUrlHandlerMapping - Mapped URL path [/**] onto handler of type [class org.springframework.web.servlet.resource.ResourceHttpRequestHandler]
2020-06-21 16:01:45,492 [main] INFO  org.springframework.web.servlet.handler.SimpleUrlHandlerMapping - Mapped URL path [/**/favicon.ico] onto handler of type [class org.springframework.web.servlet.resource.ResourceHttpRequestHandler]
2020-06-21 16:01:45,981 [main] INFO  com.cathychen.ApplicationPortal.tests.serviceTest.ApplicationServiceTest - Started ApplicationServiceTest in 2.853 seconds (JVM running for 3.504)
2020-06-21 16:01:46,623 [Thread-2] INFO  org.springframework.web.context.support.GenericWebApplicationContext - Closing org.springframework.web.context.support.GenericWebApplicationContext@2cb4893b: startup date [Sun Jun 21 16:01:43 CST 2020]; root of context hierarchy
2020-06-21 16:22:07,091 [main] INFO  com.cathychen.ApplicationPortal.tests.serviceTest.ApplicationServiceTest - Starting ApplicationServiceTest on Cathys-MacBook-Pro.local with PID 9653 (started by cathychen in /Users/cathychen/Downloads/OG)
2020-06-21 16:22:07,092 [main] INFO  com.cathychen.ApplicationPortal.tests.serviceTest.ApplicationServiceTest - No active profile set, falling back to default profiles: default
2020-06-21 16:22:07,294 [main] INFO  org.springframework.web.context.support.GenericWebApplicationContext - Refreshing org.springframework.web.context.support.GenericWebApplicationContext@2cb4893b: startup date [Sun Jun 21 16:22:07 CST 2020]; root of context hierarchy
2020-06-21 16:22:07,421 [background-preinit] INFO  org.hibernate.validator.internal.util.Version - HV000001: Hibernate Validator 5.3.6.Final
2020-06-21 16:22:08,909 [main] INFO  o.springframework.web.servlet.mvc.method.annotation.RequestMappingHandlerAdapter - Looking for @ControllerAdvice: org.springframework.web.context.support.GenericWebApplicationContext@2cb4893b: startup date [Sun Jun 21 16:22:07 CST 2020]; root of context hierarchy
2020-06-21 16:22:08,984 [main] INFO  o.springframework.web.servlet.mvc.method.annotation.RequestMappingHandlerMapping - Mapped "{[/]}" onto java.lang.String com.cathychen.ApplicationPortal.web.MainController.home()
2020-06-21 16:22:08,985 [main] INFO  o.springframework.web.servlet.mvc.method.annotation.RequestMappingHandlerMapping - Mapped "{[/user]}" onto public java.lang.String com.cathychen.ApplicationPortal.web.UserController.getIndex(org.springframework.ui.Model)
2020-06-21 16:22:08,986 [main] INFO  o.springframework.web.servlet.mvc.method.annotation.RequestMappingHandlerMapping - Mapped "{[/error]}" onto public org.springframework.http.ResponseEntity<java.util.Map<java.lang.String, java.lang.Object>> org.springframework.boot.autoconfigure.web.BasicErrorController.error(javax.servlet.http.HttpServletRequest)
2020-06-21 16:22:08,987 [main] INFO  o.springframework.web.servlet.mvc.method.annotation.RequestMappingHandlerMapping - Mapped "{[/error],produces=[text/html]}" onto public org.springframework.web.servlet.ModelAndView org.springframework.boot.autoconfigure.web.BasicErrorController.errorHtml(javax.servlet.http.HttpServletRequest,javax.servlet.http.HttpServletResponse)
2020-06-21 16:22:09,008 [main] INFO  org.springframework.web.servlet.handler.SimpleUrlHandlerMapping - Mapped URL path [/webjars/**] onto handler of type [class org.springframework.web.servlet.resource.ResourceHttpRequestHandler]
2020-06-21 16:22:09,008 [main] INFO  org.springframework.web.servlet.handler.SimpleUrlHandlerMapping - Mapped URL path [/**] onto handler of type [class org.springframework.web.servlet.resource.ResourceHttpRequestHandler]
2020-06-21 16:22:09,037 [main] INFO  org.springframework.web.servlet.handler.SimpleUrlHandlerMapping - Mapped URL path [/**/favicon.ico] onto handler of type [class org.springframework.web.servlet.resource.ResourceHttpRequestHandler]
2020-06-21 16:22:09,530 [main] INFO  com.cathychen.ApplicationPortal.tests.serviceTest.ApplicationServiceTest - Started ApplicationServiceTest in 3.007 seconds (JVM running for 3.662)
2020-06-21 16:22:10,195 [Thread-2] INFO  org.springframework.web.context.support.GenericWebApplicationContext - Closing org.springframework.web.context.support.GenericWebApplicationContext@2cb4893b: startup date [Sun Jun 21 16:22:07 CST 2020]; root of context hierarchy
2020-06-21 16:22:27,612 [main] INFO  com.cathychen.ApplicationPortal.tests.serviceTest.ApplicationServiceTest - Starting ApplicationServiceTest on Cathys-MacBook-Pro.local with PID 9656 (started by cathychen in /Users/cathychen/Downloads/OG)
2020-06-21 16:22:27,613 [main] INFO  com.cathychen.ApplicationPortal.tests.serviceTest.ApplicationServiceTest - No active profile set, falling back to default profiles: default
2020-06-21 16:22:27,890 [main] INFO  org.springframework.web.context.support.GenericWebApplicationContext - Refreshing org.springframework.web.context.support.GenericWebApplicationContext@2cb4893b: startup date [Sun Jun 21 16:22:27 CST 2020]; root of context hierarchy
2020-06-21 16:22:28,000 [background-preinit] INFO  org.hibernate.validator.internal.util.Version - HV000001: Hibernate Validator 5.3.6.Final
2020-06-21 16:22:29,464 [main] INFO  o.springframework.web.servlet.mvc.method.annotation.RequestMappingHandlerAdapter - Looking for @ControllerAdvice: org.springframework.web.context.support.GenericWebApplicationContext@2cb4893b: startup date [Sun Jun 21 16:22:27 CST 2020]; root of context hierarchy
2020-06-21 16:22:29,527 [main] INFO  o.springframework.web.servlet.mvc.method.annotation.RequestMappingHandlerMapping - Mapped "{[/]}" onto java.lang.String com.cathychen.ApplicationPortal.web.MainController.home()
2020-06-21 16:22:29,528 [main] INFO  o.springframework.web.servlet.mvc.method.annotation.RequestMappingHandlerMapping - Mapped "{[/user]}" onto public java.lang.String com.cathychen.ApplicationPortal.web.UserController.getIndex(org.springframework.ui.Model)
2020-06-21 16:22:29,529 [main] INFO  o.springframework.web.servlet.mvc.method.annotation.RequestMappingHandlerMapping - Mapped "{[/error]}" onto public org.springframework.http.ResponseEntity<java.util.Map<java.lang.String, java.lang.Object>> org.springframework.boot.autoconfigure.web.BasicErrorController.error(javax.servlet.http.HttpServletRequest)
2020-06-21 16:22:29,530 [main] INFO  o.springframework.web.servlet.mvc.method.annotation.RequestMappingHandlerMapping - Mapped "{[/error],produces=[text/html]}" onto public org.springframework.web.servlet.ModelAndView org.springframework.boot.autoconfigure.web.BasicErrorController.errorHtml(javax.servlet.http.HttpServletRequest,javax.servlet.http.HttpServletResponse)
2020-06-21 16:22:29,550 [main] INFO  org.springframework.web.servlet.handler.SimpleUrlHandlerMapping - Mapped URL path [/webjars/**] onto handler of type [class org.springframework.web.servlet.resource.ResourceHttpRequestHandler]
2020-06-21 16:22:29,550 [main] INFO  org.springframework.web.servlet.handler.SimpleUrlHandlerMapping - Mapped URL path [/**] onto handler of type [class org.springframework.web.servlet.resource.ResourceHttpRequestHandler]
2020-06-21 16:22:29,578 [main] INFO  org.springframework.web.servlet.handler.SimpleUrlHandlerMapping - Mapped URL path [/**/favicon.ico] onto handler of type [class org.springframework.web.servlet.resource.ResourceHttpRequestHandler]
2020-06-21 16:22:30,050 [main] INFO  com.cathychen.ApplicationPortal.tests.serviceTest.ApplicationServiceTest - Started ApplicationServiceTest in 2.846 seconds (JVM running for 3.485)
2020-06-21 16:22:30,678 [Thread-2] INFO  org.springframework.web.context.support.GenericWebApplicationContext - Closing org.springframework.web.context.support.GenericWebApplicationContext@2cb4893b: startup date [Sun Jun 21 16:22:27 CST 2020]; root of context hierarchy
2020-06-21 17:11:12,101 [main] INFO  com.cathychen.ApplicationPortal.tests.serviceTest.ApplicationServiceTest - Starting ApplicationServiceTest on Cathys-MacBook-Pro.local with PID 9803 (started by cathychen in /Users/cathychen/Downloads/OG)
2020-06-21 17:11:12,103 [main] INFO  com.cathychen.ApplicationPortal.tests.serviceTest.ApplicationServiceTest - No active profile set, falling back to default profiles: default
2020-06-21 17:11:12,385 [main] INFO  org.springframework.web.context.support.GenericWebApplicationContext - Refreshing org.springframework.web.context.support.GenericWebApplicationContext@5e2c3d18: startup date [Sun Jun 21 17:11:12 CST 2020]; root of context hierarchy
2020-06-21 17:11:12,421 [background-preinit] INFO  org.hibernate.validator.internal.util.Version - HV000001: Hibernate Validator 5.3.6.Final
2020-06-21 17:11:14,049 [main] INFO  o.springframework.web.servlet.mvc.method.annotation.RequestMappingHandlerAdapter - Looking for @ControllerAdvice: org.springframework.web.context.support.GenericWebApplicationContext@5e2c3d18: startup date [Sun Jun 21 17:11:12 CST 2020]; root of context hierarchy
2020-06-21 17:11:14,123 [main] INFO  o.springframework.web.servlet.mvc.method.annotation.RequestMappingHandlerMapping - Mapped "{[/]}" onto java.lang.String com.cathychen.ApplicationPortal.web.MainController.home()
2020-06-21 17:11:14,125 [main] INFO  o.springframework.web.servlet.mvc.method.annotation.RequestMappingHandlerMapping - Mapped "{[/user]}" onto public java.lang.String com.cathychen.ApplicationPortal.web.UserController.getIndex(org.springframework.ui.Model)
2020-06-21 17:11:14,126 [main] INFO  o.springframework.web.servlet.mvc.method.annotation.RequestMappingHandlerMapping - Mapped "{[/error]}" onto public org.springframework.http.ResponseEntity<java.util.Map<java.lang.String, java.lang.Object>> org.springframework.boot.autoconfigure.web.BasicErrorController.error(javax.servlet.http.HttpServletRequest)
2020-06-21 17:11:14,127 [main] INFO  o.springframework.web.servlet.mvc.method.annotation.RequestMappingHandlerMapping - Mapped "{[/error],produces=[text/html]}" onto public org.springframework.web.servlet.ModelAndView org.springframework.boot.autoconfigure.web.BasicErrorController.errorHtml(javax.servlet.http.HttpServletRequest,javax.servlet.http.HttpServletResponse)
2020-06-21 17:11:14,149 [main] INFO  org.springframework.web.servlet.handler.SimpleUrlHandlerMapping - Mapped URL path [/webjars/**] onto handler of type [class org.springframework.web.servlet.resource.ResourceHttpRequestHandler]
2020-06-21 17:11:14,149 [main] INFO  org.springframework.web.servlet.handler.SimpleUrlHandlerMapping - Mapped URL path [/**] onto handler of type [class org.springframework.web.servlet.resource.ResourceHttpRequestHandler]
2020-06-21 17:11:14,177 [main] INFO  org.springframework.web.servlet.handler.SimpleUrlHandlerMapping - Mapped URL path [/**/favicon.ico] onto handler of type [class org.springframework.web.servlet.resource.ResourceHttpRequestHandler]
2020-06-21 17:11:14,674 [main] INFO  com.cathychen.ApplicationPortal.tests.serviceTest.ApplicationServiceTest - Started ApplicationServiceTest in 3.288 seconds (JVM running for 4.15)
2020-06-21 17:11:15,434 [Thread-2] INFO  org.springframework.web.context.support.GenericWebApplicationContext - Closing org.springframework.web.context.support.GenericWebApplicationContext@5e2c3d18: startup date [Sun Jun 21 17:11:12 CST 2020]; root of context hierarchy
2020-06-21 17:11:37,941 [main] INFO  com.cathychen.ApplicationPortal.tests.serviceTest.ApplicationServiceTest - Starting ApplicationServiceTest on Cathys-MacBook-Pro.local with PID 9807 (started by cathychen in /Users/cathychen/Downloads/OG)
2020-06-21 17:11:37,942 [main] INFO  com.cathychen.ApplicationPortal.tests.serviceTest.ApplicationServiceTest - No active profile set, falling back to default profiles: default
2020-06-21 17:11:38,190 [main] INFO  org.springframework.web.context.support.GenericWebApplicationContext - Refreshing org.springframework.web.context.support.GenericWebApplicationContext@5e2c3d18: startup date [Sun Jun 21 17:11:38 CST 2020]; root of context hierarchy
2020-06-21 17:11:38,350 [background-preinit] INFO  org.hibernate.validator.internal.util.Version - HV000001: Hibernate Validator 5.3.6.Final
2020-06-21 17:11:39,905 [main] INFO  o.springframework.web.servlet.mvc.method.annotation.RequestMappingHandlerAdapter - Looking for @ControllerAdvice: org.springframework.web.context.support.GenericWebApplicationContext@5e2c3d18: startup date [Sun Jun 21 17:11:38 CST 2020]; root of context hierarchy
2020-06-21 17:11:39,982 [main] INFO  o.springframework.web.servlet.mvc.method.annotation.RequestMappingHandlerMapping - Mapped "{[/]}" onto java.lang.String com.cathychen.ApplicationPortal.web.MainController.home()
2020-06-21 17:11:39,983 [main] INFO  o.springframework.web.servlet.mvc.method.annotation.RequestMappingHandlerMapping - Mapped "{[/user]}" onto public java.lang.String com.cathychen.ApplicationPortal.web.UserController.getIndex(org.springframework.ui.Model)
2020-06-21 17:11:39,986 [main] INFO  o.springframework.web.servlet.mvc.method.annotation.RequestMappingHandlerMapping - Mapped "{[/error]}" onto public org.springframework.http.ResponseEntity<java.util.Map<java.lang.String, java.lang.Object>> org.springframework.boot.autoconfigure.web.BasicErrorController.error(javax.servlet.http.HttpServletRequest)
2020-06-21 17:11:39,986 [main] INFO  o.springframework.web.servlet.mvc.method.annotation.RequestMappingHandlerMapping - Mapped "{[/error],produces=[text/html]}" onto public org.springframework.web.servlet.ModelAndView org.springframework.boot.autoconfigure.web.BasicErrorController.errorHtml(javax.servlet.http.HttpServletRequest,javax.servlet.http.HttpServletResponse)
2020-06-21 17:11:40,007 [main] INFO  org.springframework.web.servlet.handler.SimpleUrlHandlerMapping - Mapped URL path [/webjars/**] onto handler of type [class org.springframework.web.servlet.resource.ResourceHttpRequestHandler]
2020-06-21 17:11:40,007 [main] INFO  org.springframework.web.servlet.handler.SimpleUrlHandlerMapping - Mapped URL path [/**] onto handler of type [class org.springframework.web.servlet.resource.ResourceHttpRequestHandler]
2020-06-21 17:11:40,034 [main] INFO  org.springframework.web.servlet.handler.SimpleUrlHandlerMapping - Mapped URL path [/**/favicon.ico] onto handler of type [class org.springframework.web.servlet.resource.ResourceHttpRequestHandler]
2020-06-21 17:11:40,544 [main] INFO  com.cathychen.ApplicationPortal.tests.serviceTest.ApplicationServiceTest - Started ApplicationServiceTest in 3.092 seconds (JVM running for 3.955)
2020-06-21 17:11:41,273 [Thread-2] INFO  org.springframework.web.context.support.GenericWebApplicationContext - Closing org.springframework.web.context.support.GenericWebApplicationContext@5e2c3d18: startup date [Sun Jun 21 17:11:38 CST 2020]; root of context hierarchy
2020-06-21 17:28:32,967 [main] INFO  com.cathychen.ApplicationPortal.tests.serviceTest.ApplicationServiceTest - Starting ApplicationServiceTest on Cathys-MacBook-Pro.local with PID 9852 (started by cathychen in /Users/cathychen/Downloads/OG)
2020-06-21 17:28:32,969 [main] INFO  com.cathychen.ApplicationPortal.tests.serviceTest.ApplicationServiceTest - No active profile set, falling back to default profiles: default
2020-06-21 17:28:33,219 [main] INFO  org.springframework.web.context.support.GenericWebApplicationContext - Refreshing org.springframework.web.context.support.GenericWebApplicationContext@5e2c3d18: startup date [Sun Jun 21 17:28:33 CST 2020]; root of context hierarchy
2020-06-21 17:28:33,290 [background-preinit] INFO  org.hibernate.validator.internal.util.Version - HV000001: Hibernate Validator 5.3.6.Final
2020-06-21 17:28:35,011 [main] INFO  o.springframework.web.servlet.mvc.method.annotation.RequestMappingHandlerAdapter - Looking for @ControllerAdvice: org.springframework.web.context.support.GenericWebApplicationContext@5e2c3d18: startup date [Sun Jun 21 17:28:33 CST 2020]; root of context hierarchy
2020-06-21 17:28:35,108 [main] INFO  o.springframework.web.servlet.mvc.method.annotation.RequestMappingHandlerMapping - Mapped "{[/]}" onto java.lang.String com.cathychen.ApplicationPortal.web.MainController.home()
2020-06-21 17:28:35,111 [main] INFO  o.springframework.web.servlet.mvc.method.annotation.RequestMappingHandlerMapping - Mapped "{[/user]}" onto public java.lang.String com.cathychen.ApplicationPortal.web.UserController.getIndex(org.springframework.ui.Model)
2020-06-21 17:28:35,113 [main] INFO  o.springframework.web.servlet.mvc.method.annotation.RequestMappingHandlerMapping - Mapped "{[/error]}" onto public org.springframework.http.ResponseEntity<java.util.Map<java.lang.String, java.lang.Object>> org.springframework.boot.autoconfigure.web.BasicErrorController.error(javax.servlet.http.HttpServletRequest)
2020-06-21 17:28:35,113 [main] INFO  o.springframework.web.servlet.mvc.method.annotation.RequestMappingHandlerMapping - Mapped "{[/error],produces=[text/html]}" onto public org.springframework.web.servlet.ModelAndView org.springframework.boot.autoconfigure.web.BasicErrorController.errorHtml(javax.servlet.http.HttpServletRequest,javax.servlet.http.HttpServletResponse)
2020-06-21 17:28:35,144 [main] INFO  org.springframework.web.servlet.handler.SimpleUrlHandlerMapping - Mapped URL path [/webjars/**] onto handler of type [class org.springframework.web.servlet.resource.ResourceHttpRequestHandler]
2020-06-21 17:28:35,144 [main] INFO  org.springframework.web.servlet.handler.SimpleUrlHandlerMapping - Mapped URL path [/**] onto handler of type [class org.springframework.web.servlet.resource.ResourceHttpRequestHandler]
2020-06-21 17:28:35,175 [main] INFO  org.springframework.web.servlet.handler.SimpleUrlHandlerMapping - Mapped URL path [/**/favicon.ico] onto handler of type [class org.springframework.web.servlet.resource.ResourceHttpRequestHandler]
2020-06-21 17:28:35,908 [main] INFO  com.cathychen.ApplicationPortal.tests.serviceTest.ApplicationServiceTest - Started ApplicationServiceTest in 3.525 seconds (JVM running for 4.242)
2020-06-21 17:28:36,748 [Thread-2] INFO  org.springframework.web.context.support.GenericWebApplicationContext - Closing org.springframework.web.context.support.GenericWebApplicationContext@5e2c3d18: startup date [Sun Jun 21 17:28:33 CST 2020]; root of context hierarchy
2020-06-21 17:29:11,335 [main] INFO  com.cathychen.ApplicationPortal.tests.serviceTest.ApplicationServiceTest - Starting ApplicationServiceTest on Cathys-MacBook-Pro.local with PID 9861 (started by cathychen in /Users/cathychen/Downloads/OG)
2020-06-21 17:29:11,336 [main] INFO  com.cathychen.ApplicationPortal.tests.serviceTest.ApplicationServiceTest - No active profile set, falling back to default profiles: default
2020-06-21 17:29:11,592 [main] INFO  org.springframework.web.context.support.GenericWebApplicationContext - Refreshing org.springframework.web.context.support.GenericWebApplicationContext@2cb4893b: startup date [Sun Jun 21 17:29:11 CST 2020]; root of context hierarchy
2020-06-21 17:29:11,712 [background-preinit] INFO  org.hibernate.validator.internal.util.Version - HV000001: Hibernate Validator 5.3.6.Final
2020-06-21 17:29:13,238 [main] INFO  o.springframework.web.servlet.mvc.method.annotation.RequestMappingHandlerAdapter - Looking for @ControllerAdvice: org.springframework.web.context.support.GenericWebApplicationContext@2cb4893b: startup date [Sun Jun 21 17:29:11 CST 2020]; root of context hierarchy
2020-06-21 17:29:13,307 [main] INFO  o.springframework.web.servlet.mvc.method.annotation.RequestMappingHandlerMapping - Mapped "{[/]}" onto java.lang.String com.cathychen.ApplicationPortal.web.MainController.home()
2020-06-21 17:29:13,308 [main] INFO  o.springframework.web.servlet.mvc.method.annotation.RequestMappingHandlerMapping - Mapped "{[/user]}" onto public java.lang.String com.cathychen.ApplicationPortal.web.UserController.getIndex(org.springframework.ui.Model)
2020-06-21 17:29:13,309 [main] INFO  o.springframework.web.servlet.mvc.method.annotation.RequestMappingHandlerMapping - Mapped "{[/error]}" onto public org.springframework.http.ResponseEntity<java.util.Map<java.lang.String, java.lang.Object>> org.springframework.boot.autoconfigure.web.BasicErrorController.error(javax.servlet.http.HttpServletRequest)
2020-06-21 17:29:13,310 [main] INFO  o.springframework.web.servlet.mvc.method.annotation.RequestMappingHandlerMapping - Mapped "{[/error],produces=[text/html]}" onto public org.springframework.web.servlet.ModelAndView org.springframework.boot.autoconfigure.web.BasicErrorController.errorHtml(javax.servlet.http.HttpServletRequest,javax.servlet.http.HttpServletResponse)
2020-06-21 17:29:13,334 [main] INFO  org.springframework.web.servlet.handler.SimpleUrlHandlerMapping - Mapped URL path [/webjars/**] onto handler of type [class org.springframework.web.servlet.resource.ResourceHttpRequestHandler]
2020-06-21 17:29:13,334 [main] INFO  org.springframework.web.servlet.handler.SimpleUrlHandlerMapping - Mapped URL path [/**] onto handler of type [class org.springframework.web.servlet.resource.ResourceHttpRequestHandler]
2020-06-21 17:29:13,362 [main] INFO  org.springframework.web.servlet.handler.SimpleUrlHandlerMapping - Mapped URL path [/**/favicon.ico] onto handler of type [class org.springframework.web.servlet.resource.ResourceHttpRequestHandler]
2020-06-21 17:29:13,827 [main] INFO  com.cathychen.ApplicationPortal.tests.serviceTest.ApplicationServiceTest - Started ApplicationServiceTest in 2.908 seconds (JVM running for 3.563)
2020-06-21 17:29:14,486 [Thread-2] INFO  org.springframework.web.context.support.GenericWebApplicationContext - Closing org.springframework.web.context.support.GenericWebApplicationContext@2cb4893b: startup date [Sun Jun 21 17:29:11 CST 2020]; root of context hierarchy
2020-06-21 18:00:17,561 [main] INFO  com.cathychen.ApplicationPortal.tests.serviceTest.ApplicationServiceTest - Starting ApplicationServiceTest on Cathys-MacBook-Pro.local with PID 9922 (started by cathychen in /Users/cathychen/Downloads/OG)
2020-06-21 18:00:17,562 [main] INFO  com.cathychen.ApplicationPortal.tests.serviceTest.ApplicationServiceTest - No active profile set, falling back to default profiles: default
2020-06-21 18:00:17,787 [main] INFO  org.springframework.web.context.support.GenericWebApplicationContext - Refreshing org.springframework.web.context.support.GenericWebApplicationContext@5e2c3d18: startup date [Sun Jun 21 18:00:17 CST 2020]; root of context hierarchy
2020-06-21 18:00:17,942 [background-preinit] INFO  org.hibernate.validator.internal.util.Version - HV000001: Hibernate Validator 5.3.6.Final
2020-06-21 18:00:19,496 [main] INFO  o.springframework.web.servlet.mvc.method.annotation.RequestMappingHandlerAdapter - Looking for @ControllerAdvice: org.springframework.web.context.support.GenericWebApplicationContext@5e2c3d18: startup date [Sun Jun 21 18:00:17 CST 2020]; root of context hierarchy
2020-06-21 18:00:19,572 [main] INFO  o.springframework.web.servlet.mvc.method.annotation.RequestMappingHandlerMapping - Mapped "{[/]}" onto java.lang.String com.cathychen.ApplicationPortal.web.MainController.home()
2020-06-21 18:00:19,574 [main] INFO  o.springframework.web.servlet.mvc.method.annotation.RequestMappingHandlerMapping - Mapped "{[/user]}" onto public java.lang.String com.cathychen.ApplicationPortal.web.UserController.getIndex(org.springframework.ui.Model)
2020-06-21 18:00:19,575 [main] INFO  o.springframework.web.servlet.mvc.method.annotation.RequestMappingHandlerMapping - Mapped "{[/error]}" onto public org.springframework.http.ResponseEntity<java.util.Map<java.lang.String, java.lang.Object>> org.springframework.boot.autoconfigure.web.BasicErrorController.error(javax.servlet.http.HttpServletRequest)
2020-06-21 18:00:19,576 [main] INFO  o.springframework.web.servlet.mvc.method.annotation.RequestMappingHandlerMapping - Mapped "{[/error],produces=[text/html]}" onto public org.springframework.web.servlet.ModelAndView org.springframework.boot.autoconfigure.web.BasicErrorController.errorHtml(javax.servlet.http.HttpServletRequest,javax.servlet.http.HttpServletResponse)
2020-06-21 18:00:19,599 [main] INFO  org.springframework.web.servlet.handler.SimpleUrlHandlerMapping - Mapped URL path [/webjars/**] onto handler of type [class org.springframework.web.servlet.resource.ResourceHttpRequestHandler]
2020-06-21 18:00:19,600 [main] INFO  org.springframework.web.servlet.handler.SimpleUrlHandlerMapping - Mapped URL path [/**] onto handler of type [class org.springframework.web.servlet.resource.ResourceHttpRequestHandler]
2020-06-21 18:00:19,630 [main] INFO  org.springframework.web.servlet.handler.SimpleUrlHandlerMapping - Mapped URL path [/**/favicon.ico] onto handler of type [class org.springframework.web.servlet.resource.ResourceHttpRequestHandler]
2020-06-21 18:00:20,145 [main] INFO  com.cathychen.ApplicationPortal.tests.serviceTest.ApplicationServiceTest - Started ApplicationServiceTest in 3.189 seconds (JVM running for 3.862)
2020-06-21 18:00:20,843 [Thread-2] INFO  org.springframework.web.context.support.GenericWebApplicationContext - Closing org.springframework.web.context.support.GenericWebApplicationContext@5e2c3d18: startup date [Sun Jun 21 18:00:17 CST 2020]; root of context hierarchy
2020-06-21 18:10:07,936 [main] INFO  com.cathychen.ApplicationPortal.tests.serviceTest.ApplicantServiceTest - Starting ApplicantServiceTest on Cathys-MacBook-Pro.local with PID 9936 (started by cathychen in /Users/cathychen/Downloads/OG)
2020-06-21 18:10:07,937 [main] INFO  com.cathychen.ApplicationPortal.tests.serviceTest.ApplicantServiceTest - No active profile set, falling back to default profiles: default
2020-06-21 18:10:08,154 [main] INFO  org.springframework.web.context.support.GenericWebApplicationContext - Refreshing org.springframework.web.context.support.GenericWebApplicationContext@5b218417: startup date [Sun Jun 21 18:10:08 CST 2020]; root of context hierarchy
2020-06-21 18:10:08,351 [background-preinit] INFO  org.hibernate.validator.internal.util.Version - HV000001: Hibernate Validator 5.3.6.Final
2020-06-21 18:10:09,844 [main] INFO  o.springframework.web.servlet.mvc.method.annotation.RequestMappingHandlerAdapter - Looking for @ControllerAdvice: org.springframework.web.context.support.GenericWebApplicationContext@5b218417: startup date [Sun Jun 21 18:10:08 CST 2020]; root of context hierarchy
2020-06-21 18:10:09,920 [main] INFO  o.springframework.web.servlet.mvc.method.annotation.RequestMappingHandlerMapping - Mapped "{[/]}" onto java.lang.String com.cathychen.ApplicationPortal.web.MainController.home()
2020-06-21 18:10:09,922 [main] INFO  o.springframework.web.servlet.mvc.method.annotation.RequestMappingHandlerMapping - Mapped "{[/user]}" onto public java.lang.String com.cathychen.ApplicationPortal.web.UserController.getIndex(org.springframework.ui.Model)
2020-06-21 18:10:09,923 [main] INFO  o.springframework.web.servlet.mvc.method.annotation.RequestMappingHandlerMapping - Mapped "{[/error]}" onto public org.springframework.http.ResponseEntity<java.util.Map<java.lang.String, java.lang.Object>> org.springframework.boot.autoconfigure.web.BasicErrorController.error(javax.servlet.http.HttpServletRequest)
2020-06-21 18:10:09,923 [main] INFO  o.springframework.web.servlet.mvc.method.annotation.RequestMappingHandlerMapping - Mapped "{[/error],produces=[text/html]}" onto public org.springframework.web.servlet.ModelAndView org.springframework.boot.autoconfigure.web.BasicErrorController.errorHtml(javax.servlet.http.HttpServletRequest,javax.servlet.http.HttpServletResponse)
2020-06-21 18:10:09,946 [main] INFO  org.springframework.web.servlet.handler.SimpleUrlHandlerMapping - Mapped URL path [/webjars/**] onto handler of type [class org.springframework.web.servlet.resource.ResourceHttpRequestHandler]
2020-06-21 18:10:09,946 [main] INFO  org.springframework.web.servlet.handler.SimpleUrlHandlerMapping - Mapped URL path [/**] onto handler of type [class org.springframework.web.servlet.resource.ResourceHttpRequestHandler]
2020-06-21 18:10:09,982 [main] INFO  org.springframework.web.servlet.handler.SimpleUrlHandlerMapping - Mapped URL path [/**/favicon.ico] onto handler of type [class org.springframework.web.servlet.resource.ResourceHttpRequestHandler]
2020-06-21 18:10:10,502 [main] INFO  com.cathychen.ApplicationPortal.tests.serviceTest.ApplicantServiceTest - Started ApplicantServiceTest in 3.13 seconds (JVM running for 3.902)
2020-06-21 18:10:11,162 [Thread-2] INFO  org.springframework.web.context.support.GenericWebApplicationContext - Closing org.springframework.web.context.support.GenericWebApplicationContext@5b218417: startup date [Sun Jun 21 18:10:08 CST 2020]; root of context hierarchy
2020-06-21 18:11:33,359 [main] INFO  com.cathychen.ApplicationPortal.tests.serviceTest.ApplicantServiceTest - Starting ApplicantServiceTest on Cathys-MacBook-Pro.local with PID 9940 (started by cathychen in /Users/cathychen/Downloads/OG)
2020-06-21 18:11:33,361 [main] INFO  com.cathychen.ApplicationPortal.tests.serviceTest.ApplicantServiceTest - No active profile set, falling back to default profiles: default
2020-06-21 18:11:33,629 [main] INFO  org.springframework.web.context.support.GenericWebApplicationContext - Refreshing org.springframework.web.context.support.GenericWebApplicationContext@645aa696: startup date [Sun Jun 21 18:11:33 CST 2020]; root of context hierarchy
2020-06-21 18:11:33,736 [background-preinit] INFO  org.hibernate.validator.internal.util.Version - HV000001: Hibernate Validator 5.3.6.Final
2020-06-21 18:11:35,341 [main] INFO  o.springframework.web.servlet.mvc.method.annotation.RequestMappingHandlerAdapter - Looking for @ControllerAdvice: org.springframework.web.context.support.GenericWebApplicationContext@645aa696: startup date [Sun Jun 21 18:11:33 CST 2020]; root of context hierarchy
2020-06-21 18:11:35,416 [main] INFO  o.springframework.web.servlet.mvc.method.annotation.RequestMappingHandlerMapping - Mapped "{[/]}" onto java.lang.String com.cathychen.ApplicationPortal.web.MainController.home()
2020-06-21 18:11:35,417 [main] INFO  o.springframework.web.servlet.mvc.method.annotation.RequestMappingHandlerMapping - Mapped "{[/user]}" onto public java.lang.String com.cathychen.ApplicationPortal.web.UserController.getIndex(org.springframework.ui.Model)
2020-06-21 18:11:35,419 [main] INFO  o.springframework.web.servlet.mvc.method.annotation.RequestMappingHandlerMapping - Mapped "{[/error]}" onto public org.springframework.http.ResponseEntity<java.util.Map<java.lang.String, java.lang.Object>> org.springframework.boot.autoconfigure.web.BasicErrorController.error(javax.servlet.http.HttpServletRequest)
2020-06-21 18:11:35,419 [main] INFO  o.springframework.web.servlet.mvc.method.annotation.RequestMappingHandlerMapping - Mapped "{[/error],produces=[text/html]}" onto public org.springframework.web.servlet.ModelAndView org.springframework.boot.autoconfigure.web.BasicErrorController.errorHtml(javax.servlet.http.HttpServletRequest,javax.servlet.http.HttpServletResponse)
2020-06-21 18:11:35,442 [main] INFO  org.springframework.web.servlet.handler.SimpleUrlHandlerMapping - Mapped URL path [/webjars/**] onto handler of type [class org.springframework.web.servlet.resource.ResourceHttpRequestHandler]
2020-06-21 18:11:35,442 [main] INFO  org.springframework.web.servlet.handler.SimpleUrlHandlerMapping - Mapped URL path [/**] onto handler of type [class org.springframework.web.servlet.resource.ResourceHttpRequestHandler]
2020-06-21 18:11:35,470 [main] INFO  org.springframework.web.servlet.handler.SimpleUrlHandlerMapping - Mapped URL path [/**/favicon.ico] onto handler of type [class org.springframework.web.servlet.resource.ResourceHttpRequestHandler]
2020-06-21 18:11:35,988 [main] INFO  com.cathychen.ApplicationPortal.tests.serviceTest.ApplicantServiceTest - Started ApplicantServiceTest in 3.105 seconds (JVM running for 3.756)
2020-06-21 18:11:36,674 [Thread-2] INFO  org.springframework.web.context.support.GenericWebApplicationContext - Closing org.springframework.web.context.support.GenericWebApplicationContext@645aa696: startup date [Sun Jun 21 18:11:33 CST 2020]; root of context hierarchy
2020-06-21 19:00:27,943 [main] INFO  com.cathychen.ApplicationPortal.tests.serviceTest.ReviewServiceTest - Starting ReviewServiceTest on Cathys-MacBook-Pro.local with PID 10037 (started by cathychen in /Users/cathychen/Downloads/OG)
2020-06-21 19:00:27,944 [main] INFO  com.cathychen.ApplicationPortal.tests.serviceTest.ReviewServiceTest - No active profile set, falling back to default profiles: default
2020-06-21 19:00:28,175 [main] INFO  org.springframework.web.context.support.GenericWebApplicationContext - Refreshing org.springframework.web.context.support.GenericWebApplicationContext@645aa696: startup date [Sun Jun 21 19:00:28 CST 2020]; root of context hierarchy
2020-06-21 19:00:28,299 [background-preinit] INFO  org.hibernate.validator.internal.util.Version - HV000001: Hibernate Validator 5.3.6.Final
2020-06-21 19:00:29,920 [main] INFO  o.springframework.web.servlet.mvc.method.annotation.RequestMappingHandlerAdapter - Looking for @ControllerAdvice: org.springframework.web.context.support.GenericWebApplicationContext@645aa696: startup date [Sun Jun 21 19:00:28 CST 2020]; root of context hierarchy
2020-06-21 19:00:30,000 [main] INFO  o.springframework.web.servlet.mvc.method.annotation.RequestMappingHandlerMapping - Mapped "{[/]}" onto java.lang.String com.cathychen.ApplicationPortal.web.MainController.home()
2020-06-21 19:00:30,002 [main] INFO  o.springframework.web.servlet.mvc.method.annotation.RequestMappingHandlerMapping - Mapped "{[/user]}" onto public java.lang.String com.cathychen.ApplicationPortal.web.UserController.getIndex(org.springframework.ui.Model)
2020-06-21 19:00:30,004 [main] INFO  o.springframework.web.servlet.mvc.method.annotation.RequestMappingHandlerMapping - Mapped "{[/error]}" onto public org.springframework.http.ResponseEntity<java.util.Map<java.lang.String, java.lang.Object>> org.springframework.boot.autoconfigure.web.BasicErrorController.error(javax.servlet.http.HttpServletRequest)
2020-06-21 19:00:30,004 [main] INFO  o.springframework.web.servlet.mvc.method.annotation.RequestMappingHandlerMapping - Mapped "{[/error],produces=[text/html]}" onto public org.springframework.web.servlet.ModelAndView org.springframework.boot.autoconfigure.web.BasicErrorController.errorHtml(javax.servlet.http.HttpServletRequest,javax.servlet.http.HttpServletResponse)
2020-06-21 19:00:30,037 [main] INFO  org.springframework.web.servlet.handler.SimpleUrlHandlerMapping - Mapped URL path [/webjars/**] onto handler of type [class org.springframework.web.servlet.resource.ResourceHttpRequestHandler]
2020-06-21 19:00:30,037 [main] INFO  org.springframework.web.servlet.handler.SimpleUrlHandlerMapping - Mapped URL path [/**] onto handler of type [class org.springframework.web.servlet.resource.ResourceHttpRequestHandler]
2020-06-21 19:00:30,086 [main] INFO  org.springframework.web.servlet.handler.SimpleUrlHandlerMapping - Mapped URL path [/**/favicon.ico] onto handler of type [class org.springframework.web.servlet.resource.ResourceHttpRequestHandler]
2020-06-21 19:00:30,697 [main] INFO  com.cathychen.ApplicationPortal.tests.serviceTest.ReviewServiceTest - Started ReviewServiceTest in 3.299 seconds (JVM running for 4.034)
2020-06-21 19:00:31,591 [Thread-2] INFO  org.springframework.web.context.support.GenericWebApplicationContext - Closing org.springframework.web.context.support.GenericWebApplicationContext@645aa696: startup date [Sun Jun 21 19:00:28 CST 2020]; root of context hierarchy
2020-06-21 19:09:59,036 [main] INFO  com.cathychen.ApplicationPortal.tests.serviceTest.ReviewServiceTest - Starting ReviewServiceTest on Cathys-MacBook-Pro.local with PID 10069 (started by cathychen in /Users/cathychen/Downloads/OG)
2020-06-21 19:09:59,037 [main] INFO  com.cathychen.ApplicationPortal.tests.serviceTest.ReviewServiceTest - No active profile set, falling back to default profiles: default
2020-06-21 19:09:59,332 [main] INFO  org.springframework.web.context.support.GenericWebApplicationContext - Refreshing org.springframework.web.context.support.GenericWebApplicationContext@645aa696: startup date [Sun Jun 21 19:09:59 CST 2020]; root of context hierarchy
2020-06-21 19:09:59,433 [background-preinit] INFO  org.hibernate.validator.internal.util.Version - HV000001: Hibernate Validator 5.3.6.Final
2020-06-21 19:10:01,110 [main] INFO  o.springframework.web.servlet.mvc.method.annotation.RequestMappingHandlerAdapter - Looking for @ControllerAdvice: org.springframework.web.context.support.GenericWebApplicationContext@645aa696: startup date [Sun Jun 21 19:09:59 CST 2020]; root of context hierarchy
2020-06-21 19:10:01,182 [main] INFO  o.springframework.web.servlet.mvc.method.annotation.RequestMappingHandlerMapping - Mapped "{[/]}" onto java.lang.String com.cathychen.ApplicationPortal.web.MainController.home()
2020-06-21 19:10:01,183 [main] INFO  o.springframework.web.servlet.mvc.method.annotation.RequestMappingHandlerMapping - Mapped "{[/user]}" onto public java.lang.String com.cathychen.ApplicationPortal.web.UserController.getIndex(org.springframework.ui.Model)
2020-06-21 19:10:01,184 [main] INFO  o.springframework.web.servlet.mvc.method.annotation.RequestMappingHandlerMapping - Mapped "{[/error]}" onto public org.springframework.http.ResponseEntity<java.util.Map<java.lang.String, java.lang.Object>> org.springframework.boot.autoconfigure.web.BasicErrorController.error(javax.servlet.http.HttpServletRequest)
2020-06-21 19:10:01,185 [main] INFO  o.springframework.web.servlet.mvc.method.annotation.RequestMappingHandlerMapping - Mapped "{[/error],produces=[text/html]}" onto public org.springframework.web.servlet.ModelAndView org.springframework.boot.autoconfigure.web.BasicErrorController.errorHtml(javax.servlet.http.HttpServletRequest,javax.servlet.http.HttpServletResponse)
2020-06-21 19:10:01,207 [main] INFO  org.springframework.web.servlet.handler.SimpleUrlHandlerMapping - Mapped URL path [/webjars/**] onto handler of type [class org.springframework.web.servlet.resource.ResourceHttpRequestHandler]
2020-06-21 19:10:01,207 [main] INFO  org.springframework.web.servlet.handler.SimpleUrlHandlerMapping - Mapped URL path [/**] onto handler of type [class org.springframework.web.servlet.resource.ResourceHttpRequestHandler]
2020-06-21 19:10:01,233 [main] INFO  org.springframework.web.servlet.handler.SimpleUrlHandlerMapping - Mapped URL path [/**/favicon.ico] onto handler of type [class org.springframework.web.servlet.resource.ResourceHttpRequestHandler]
2020-06-21 19:10:01,757 [main] INFO  com.cathychen.ApplicationPortal.tests.serviceTest.ReviewServiceTest - Started ReviewServiceTest in 3.445 seconds (JVM running for 4.109)
2020-06-21 19:10:02,485 [Thread-2] INFO  org.springframework.web.context.support.GenericWebApplicationContext - Closing org.springframework.web.context.support.GenericWebApplicationContext@645aa696: startup date [Sun Jun 21 19:09:59 CST 2020]; root of context hierarchy
2020-06-21 19:14:48,580 [main] INFO  com.cathychen.ApplicationPortal.tests.serviceTest.ReviewServiceTest - Starting ReviewServiceTest on Cathys-MacBook-Pro.local with PID 10080 (started by cathychen in /Users/cathychen/Downloads/OG)
2020-06-21 19:14:48,581 [main] INFO  com.cathychen.ApplicationPortal.tests.serviceTest.ReviewServiceTest - No active profile set, falling back to default profiles: default
2020-06-21 19:14:48,800 [main] INFO  org.springframework.web.context.support.GenericWebApplicationContext - Refreshing org.springframework.web.context.support.GenericWebApplicationContext@6caf0677: startup date [Sun Jun 21 19:14:48 CST 2020]; root of context hierarchy
2020-06-21 19:14:48,882 [background-preinit] INFO  org.hibernate.validator.internal.util.Version - HV000001: Hibernate Validator 5.3.6.Final
2020-06-21 19:14:50,449 [main] INFO  o.springframework.web.servlet.mvc.method.annotation.RequestMappingHandlerAdapter - Looking for @ControllerAdvice: org.springframework.web.context.support.GenericWebApplicationContext@6caf0677: startup date [Sun Jun 21 19:14:48 CST 2020]; root of context hierarchy
2020-06-21 19:14:50,511 [main] INFO  o.springframework.web.servlet.mvc.method.annotation.RequestMappingHandlerMapping - Mapped "{[/]}" onto java.lang.String com.cathychen.ApplicationPortal.web.MainController.home()
2020-06-21 19:14:50,513 [main] INFO  o.springframework.web.servlet.mvc.method.annotation.RequestMappingHandlerMapping - Mapped "{[/user]}" onto public java.lang.String com.cathychen.ApplicationPortal.web.UserController.getIndex(org.springframework.ui.Model)
2020-06-21 19:14:50,514 [main] INFO  o.springframework.web.servlet.mvc.method.annotation.RequestMappingHandlerMapping - Mapped "{[/error]}" onto public org.springframework.http.ResponseEntity<java.util.Map<java.lang.String, java.lang.Object>> org.springframework.boot.autoconfigure.web.BasicErrorController.error(javax.servlet.http.HttpServletRequest)
2020-06-21 19:14:50,515 [main] INFO  o.springframework.web.servlet.mvc.method.annotation.RequestMappingHandlerMapping - Mapped "{[/error],produces=[text/html]}" onto public org.springframework.web.servlet.ModelAndView org.springframework.boot.autoconfigure.web.BasicErrorController.errorHtml(javax.servlet.http.HttpServletRequest,javax.servlet.http.HttpServletResponse)
2020-06-21 19:14:50,537 [main] INFO  org.springframework.web.servlet.handler.SimpleUrlHandlerMapping - Mapped URL path [/webjars/**] onto handler of type [class org.springframework.web.servlet.resource.ResourceHttpRequestHandler]
2020-06-21 19:14:50,537 [main] INFO  org.springframework.web.servlet.handler.SimpleUrlHandlerMapping - Mapped URL path [/**] onto handler of type [class org.springframework.web.servlet.resource.ResourceHttpRequestHandler]
2020-06-21 19:14:50,564 [main] INFO  org.springframework.web.servlet.handler.SimpleUrlHandlerMapping - Mapped URL path [/**/favicon.ico] onto handler of type [class org.springframework.web.servlet.resource.ResourceHttpRequestHandler]
2020-06-21 19:14:51,054 [main] INFO  com.cathychen.ApplicationPortal.tests.serviceTest.ReviewServiceTest - Started ReviewServiceTest in 2.999 seconds (JVM running for 3.643)
2020-06-21 19:14:51,732 [Thread-2] INFO  org.springframework.web.context.support.GenericWebApplicationContext - Closing org.springframework.web.context.support.GenericWebApplicationContext@6caf0677: startup date [Sun Jun 21 19:14:48 CST 2020]; root of context hierarchy
2020-06-21 19:25:01,797 [main] INFO  com.cathychen.ApplicationPortal.tests.serviceTest.ReviewServiceTest - Starting ReviewServiceTest on Cathys-MacBook-Pro.local with PID 10099 (started by cathychen in /Users/cathychen/Downloads/OG)
2020-06-21 19:25:01,800 [main] INFO  com.cathychen.ApplicationPortal.tests.serviceTest.ReviewServiceTest - No active profile set, falling back to default profiles: default
2020-06-21 19:25:02,064 [main] INFO  org.springframework.web.context.support.GenericWebApplicationContext - Refreshing org.springframework.web.context.support.GenericWebApplicationContext@6caf0677: startup date [Sun Jun 21 19:25:02 CST 2020]; root of context hierarchy
2020-06-21 19:25:02,197 [background-preinit] INFO  org.hibernate.validator.internal.util.Version - HV000001: Hibernate Validator 5.3.6.Final
2020-06-21 19:25:03,950 [main] INFO  o.springframework.web.servlet.mvc.method.annotation.RequestMappingHandlerAdapter - Looking for @ControllerAdvice: org.springframework.web.context.support.GenericWebApplicationContext@6caf0677: startup date [Sun Jun 21 19:25:02 CST 2020]; root of context hierarchy
2020-06-21 19:25:04,027 [main] INFO  o.springframework.web.servlet.mvc.method.annotation.RequestMappingHandlerMapping - Mapped "{[/]}" onto java.lang.String com.cathychen.ApplicationPortal.web.MainController.home()
2020-06-21 19:25:04,029 [main] INFO  o.springframework.web.servlet.mvc.method.annotation.RequestMappingHandlerMapping - Mapped "{[/user]}" onto public java.lang.String com.cathychen.ApplicationPortal.web.UserController.getIndex(org.springframework.ui.Model)
2020-06-21 19:25:04,030 [main] INFO  o.springframework.web.servlet.mvc.method.annotation.RequestMappingHandlerMapping - Mapped "{[/error]}" onto public org.springframework.http.ResponseEntity<java.util.Map<java.lang.String, java.lang.Object>> org.springframework.boot.autoconfigure.web.BasicErrorController.error(javax.servlet.http.HttpServletRequest)
2020-06-21 19:25:04,031 [main] INFO  o.springframework.web.servlet.mvc.method.annotation.RequestMappingHandlerMapping - Mapped "{[/error],produces=[text/html]}" onto public org.springframework.web.servlet.ModelAndView org.springframework.boot.autoconfigure.web.BasicErrorController.errorHtml(javax.servlet.http.HttpServletRequest,javax.servlet.http.HttpServletResponse)
2020-06-21 19:25:04,106 [main] INFO  org.springframework.web.servlet.handler.SimpleUrlHandlerMapping - Mapped URL path [/webjars/**] onto handler of type [class org.springframework.web.servlet.resource.ResourceHttpRequestHandler]
2020-06-21 19:25:04,106 [main] INFO  org.springframework.web.servlet.handler.SimpleUrlHandlerMapping - Mapped URL path [/**] onto handler of type [class org.springframework.web.servlet.resource.ResourceHttpRequestHandler]
2020-06-21 19:25:04,153 [main] INFO  org.springframework.web.servlet.handler.SimpleUrlHandlerMapping - Mapped URL path [/**/favicon.ico] onto handler of type [class org.springframework.web.servlet.resource.ResourceHttpRequestHandler]
2020-06-21 19:25:04,821 [main] INFO  com.cathychen.ApplicationPortal.tests.serviceTest.ReviewServiceTest - Started ReviewServiceTest in 3.74 seconds (JVM running for 4.414)
2020-06-21 19:25:05,504 [Thread-2] INFO  org.springframework.web.context.support.GenericWebApplicationContext - Closing org.springframework.web.context.support.GenericWebApplicationContext@6caf0677: startup date [Sun Jun 21 19:25:02 CST 2020]; root of context hierarchy
2020-06-21 19:26:35,712 [main] INFO  com.cathychen.ApplicationPortal.tests.serviceTest.ReviewServiceTest - Starting ReviewServiceTest on Cathys-MacBook-Pro.local with PID 10105 (started by cathychen in /Users/cathychen/Downloads/OG)
2020-06-21 19:26:35,713 [main] INFO  com.cathychen.ApplicationPortal.tests.serviceTest.ReviewServiceTest - No active profile set, falling back to default profiles: default
2020-06-21 19:26:35,919 [main] INFO  org.springframework.web.context.support.GenericWebApplicationContext - Refreshing org.springframework.web.context.support.GenericWebApplicationContext@16eb3ea3: startup date [Sun Jun 21 19:26:35 CST 2020]; root of context hierarchy
2020-06-21 19:26:36,076 [background-preinit] INFO  org.hibernate.validator.internal.util.Version - HV000001: Hibernate Validator 5.3.6.Final
2020-06-21 19:26:37,646 [main] INFO  o.springframework.web.servlet.mvc.method.annotation.RequestMappingHandlerAdapter - Looking for @ControllerAdvice: org.springframework.web.context.support.GenericWebApplicationContext@16eb3ea3: startup date [Sun Jun 21 19:26:35 CST 2020]; root of context hierarchy
2020-06-21 19:26:37,718 [main] INFO  o.springframework.web.servlet.mvc.method.annotation.RequestMappingHandlerMapping - Mapped "{[/]}" onto java.lang.String com.cathychen.ApplicationPortal.web.MainController.home()
2020-06-21 19:26:37,719 [main] INFO  o.springframework.web.servlet.mvc.method.annotation.RequestMappingHandlerMapping - Mapped "{[/user]}" onto public java.lang.String com.cathychen.ApplicationPortal.web.UserController.getIndex(org.springframework.ui.Model)
2020-06-21 19:26:37,720 [main] INFO  o.springframework.web.servlet.mvc.method.annotation.RequestMappingHandlerMapping - Mapped "{[/error]}" onto public org.springframework.http.ResponseEntity<java.util.Map<java.lang.String, java.lang.Object>> org.springframework.boot.autoconfigure.web.BasicErrorController.error(javax.servlet.http.HttpServletRequest)
2020-06-21 19:26:37,721 [main] INFO  o.springframework.web.servlet.mvc.method.annotation.RequestMappingHandlerMapping - Mapped "{[/error],produces=[text/html]}" onto public org.springframework.web.servlet.ModelAndView org.springframework.boot.autoconfigure.web.BasicErrorController.errorHtml(javax.servlet.http.HttpServletRequest,javax.servlet.http.HttpServletResponse)
2020-06-21 19:26:37,742 [main] INFO  org.springframework.web.servlet.handler.SimpleUrlHandlerMapping - Mapped URL path [/webjars/**] onto handler of type [class org.springframework.web.servlet.resource.ResourceHttpRequestHandler]
2020-06-21 19:26:37,743 [main] INFO  org.springframework.web.servlet.handler.SimpleUrlHandlerMapping - Mapped URL path [/**] onto handler of type [class org.springframework.web.servlet.resource.ResourceHttpRequestHandler]
2020-06-21 19:26:37,772 [main] INFO  org.springframework.web.servlet.handler.SimpleUrlHandlerMapping - Mapped URL path [/**/favicon.ico] onto handler of type [class org.springframework.web.servlet.resource.ResourceHttpRequestHandler]
2020-06-21 19:26:38,374 [main] INFO  com.cathychen.ApplicationPortal.tests.serviceTest.ReviewServiceTest - Started ReviewServiceTest in 3.085 seconds (JVM running for 3.743)
2020-06-21 19:26:39,047 [Thread-2] INFO  org.springframework.web.context.support.GenericWebApplicationContext - Closing org.springframework.web.context.support.GenericWebApplicationContext@16eb3ea3: startup date [Sun Jun 21 19:26:35 CST 2020]; root of context hierarchy
2020-06-21 19:26:58,952 [main] INFO  com.cathychen.ApplicationPortal.tests.serviceTest.ReviewServiceTest - Starting ReviewServiceTest on Cathys-MacBook-Pro.local with PID 10108 (started by cathychen in /Users/cathychen/Downloads/OG)
2020-06-21 19:26:58,953 [main] INFO  com.cathychen.ApplicationPortal.tests.serviceTest.ReviewServiceTest - No active profile set, falling back to default profiles: default
2020-06-21 19:26:59,190 [main] INFO  org.springframework.web.context.support.GenericWebApplicationContext - Refreshing org.springframework.web.context.support.GenericWebApplicationContext@16eb3ea3: startup date [Sun Jun 21 19:26:59 CST 2020]; root of context hierarchy
2020-06-21 19:26:59,320 [background-preinit] INFO  org.hibernate.validator.internal.util.Version - HV000001: Hibernate Validator 5.3.6.Final
2020-06-21 19:27:00,922 [main] INFO  o.springframework.web.servlet.mvc.method.annotation.RequestMappingHandlerAdapter - Looking for @ControllerAdvice: org.springframework.web.context.support.GenericWebApplicationContext@16eb3ea3: startup date [Sun Jun 21 19:26:59 CST 2020]; root of context hierarchy
2020-06-21 19:27:00,971 [main] INFO  o.springframework.web.servlet.mvc.method.annotation.RequestMappingHandlerMapping - Mapped "{[/]}" onto java.lang.String com.cathychen.ApplicationPortal.web.MainController.home()
2020-06-21 19:27:00,972 [main] INFO  o.springframework.web.servlet.mvc.method.annotation.RequestMappingHandlerMapping - Mapped "{[/user]}" onto public java.lang.String com.cathychen.ApplicationPortal.web.UserController.getIndex(org.springframework.ui.Model)
2020-06-21 19:27:00,974 [main] INFO  o.springframework.web.servlet.mvc.method.annotation.RequestMappingHandlerMapping - Mapped "{[/error]}" onto public org.springframework.http.ResponseEntity<java.util.Map<java.lang.String, java.lang.Object>> org.springframework.boot.autoconfigure.web.BasicErrorController.error(javax.servlet.http.HttpServletRequest)
2020-06-21 19:27:00,974 [main] INFO  o.springframework.web.servlet.mvc.method.annotation.RequestMappingHandlerMapping - Mapped "{[/error],produces=[text/html]}" onto public org.springframework.web.servlet.ModelAndView org.springframework.boot.autoconfigure.web.BasicErrorController.errorHtml(javax.servlet.http.HttpServletRequest,javax.servlet.http.HttpServletResponse)
2020-06-21 19:27:00,998 [main] INFO  org.springframework.web.servlet.handler.SimpleUrlHandlerMapping - Mapped URL path [/webjars/**] onto handler of type [class org.springframework.web.servlet.resource.ResourceHttpRequestHandler]
2020-06-21 19:27:00,999 [main] INFO  org.springframework.web.servlet.handler.SimpleUrlHandlerMapping - Mapped URL path [/**] onto handler of type [class org.springframework.web.servlet.resource.ResourceHttpRequestHandler]
2020-06-21 19:27:01,025 [main] INFO  org.springframework.web.servlet.handler.SimpleUrlHandlerMapping - Mapped URL path [/**/favicon.ico] onto handler of type [class org.springframework.web.servlet.resource.ResourceHttpRequestHandler]
2020-06-21 19:27:01,526 [main] INFO  com.cathychen.ApplicationPortal.tests.serviceTest.ReviewServiceTest - Started ReviewServiceTest in 2.988 seconds (JVM running for 3.638)
2020-06-21 19:27:02,170 [Thread-2] INFO  org.springframework.web.context.support.GenericWebApplicationContext - Closing org.springframework.web.context.support.GenericWebApplicationContext@16eb3ea3: startup date [Sun Jun 21 19:26:59 CST 2020]; root of context hierarchy
2020-06-21 19:31:21,607 [main] INFO  com.cathychen.ApplicationPortal.tests.serviceTest.ReviewServiceTest - Starting ReviewServiceTest on Cathys-MacBook-Pro.local with PID 10115 (started by cathychen in /Users/cathychen/Downloads/OG)
2020-06-21 19:31:21,608 [main] INFO  com.cathychen.ApplicationPortal.tests.serviceTest.ReviewServiceTest - No active profile set, falling back to default profiles: default
2020-06-21 19:31:21,831 [main] INFO  org.springframework.web.context.support.GenericWebApplicationContext - Refreshing org.springframework.web.context.support.GenericWebApplicationContext@273444fe: startup date [Sun Jun 21 19:31:21 CST 2020]; root of context hierarchy
2020-06-21 19:31:21,967 [background-preinit] INFO  org.hibernate.validator.internal.util.Version - HV000001: Hibernate Validator 5.3.6.Final
2020-06-21 19:31:23,526 [main] INFO  o.springframework.web.servlet.mvc.method.annotation.RequestMappingHandlerAdapter - Looking for @ControllerAdvice: org.springframework.web.context.support.GenericWebApplicationContext@273444fe: startup date [Sun Jun 21 19:31:21 CST 2020]; root of context hierarchy
2020-06-21 19:31:23,597 [main] INFO  o.springframework.web.servlet.mvc.method.annotation.RequestMappingHandlerMapping - Mapped "{[/]}" onto java.lang.String com.cathychen.ApplicationPortal.web.MainController.home()
2020-06-21 19:31:23,599 [main] INFO  o.springframework.web.servlet.mvc.method.annotation.RequestMappingHandlerMapping - Mapped "{[/user]}" onto public java.lang.String com.cathychen.ApplicationPortal.web.UserController.getIndex(org.springframework.ui.Model)
2020-06-21 19:31:23,600 [main] INFO  o.springframework.web.servlet.mvc.method.annotation.RequestMappingHandlerMapping - Mapped "{[/error]}" onto public org.springframework.http.ResponseEntity<java.util.Map<java.lang.String, java.lang.Object>> org.springframework.boot.autoconfigure.web.BasicErrorController.error(javax.servlet.http.HttpServletRequest)
2020-06-21 19:31:23,600 [main] INFO  o.springframework.web.servlet.mvc.method.annotation.RequestMappingHandlerMapping - Mapped "{[/error],produces=[text/html]}" onto public org.springframework.web.servlet.ModelAndView org.springframework.boot.autoconfigure.web.BasicErrorController.errorHtml(javax.servlet.http.HttpServletRequest,javax.servlet.http.HttpServletResponse)
2020-06-21 19:31:23,621 [main] INFO  org.springframework.web.servlet.handler.SimpleUrlHandlerMapping - Mapped URL path [/webjars/**] onto handler of type [class org.springframework.web.servlet.resource.ResourceHttpRequestHandler]
2020-06-21 19:31:23,622 [main] INFO  org.springframework.web.servlet.handler.SimpleUrlHandlerMapping - Mapped URL path [/**] onto handler of type [class org.springframework.web.servlet.resource.ResourceHttpRequestHandler]
2020-06-21 19:31:23,648 [main] INFO  org.springframework.web.servlet.handler.SimpleUrlHandlerMapping - Mapped URL path [/**/favicon.ico] onto handler of type [class org.springframework.web.servlet.resource.ResourceHttpRequestHandler]
2020-06-21 19:31:24,131 [main] INFO  com.cathychen.ApplicationPortal.tests.serviceTest.ReviewServiceTest - Started ReviewServiceTest in 3.055 seconds (JVM running for 3.702)
2020-06-21 19:31:24,808 [Thread-2] INFO  org.springframework.web.context.support.GenericWebApplicationContext - Closing org.springframework.web.context.support.GenericWebApplicationContext@273444fe: startup date [Sun Jun 21 19:31:21 CST 2020]; root of context hierarchy
2020-06-21 19:33:45,713 [main] INFO  com.cathychen.ApplicationPortal.tests.serviceTest.ReviewServiceTest - Starting ReviewServiceTest on Cathys-MacBook-Pro.local with PID 10119 (started by cathychen in /Users/cathychen/Downloads/OG)
2020-06-21 19:33:45,714 [main] INFO  com.cathychen.ApplicationPortal.tests.serviceTest.ReviewServiceTest - No active profile set, falling back to default profiles: default
2020-06-21 19:33:45,998 [main] INFO  org.springframework.web.context.support.GenericWebApplicationContext - Refreshing org.springframework.web.context.support.GenericWebApplicationContext@16eb3ea3: startup date [Sun Jun 21 19:33:45 CST 2020]; root of context hierarchy
2020-06-21 19:33:46,107 [background-preinit] INFO  org.hibernate.validator.internal.util.Version - HV000001: Hibernate Validator 5.3.6.Final
2020-06-21 19:33:47,673 [main] INFO  o.springframework.web.servlet.mvc.method.annotation.RequestMappingHandlerAdapter - Looking for @ControllerAdvice: org.springframework.web.context.support.GenericWebApplicationContext@16eb3ea3: startup date [Sun Jun 21 19:33:45 CST 2020]; root of context hierarchy
2020-06-21 19:33:47,729 [main] INFO  o.springframework.web.servlet.mvc.method.annotation.RequestMappingHandlerMapping - Mapped "{[/]}" onto java.lang.String com.cathychen.ApplicationPortal.web.MainController.home()
2020-06-21 19:33:47,731 [main] INFO  o.springframework.web.servlet.mvc.method.annotation.RequestMappingHandlerMapping - Mapped "{[/user]}" onto public java.lang.String com.cathychen.ApplicationPortal.web.UserController.getIndex(org.springframework.ui.Model)
2020-06-21 19:33:47,732 [main] INFO  o.springframework.web.servlet.mvc.method.annotation.RequestMappingHandlerMapping - Mapped "{[/error]}" onto public org.springframework.http.ResponseEntity<java.util.Map<java.lang.String, java.lang.Object>> org.springframework.boot.autoconfigure.web.BasicErrorController.error(javax.servlet.http.HttpServletRequest)
2020-06-21 19:33:47,733 [main] INFO  o.springframework.web.servlet.mvc.method.annotation.RequestMappingHandlerMapping - Mapped "{[/error],produces=[text/html]}" onto public org.springframework.web.servlet.ModelAndView org.springframework.boot.autoconfigure.web.BasicErrorController.errorHtml(javax.servlet.http.HttpServletRequest,javax.servlet.http.HttpServletResponse)
2020-06-21 19:33:47,754 [main] INFO  org.springframework.web.servlet.handler.SimpleUrlHandlerMapping - Mapped URL path [/webjars/**] onto handler of type [class org.springframework.web.servlet.resource.ResourceHttpRequestHandler]
2020-06-21 19:33:47,754 [main] INFO  org.springframework.web.servlet.handler.SimpleUrlHandlerMapping - Mapped URL path [/**] onto handler of type [class org.springframework.web.servlet.resource.ResourceHttpRequestHandler]
2020-06-21 19:33:47,782 [main] INFO  org.springframework.web.servlet.handler.SimpleUrlHandlerMapping - Mapped URL path [/**/favicon.ico] onto handler of type [class org.springframework.web.servlet.resource.ResourceHttpRequestHandler]
2020-06-21 19:33:48,286 [main] INFO  com.cathychen.ApplicationPortal.tests.serviceTest.ReviewServiceTest - Started ReviewServiceTest in 3.148 seconds (JVM running for 3.808)
2020-06-21 19:33:49,005 [Thread-2] INFO  org.springframework.web.context.support.GenericWebApplicationContext - Closing org.springframework.web.context.support.GenericWebApplicationContext@16eb3ea3: startup date [Sun Jun 21 19:33:45 CST 2020]; root of context hierarchy
