2020-06-18 15:31:16,444 [main] INFO  com.cathychen.ApplicationPortal.tests.serviceTest.ReviewerServiceTest - Starting ReviewerServiceTest on Cathys-MacBook-Pro.local with PID 5059 (started by cathychen in /Users/cathychen/Downloads/OG)
2020-06-18 15:31:16,445 [main] INFO  com.cathychen.ApplicationPortal.tests.serviceTest.ReviewerServiceTest - No active profile set, falling back to default profiles: default
2020-06-18 15:31:16,710 [main] INFO  org.springframework.web.context.support.GenericWebApplicationContext - Refreshing org.springframework.web.context.support.GenericWebApplicationContext@48075da3: startup date [Thu Jun 18 15:31:16 CST 2020]; root of context hierarchy
2020-06-18 15:31:16,826 [background-preinit] INFO  org.hibernate.validator.internal.util.Version - HV000001: Hibernate Validator 5.3.6.Final
2020-06-18 15:31:18,126 [main] INFO  o.s.boot.autoconfigure.logging.AutoConfigurationReportLoggingInitializer - 

Error starting ApplicationContext. To display the auto-configuration report re-run your application with 'debug' enabled.
2020-06-18 15:32:22,040 [main] INFO  com.cathychen.ApplicationPortal.tests.serviceTest.ReviewerServiceTest - Starting ReviewerServiceTest on Cathys-MacBook-Pro.local with PID 5063 (started by cathychen in /Users/cathychen/Downloads/OG)
2020-06-18 15:32:22,042 [main] INFO  com.cathychen.ApplicationPortal.tests.serviceTest.ReviewerServiceTest - No active profile set, falling back to default profiles: default
2020-06-18 15:32:22,297 [main] INFO  org.springframework.web.context.support.GenericWebApplicationContext - Refreshing org.springframework.web.context.support.GenericWebApplicationContext@48075da3: startup date [Thu Jun 18 15:32:22 CST 2020]; root of context hierarchy
2020-06-18 15:32:22,365 [background-preinit] INFO  org.hibernate.validator.internal.util.Version - HV000001: Hibernate Validator 5.3.6.Final
2020-06-18 15:32:23,595 [main] INFO  o.s.boot.autoconfigure.logging.AutoConfigurationReportLoggingInitializer - 

Error starting ApplicationContext. To display the auto-configuration report re-run your application with 'debug' enabled.
2020-06-18 15:33:28,767 [main] INFO  com.cathychen.ApplicationPortal.tests.serviceTest.ReviewerServiceTest - Starting ReviewerServiceTest on Cathys-MacBook-Pro.local with PID 5065 (started by cathychen in /Users/cathychen/Downloads/OG)
2020-06-18 15:33:28,768 [main] INFO  com.cathychen.ApplicationPortal.tests.serviceTest.ReviewerServiceTest - No active profile set, falling back to default profiles: default
2020-06-18 15:33:29,037 [main] INFO  org.springframework.web.context.support.GenericWebApplicationContext - Refreshing org.springframework.web.context.support.GenericWebApplicationContext@48075da3: startup date [Thu Jun 18 15:33:29 CST 2020]; root of context hierarchy
2020-06-18 15:33:29,092 [background-preinit] INFO  org.hibernate.validator.internal.util.Version - HV000001: Hibernate Validator 5.3.6.Final
2020-06-18 15:33:30,185 [main] INFO  o.s.boot.autoconfigure.logging.AutoConfigurationReportLoggingInitializer - 

Error starting ApplicationContext. To display the auto-configuration report re-run your application with 'debug' enabled.
2020-06-18 15:35:42,492 [main] INFO  com.cathychen.ApplicationPortal.tests.serviceTest.ReviewerServiceTest - Starting ReviewerServiceTest on Cathys-MacBook-Pro.local with PID 5071 (started by cathychen in /Users/cathychen/Downloads/OG)
2020-06-18 15:35:42,494 [main] INFO  com.cathychen.ApplicationPortal.tests.serviceTest.ReviewerServiceTest - No active profile set, falling back to default profiles: default
2020-06-18 15:35:42,756 [main] INFO  org.springframework.web.context.support.GenericWebApplicationContext - Refreshing org.springframework.web.context.support.GenericWebApplicationContext@48075da3: startup date [Thu Jun 18 15:35:42 CST 2020]; root of context hierarchy
2020-06-18 15:35:42,835 [background-preinit] INFO  org.hibernate.validator.internal.util.Version - HV000001: Hibernate Validator 5.3.6.Final
2020-06-18 15:35:44,464 [main] INFO  o.springframework.web.servlet.mvc.method.annotation.RequestMappingHandlerAdapter - Looking for @ControllerAdvice: org.springframework.web.context.support.GenericWebApplicationContext@48075da3: startup date [Thu Jun 18 15:35:42 CST 2020]; root of context hierarchy
2020-06-18 15:35:44,543 [main] INFO  o.springframework.web.servlet.mvc.method.annotation.RequestMappingHandlerMapping - Mapped "{[/]}" onto java.lang.String com.cathychen.ApplicationPortal.web.MainController.home()
2020-06-18 15:35:44,545 [main] INFO  o.springframework.web.servlet.mvc.method.annotation.RequestMappingHandlerMapping - Mapped "{[/user]}" onto public java.lang.String com.cathychen.ApplicationPortal.web.UserController.getIndex(org.springframework.ui.Model)
2020-06-18 15:35:44,546 [main] INFO  o.springframework.web.servlet.mvc.method.annotation.RequestMappingHandlerMapping - Mapped "{[/error]}" onto public org.springframework.http.ResponseEntity<java.util.Map<java.lang.String, java.lang.Object>> org.springframework.boot.autoconfigure.web.BasicErrorController.error(javax.servlet.http.HttpServletRequest)
2020-06-18 15:35:44,546 [main] INFO  o.springframework.web.servlet.mvc.method.annotation.RequestMappingHandlerMapping - Mapped "{[/error],produces=[text/html]}" onto public org.springframework.web.servlet.ModelAndView org.springframework.boot.autoconfigure.web.BasicErrorController.errorHtml(javax.servlet.http.HttpServletRequest,javax.servlet.http.HttpServletResponse)
2020-06-18 15:35:44,572 [main] INFO  org.springframework.web.servlet.handler.SimpleUrlHandlerMapping - Mapped URL path [/webjars/**] onto handler of type [class org.springframework.web.servlet.resource.ResourceHttpRequestHandler]
2020-06-18 15:35:44,572 [main] INFO  org.springframework.web.servlet.handler.SimpleUrlHandlerMapping - Mapped URL path [/**] onto handler of type [class org.springframework.web.servlet.resource.ResourceHttpRequestHandler]
2020-06-18 15:35:44,601 [main] INFO  org.springframework.web.servlet.handler.SimpleUrlHandlerMapping - Mapped URL path [/**/favicon.ico] onto handler of type [class org.springframework.web.servlet.resource.ResourceHttpRequestHandler]
2020-06-18 15:35:45,172 [main] INFO  com.cathychen.ApplicationPortal.tests.serviceTest.ReviewerServiceTest - Started ReviewerServiceTest in 3.109 seconds (JVM running for 3.792)
2020-06-18 15:35:45,980 [Thread-2] INFO  org.springframework.web.context.support.GenericWebApplicationContext - Closing org.springframework.web.context.support.GenericWebApplicationContext@48075da3: startup date [Thu Jun 18 15:35:42 CST 2020]; root of context hierarchy
2020-06-18 15:35:57,213 [main] INFO  com.cathychen.ApplicationPortal.tests.serviceTest.ReviewerServiceTest - Starting ReviewerServiceTest on Cathys-MacBook-Pro.local with PID 5075 (started by cathychen in /Users/cathychen/Downloads/OG)
2020-06-18 15:35:57,214 [main] INFO  com.cathychen.ApplicationPortal.tests.serviceTest.ReviewerServiceTest - No active profile set, falling back to default profiles: default
2020-06-18 15:35:57,417 [main] INFO  org.springframework.web.context.support.GenericWebApplicationContext - Refreshing org.springframework.web.context.support.GenericWebApplicationContext@48075da3: startup date [Thu Jun 18 15:35:57 CST 2020]; root of context hierarchy
2020-06-18 15:35:57,548 [background-preinit] INFO  org.hibernate.validator.internal.util.Version - HV000001: Hibernate Validator 5.3.6.Final
2020-06-18 15:35:58,966 [main] INFO  o.springframework.web.servlet.mvc.method.annotation.RequestMappingHandlerAdapter - Looking for @ControllerAdvice: org.springframework.web.context.support.GenericWebApplicationContext@48075da3: startup date [Thu Jun 18 15:35:57 CST 2020]; root of context hierarchy
2020-06-18 15:35:59,029 [main] INFO  o.springframework.web.servlet.mvc.method.annotation.RequestMappingHandlerMapping - Mapped "{[/]}" onto java.lang.String com.cathychen.ApplicationPortal.web.MainController.home()
2020-06-18 15:35:59,030 [main] INFO  o.springframework.web.servlet.mvc.method.annotation.RequestMappingHandlerMapping - Mapped "{[/user]}" onto public java.lang.String com.cathychen.ApplicationPortal.web.UserController.getIndex(org.springframework.ui.Model)
2020-06-18 15:35:59,032 [main] INFO  o.springframework.web.servlet.mvc.method.annotation.RequestMappingHandlerMapping - Mapped "{[/error]}" onto public org.springframework.http.ResponseEntity<java.util.Map<java.lang.String, java.lang.Object>> org.springframework.boot.autoconfigure.web.BasicErrorController.error(javax.servlet.http.HttpServletRequest)
2020-06-18 15:35:59,032 [main] INFO  o.springframework.web.servlet.mvc.method.annotation.RequestMappingHandlerMapping - Mapped "{[/error],produces=[text/html]}" onto public org.springframework.web.servlet.ModelAndView org.springframework.boot.autoconfigure.web.BasicErrorController.errorHtml(javax.servlet.http.HttpServletRequest,javax.servlet.http.HttpServletResponse)
2020-06-18 15:35:59,053 [main] INFO  org.springframework.web.servlet.handler.SimpleUrlHandlerMapping - Mapped URL path [/webjars/**] onto handler of type [class org.springframework.web.servlet.resource.ResourceHttpRequestHandler]
2020-06-18 15:35:59,053 [main] INFO  org.springframework.web.servlet.handler.SimpleUrlHandlerMapping - Mapped URL path [/**] onto handler of type [class org.springframework.web.servlet.resource.ResourceHttpRequestHandler]
2020-06-18 15:35:59,080 [main] INFO  org.springframework.web.servlet.handler.SimpleUrlHandlerMapping - Mapped URL path [/**/favicon.ico] onto handler of type [class org.springframework.web.servlet.resource.ResourceHttpRequestHandler]
2020-06-18 15:35:59,543 [main] INFO  com.cathychen.ApplicationPortal.tests.serviceTest.ReviewerServiceTest - Started ReviewerServiceTest in 2.678 seconds (JVM running for 3.256)
2020-06-18 15:36:00,160 [Thread-2] INFO  org.springframework.web.context.support.GenericWebApplicationContext - Closing org.springframework.web.context.support.GenericWebApplicationContext@48075da3: startup date [Thu Jun 18 15:35:57 CST 2020]; root of context hierarchy
2020-06-18 15:36:18,075 [main] INFO  com.cathychen.ApplicationPortal.tests.serviceTest.ReviewerServiceTest - Starting ReviewerServiceTest on Cathys-MacBook-Pro.local with PID 5077 (started by cathychen in /Users/cathychen/Downloads/OG)
2020-06-18 15:36:18,076 [main] INFO  com.cathychen.ApplicationPortal.tests.serviceTest.ReviewerServiceTest - No active profile set, falling back to default profiles: default
2020-06-18 15:36:18,463 [background-preinit] INFO  org.hibernate.validator.internal.util.Version - HV000001: Hibernate Validator 5.3.6.Final
2020-06-18 15:36:18,625 [main] INFO  org.springframework.web.context.support.GenericWebApplicationContext - Refreshing org.springframework.web.context.support.GenericWebApplicationContext@11eadcba: startup date [Thu Jun 18 15:36:18 CST 2020]; root of context hierarchy
2020-06-18 15:36:19,884 [main] INFO  com.cathychen.ApplicationPortal.tests.serviceTest.ReviewerServiceTest - Starting ReviewerServiceTest on Cathys-MacBook-Pro.local with PID 5079 (started by cathychen in /Users/cathychen/Downloads/OG)
2020-06-18 15:36:19,885 [main] INFO  com.cathychen.ApplicationPortal.tests.serviceTest.ReviewerServiceTest - No active profile set, falling back to default profiles: default
2020-06-18 15:36:20,249 [main] INFO  org.springframework.web.context.support.GenericWebApplicationContext - Refreshing org.springframework.web.context.support.GenericWebApplicationContext@8458f04: startup date [Thu Jun 18 15:36:20 CST 2020]; root of context hierarchy
2020-06-18 15:36:20,277 [background-preinit] INFO  org.hibernate.validator.internal.util.Version - HV000001: Hibernate Validator 5.3.6.Final
2020-06-18 15:36:21,465 [main] INFO  o.springframework.web.servlet.mvc.method.annotation.RequestMappingHandlerAdapter - Looking for @ControllerAdvice: org.springframework.web.context.support.GenericWebApplicationContext@11eadcba: startup date [Thu Jun 18 15:36:18 CST 2020]; root of context hierarchy
2020-06-18 15:36:21,540 [main] INFO  o.springframework.web.servlet.mvc.method.annotation.RequestMappingHandlerMapping - Mapped "{[/]}" onto java.lang.String com.cathychen.ApplicationPortal.web.MainController.home()
2020-06-18 15:36:21,542 [main] INFO  o.springframework.web.servlet.mvc.method.annotation.RequestMappingHandlerMapping - Mapped "{[/user]}" onto public java.lang.String com.cathychen.ApplicationPortal.web.UserController.getIndex(org.springframework.ui.Model)
2020-06-18 15:36:21,544 [main] INFO  o.springframework.web.servlet.mvc.method.annotation.RequestMappingHandlerMapping - Mapped "{[/error]}" onto public org.springframework.http.ResponseEntity<java.util.Map<java.lang.String, java.lang.Object>> org.springframework.boot.autoconfigure.web.BasicErrorController.error(javax.servlet.http.HttpServletRequest)
2020-06-18 15:36:21,545 [main] INFO  o.springframework.web.servlet.mvc.method.annotation.RequestMappingHandlerMapping - Mapped "{[/error],produces=[text/html]}" onto public org.springframework.web.servlet.ModelAndView org.springframework.boot.autoconfigure.web.BasicErrorController.errorHtml(javax.servlet.http.HttpServletRequest,javax.servlet.http.HttpServletResponse)
2020-06-18 15:36:21,586 [main] INFO  org.springframework.web.servlet.handler.SimpleUrlHandlerMapping - Mapped URL path [/webjars/**] onto handler of type [class org.springframework.web.servlet.resource.ResourceHttpRequestHandler]
2020-06-18 15:36:21,587 [main] INFO  org.springframework.web.servlet.handler.SimpleUrlHandlerMapping - Mapped URL path [/**] onto handler of type [class org.springframework.web.servlet.resource.ResourceHttpRequestHandler]
2020-06-18 15:36:21,648 [main] INFO  org.springframework.web.servlet.handler.SimpleUrlHandlerMapping - Mapped URL path [/**/favicon.ico] onto handler of type [class org.springframework.web.servlet.resource.ResourceHttpRequestHandler]
2020-06-18 15:36:22,823 [main] INFO  com.cathychen.ApplicationPortal.tests.serviceTest.ReviewerServiceTest - Started ReviewerServiceTest in 5.252 seconds (JVM running for 6.091)
2020-06-18 15:36:22,851 [main] INFO  o.springframework.web.servlet.mvc.method.annotation.RequestMappingHandlerAdapter - Looking for @ControllerAdvice: org.springframework.web.context.support.GenericWebApplicationContext@8458f04: startup date [Thu Jun 18 15:36:20 CST 2020]; root of context hierarchy
2020-06-18 15:36:22,963 [main] INFO  o.springframework.web.servlet.mvc.method.annotation.RequestMappingHandlerMapping - Mapped "{[/]}" onto java.lang.String com.cathychen.ApplicationPortal.web.MainController.home()
2020-06-18 15:36:22,967 [main] INFO  o.springframework.web.servlet.mvc.method.annotation.RequestMappingHandlerMapping - Mapped "{[/user]}" onto public java.lang.String com.cathychen.ApplicationPortal.web.UserController.getIndex(org.springframework.ui.Model)
2020-06-18 15:36:22,971 [main] INFO  o.springframework.web.servlet.mvc.method.annotation.RequestMappingHandlerMapping - Mapped "{[/error]}" onto public org.springframework.http.ResponseEntity<java.util.Map<java.lang.String, java.lang.Object>> org.springframework.boot.autoconfigure.web.BasicErrorController.error(javax.servlet.http.HttpServletRequest)
2020-06-18 15:36:22,972 [main] INFO  o.springframework.web.servlet.mvc.method.annotation.RequestMappingHandlerMapping - Mapped "{[/error],produces=[text/html]}" onto public org.springframework.web.servlet.ModelAndView org.springframework.boot.autoconfigure.web.BasicErrorController.errorHtml(javax.servlet.http.HttpServletRequest,javax.servlet.http.HttpServletResponse)
2020-06-18 15:36:23,016 [main] INFO  org.springframework.web.servlet.handler.SimpleUrlHandlerMapping - Mapped URL path [/webjars/**] onto handler of type [class org.springframework.web.servlet.resource.ResourceHttpRequestHandler]
2020-06-18 15:36:23,017 [main] INFO  org.springframework.web.servlet.handler.SimpleUrlHandlerMapping - Mapped URL path [/**] onto handler of type [class org.springframework.web.servlet.resource.ResourceHttpRequestHandler]
2020-06-18 15:36:23,060 [main] INFO  org.springframework.web.servlet.handler.SimpleUrlHandlerMapping - Mapped URL path [/**/favicon.ico] onto handler of type [class org.springframework.web.servlet.resource.ResourceHttpRequestHandler]
2020-06-18 15:36:23,284 [Thread-2] INFO  org.springframework.web.context.support.GenericWebApplicationContext - Closing org.springframework.web.context.support.GenericWebApplicationContext@11eadcba: startup date [Thu Jun 18 15:36:18 CST 2020]; root of context hierarchy
2020-06-18 15:36:25,967 [main] INFO  com.cathychen.ApplicationPortal.tests.serviceTest.ReviewerServiceTest - Starting ReviewerServiceTest on Cathys-MacBook-Pro.local with PID 5083 (started by cathychen in /Users/cathychen/Downloads/OG)
2020-06-18 15:36:25,968 [main] INFO  com.cathychen.ApplicationPortal.tests.serviceTest.ReviewerServiceTest - No active profile set, falling back to default profiles: default
2020-06-18 15:36:26,201 [main] INFO  org.springframework.web.context.support.GenericWebApplicationContext - Refreshing org.springframework.web.context.support.GenericWebApplicationContext@48075da3: startup date [Thu Jun 18 15:36:26 CST 2020]; root of context hierarchy
2020-06-18 15:36:26,333 [background-preinit] INFO  org.hibernate.validator.internal.util.Version - HV000001: Hibernate Validator 5.3.6.Final
2020-06-18 15:36:27,868 [main] INFO  o.springframework.web.servlet.mvc.method.annotation.RequestMappingHandlerAdapter - Looking for @ControllerAdvice: org.springframework.web.context.support.GenericWebApplicationContext@48075da3: startup date [Thu Jun 18 15:36:26 CST 2020]; root of context hierarchy
2020-06-18 15:36:27,921 [main] INFO  o.springframework.web.servlet.mvc.method.annotation.RequestMappingHandlerMapping - Mapped "{[/]}" onto java.lang.String com.cathychen.ApplicationPortal.web.MainController.home()
2020-06-18 15:36:27,922 [main] INFO  o.springframework.web.servlet.mvc.method.annotation.RequestMappingHandlerMapping - Mapped "{[/user]}" onto public java.lang.String com.cathychen.ApplicationPortal.web.UserController.getIndex(org.springframework.ui.Model)
2020-06-18 15:36:27,924 [main] INFO  o.springframework.web.servlet.mvc.method.annotation.RequestMappingHandlerMapping - Mapped "{[/error]}" onto public org.springframework.http.ResponseEntity<java.util.Map<java.lang.String, java.lang.Object>> org.springframework.boot.autoconfigure.web.BasicErrorController.error(javax.servlet.http.HttpServletRequest)
2020-06-18 15:36:27,924 [main] INFO  o.springframework.web.servlet.mvc.method.annotation.RequestMappingHandlerMapping - Mapped "{[/error],produces=[text/html]}" onto public org.springframework.web.servlet.ModelAndView org.springframework.boot.autoconfigure.web.BasicErrorController.errorHtml(javax.servlet.http.HttpServletRequest,javax.servlet.http.HttpServletResponse)
2020-06-18 15:36:27,947 [main] INFO  org.springframework.web.servlet.handler.SimpleUrlHandlerMapping - Mapped URL path [/webjars/**] onto handler of type [class org.springframework.web.servlet.resource.ResourceHttpRequestHandler]
2020-06-18 15:36:27,947 [main] INFO  org.springframework.web.servlet.handler.SimpleUrlHandlerMapping - Mapped URL path [/**] onto handler of type [class org.springframework.web.servlet.resource.ResourceHttpRequestHandler]
2020-06-18 15:36:27,974 [main] INFO  org.springframework.web.servlet.handler.SimpleUrlHandlerMapping - Mapped URL path [/**/favicon.ico] onto handler of type [class org.springframework.web.servlet.resource.ResourceHttpRequestHandler]
2020-06-18 15:36:28,522 [main] INFO  com.cathychen.ApplicationPortal.tests.serviceTest.ReviewerServiceTest - Started ReviewerServiceTest in 2.903 seconds (JVM running for 3.482)
2020-06-18 15:36:29,185 [Thread-2] INFO  org.springframework.web.context.support.GenericWebApplicationContext - Closing org.springframework.web.context.support.GenericWebApplicationContext@48075da3: startup date [Thu Jun 18 15:36:26 CST 2020]; root of context hierarchy
2020-06-18 15:36:32,811 [main] INFO  com.cathychen.ApplicationPortal.tests.serviceTest.ReviewerServiceTest - Starting ReviewerServiceTest on Cathys-MacBook-Pro.local with PID 5085 (started by cathychen in /Users/cathychen/Downloads/OG)
2020-06-18 15:36:32,812 [main] INFO  com.cathychen.ApplicationPortal.tests.serviceTest.ReviewerServiceTest - No active profile set, falling back to default profiles: default
2020-06-18 15:36:33,026 [main] INFO  org.springframework.web.context.support.GenericWebApplicationContext - Refreshing org.springframework.web.context.support.GenericWebApplicationContext@48075da3: startup date [Thu Jun 18 15:36:33 CST 2020]; root of context hierarchy
2020-06-18 15:36:33,152 [background-preinit] INFO  org.hibernate.validator.internal.util.Version - HV000001: Hibernate Validator 5.3.6.Final
2020-06-18 15:36:34,518 [main] INFO  o.springframework.web.servlet.mvc.method.annotation.RequestMappingHandlerAdapter - Looking for @ControllerAdvice: org.springframework.web.context.support.GenericWebApplicationContext@48075da3: startup date [Thu Jun 18 15:36:33 CST 2020]; root of context hierarchy
2020-06-18 15:36:34,585 [main] INFO  o.springframework.web.servlet.mvc.method.annotation.RequestMappingHandlerMapping - Mapped "{[/]}" onto java.lang.String com.cathychen.ApplicationPortal.web.MainController.home()
2020-06-18 15:36:34,586 [main] INFO  o.springframework.web.servlet.mvc.method.annotation.RequestMappingHandlerMapping - Mapped "{[/user]}" onto public java.lang.String com.cathychen.ApplicationPortal.web.UserController.getIndex(org.springframework.ui.Model)
2020-06-18 15:36:34,587 [main] INFO  o.springframework.web.servlet.mvc.method.annotation.RequestMappingHandlerMapping - Mapped "{[/error]}" onto public org.springframework.http.ResponseEntity<java.util.Map<java.lang.String, java.lang.Object>> org.springframework.boot.autoconfigure.web.BasicErrorController.error(javax.servlet.http.HttpServletRequest)
2020-06-18 15:36:34,587 [main] INFO  o.springframework.web.servlet.mvc.method.annotation.RequestMappingHandlerMapping - Mapped "{[/error],produces=[text/html]}" onto public org.springframework.web.servlet.ModelAndView org.springframework.boot.autoconfigure.web.BasicErrorController.errorHtml(javax.servlet.http.HttpServletRequest,javax.servlet.http.HttpServletResponse)
2020-06-18 15:36:34,607 [main] INFO  org.springframework.web.servlet.handler.SimpleUrlHandlerMapping - Mapped URL path [/webjars/**] onto handler of type [class org.springframework.web.servlet.resource.ResourceHttpRequestHandler]
2020-06-18 15:36:34,607 [main] INFO  org.springframework.web.servlet.handler.SimpleUrlHandlerMapping - Mapped URL path [/**] onto handler of type [class org.springframework.web.servlet.resource.ResourceHttpRequestHandler]
2020-06-18 15:36:34,633 [main] INFO  org.springframework.web.servlet.handler.SimpleUrlHandlerMapping - Mapped URL path [/**/favicon.ico] onto handler of type [class org.springframework.web.servlet.resource.ResourceHttpRequestHandler]
2020-06-18 15:36:35,094 [main] INFO  com.cathychen.ApplicationPortal.tests.serviceTest.ReviewerServiceTest - Started ReviewerServiceTest in 2.658 seconds (JVM running for 3.235)
2020-06-18 15:36:35,681 [Thread-2] INFO  org.springframework.web.context.support.GenericWebApplicationContext - Closing org.springframework.web.context.support.GenericWebApplicationContext@48075da3: startup date [Thu Jun 18 15:36:33 CST 2020]; root of context hierarchy
2020-06-18 15:47:43,297 [main] INFO  com.cathychen.ApplicationPortal.tests.serviceTest.ReviewerServiceTest - Starting ReviewerServiceTest on Cathys-MacBook-Pro.local with PID 5104 (started by cathychen in /Users/cathychen/Downloads/OG)
2020-06-18 15:47:43,298 [main] INFO  com.cathychen.ApplicationPortal.tests.serviceTest.ReviewerServiceTest - No active profile set, falling back to default profiles: default
2020-06-18 15:47:43,509 [main] INFO  org.springframework.web.context.support.GenericWebApplicationContext - Refreshing org.springframework.web.context.support.GenericWebApplicationContext@48075da3: startup date [Thu Jun 18 15:47:43 CST 2020]; root of context hierarchy
2020-06-18 15:47:43,621 [background-preinit] INFO  org.hibernate.validator.internal.util.Version - HV000001: Hibernate Validator 5.3.6.Final
2020-06-18 15:47:45,176 [main] INFO  o.springframework.web.servlet.mvc.method.annotation.RequestMappingHandlerAdapter - Looking for @ControllerAdvice: org.springframework.web.context.support.GenericWebApplicationContext@48075da3: startup date [Thu Jun 18 15:47:43 CST 2020]; root of context hierarchy
2020-06-18 15:47:45,251 [main] INFO  o.springframework.web.servlet.mvc.method.annotation.RequestMappingHandlerMapping - Mapped "{[/]}" onto java.lang.String com.cathychen.ApplicationPortal.web.MainController.home()
2020-06-18 15:47:45,252 [main] INFO  o.springframework.web.servlet.mvc.method.annotation.RequestMappingHandlerMapping - Mapped "{[/user]}" onto public java.lang.String com.cathychen.ApplicationPortal.web.UserController.getIndex(org.springframework.ui.Model)
2020-06-18 15:47:45,253 [main] INFO  o.springframework.web.servlet.mvc.method.annotation.RequestMappingHandlerMapping - Mapped "{[/error]}" onto public org.springframework.http.ResponseEntity<java.util.Map<java.lang.String, java.lang.Object>> org.springframework.boot.autoconfigure.web.BasicErrorController.error(javax.servlet.http.HttpServletRequest)
2020-06-18 15:47:45,253 [main] INFO  o.springframework.web.servlet.mvc.method.annotation.RequestMappingHandlerMapping - Mapped "{[/error],produces=[text/html]}" onto public org.springframework.web.servlet.ModelAndView org.springframework.boot.autoconfigure.web.BasicErrorController.errorHtml(javax.servlet.http.HttpServletRequest,javax.servlet.http.HttpServletResponse)
2020-06-18 15:47:45,275 [main] INFO  org.springframework.web.servlet.handler.SimpleUrlHandlerMapping - Mapped URL path [/webjars/**] onto handler of type [class org.springframework.web.servlet.resource.ResourceHttpRequestHandler]
2020-06-18 15:47:45,275 [main] INFO  org.springframework.web.servlet.handler.SimpleUrlHandlerMapping - Mapped URL path [/**] onto handler of type [class org.springframework.web.servlet.resource.ResourceHttpRequestHandler]
2020-06-18 15:47:45,302 [main] INFO  org.springframework.web.servlet.handler.SimpleUrlHandlerMapping - Mapped URL path [/**/favicon.ico] onto handler of type [class org.springframework.web.servlet.resource.ResourceHttpRequestHandler]
2020-06-18 15:47:45,805 [main] INFO  com.cathychen.ApplicationPortal.tests.serviceTest.ReviewerServiceTest - Started ReviewerServiceTest in 2.929 seconds (JVM running for 3.601)
2020-06-18 15:47:46,456 [Thread-2] INFO  org.springframework.web.context.support.GenericWebApplicationContext - Closing org.springframework.web.context.support.GenericWebApplicationContext@48075da3: startup date [Thu Jun 18 15:47:43 CST 2020]; root of context hierarchy
2020-06-18 15:54:25,004 [main] INFO  com.cathychen.ApplicationPortal.tests.serviceTest.ApplicantServiceTest - Starting ApplicantServiceTest on Cathys-MacBook-Pro.local with PID 5124 (started by cathychen in /Users/cathychen/Downloads/OG)
2020-06-18 15:54:25,006 [main] INFO  com.cathychen.ApplicationPortal.tests.serviceTest.ApplicantServiceTest - No active profile set, falling back to default profiles: default
2020-06-18 15:54:25,246 [main] INFO  org.springframework.web.context.support.GenericWebApplicationContext - Refreshing org.springframework.web.context.support.GenericWebApplicationContext@7f485fda: startup date [Thu Jun 18 15:54:25 CST 2020]; root of context hierarchy
2020-06-18 15:54:25,359 [background-preinit] INFO  org.hibernate.validator.internal.util.Version - HV000001: Hibernate Validator 5.3.6.Final
2020-06-18 15:54:26,937 [main] INFO  o.springframework.web.servlet.mvc.method.annotation.RequestMappingHandlerAdapter - Looking for @ControllerAdvice: org.springframework.web.context.support.GenericWebApplicationContext@7f485fda: startup date [Thu Jun 18 15:54:25 CST 2020]; root of context hierarchy
2020-06-18 15:54:27,013 [main] INFO  o.springframework.web.servlet.mvc.method.annotation.RequestMappingHandlerMapping - Mapped "{[/]}" onto java.lang.String com.cathychen.ApplicationPortal.web.MainController.home()
2020-06-18 15:54:27,015 [main] INFO  o.springframework.web.servlet.mvc.method.annotation.RequestMappingHandlerMapping - Mapped "{[/user]}" onto public java.lang.String com.cathychen.ApplicationPortal.web.UserController.getIndex(org.springframework.ui.Model)
2020-06-18 15:54:27,016 [main] INFO  o.springframework.web.servlet.mvc.method.annotation.RequestMappingHandlerMapping - Mapped "{[/error]}" onto public org.springframework.http.ResponseEntity<java.util.Map<java.lang.String, java.lang.Object>> org.springframework.boot.autoconfigure.web.BasicErrorController.error(javax.servlet.http.HttpServletRequest)
2020-06-18 15:54:27,016 [main] INFO  o.springframework.web.servlet.mvc.method.annotation.RequestMappingHandlerMapping - Mapped "{[/error],produces=[text/html]}" onto public org.springframework.web.servlet.ModelAndView org.springframework.boot.autoconfigure.web.BasicErrorController.errorHtml(javax.servlet.http.HttpServletRequest,javax.servlet.http.HttpServletResponse)
2020-06-18 15:54:27,037 [main] INFO  org.springframework.web.servlet.handler.SimpleUrlHandlerMapping - Mapped URL path [/webjars/**] onto handler of type [class org.springframework.web.servlet.resource.ResourceHttpRequestHandler]
2020-06-18 15:54:27,037 [main] INFO  org.springframework.web.servlet.handler.SimpleUrlHandlerMapping - Mapped URL path [/**] onto handler of type [class org.springframework.web.servlet.resource.ResourceHttpRequestHandler]
2020-06-18 15:54:27,065 [main] INFO  org.springframework.web.servlet.handler.SimpleUrlHandlerMapping - Mapped URL path [/**/favicon.ico] onto handler of type [class org.springframework.web.servlet.resource.ResourceHttpRequestHandler]
2020-06-18 15:54:27,586 [main] INFO  com.cathychen.ApplicationPortal.tests.serviceTest.ApplicantServiceTest - Started ApplicantServiceTest in 3.119 seconds (JVM running for 3.809)
2020-06-18 15:54:28,302 [Thread-2] INFO  org.springframework.web.context.support.GenericWebApplicationContext - Closing org.springframework.web.context.support.GenericWebApplicationContext@7f485fda: startup date [Thu Jun 18 15:54:25 CST 2020]; root of context hierarchy
2020-06-18 15:57:32,850 [main] INFO  com.cathychen.ApplicationPortal.tests.serviceTest.ApplicationServiceTest - Starting ApplicationServiceTest on Cathys-MacBook-Pro.local with PID 5130 (started by cathychen in /Users/cathychen/Downloads/OG)
2020-06-18 15:57:32,851 [main] INFO  com.cathychen.ApplicationPortal.tests.serviceTest.ApplicationServiceTest - No active profile set, falling back to default profiles: default
2020-06-18 15:57:33,136 [main] INFO  org.springframework.web.context.support.GenericWebApplicationContext - Refreshing org.springframework.web.context.support.GenericWebApplicationContext@28261e8e: startup date [Thu Jun 18 15:57:33 CST 2020]; root of context hierarchy
2020-06-18 15:57:33,226 [background-preinit] INFO  org.hibernate.validator.internal.util.Version - HV000001: Hibernate Validator 5.3.6.Final
2020-06-18 15:57:35,044 [main] INFO  o.springframework.web.servlet.mvc.method.annotation.RequestMappingHandlerAdapter - Looking for @ControllerAdvice: org.springframework.web.context.support.GenericWebApplicationContext@28261e8e: startup date [Thu Jun 18 15:57:33 CST 2020]; root of context hierarchy
2020-06-18 15:57:35,101 [main] INFO  o.springframework.web.servlet.mvc.method.annotation.RequestMappingHandlerMapping - Mapped "{[/]}" onto java.lang.String com.cathychen.ApplicationPortal.web.MainController.home()
2020-06-18 15:57:35,102 [main] INFO  o.springframework.web.servlet.mvc.method.annotation.RequestMappingHandlerMapping - Mapped "{[/user]}" onto public java.lang.String com.cathychen.ApplicationPortal.web.UserController.getIndex(org.springframework.ui.Model)
2020-06-18 15:57:35,104 [main] INFO  o.springframework.web.servlet.mvc.method.annotation.RequestMappingHandlerMapping - Mapped "{[/error]}" onto public org.springframework.http.ResponseEntity<java.util.Map<java.lang.String, java.lang.Object>> org.springframework.boot.autoconfigure.web.BasicErrorController.error(javax.servlet.http.HttpServletRequest)
2020-06-18 15:57:35,104 [main] INFO  o.springframework.web.servlet.mvc.method.annotation.RequestMappingHandlerMapping - Mapped "{[/error],produces=[text/html]}" onto public org.springframework.web.servlet.ModelAndView org.springframework.boot.autoconfigure.web.BasicErrorController.errorHtml(javax.servlet.http.HttpServletRequest,javax.servlet.http.HttpServletResponse)
2020-06-18 15:57:35,125 [main] INFO  org.springframework.web.servlet.handler.SimpleUrlHandlerMapping - Mapped URL path [/webjars/**] onto handler of type [class org.springframework.web.servlet.resource.ResourceHttpRequestHandler]
2020-06-18 15:57:35,125 [main] INFO  org.springframework.web.servlet.handler.SimpleUrlHandlerMapping - Mapped URL path [/**] onto handler of type [class org.springframework.web.servlet.resource.ResourceHttpRequestHandler]
2020-06-18 15:57:35,154 [main] INFO  org.springframework.web.servlet.handler.SimpleUrlHandlerMapping - Mapped URL path [/**/favicon.ico] onto handler of type [class org.springframework.web.servlet.resource.ResourceHttpRequestHandler]
2020-06-18 15:57:35,672 [main] INFO  com.cathychen.ApplicationPortal.tests.serviceTest.ApplicationServiceTest - Started ApplicationServiceTest in 3.325 seconds (JVM running for 4.033)
2020-06-18 15:57:36,340 [Thread-2] INFO  org.springframework.web.context.support.GenericWebApplicationContext - Closing org.springframework.web.context.support.GenericWebApplicationContext@28261e8e: startup date [Thu Jun 18 15:57:33 CST 2020]; root of context hierarchy
2020-06-18 16:14:40,762 [main] INFO  com.cathychen.ApplicationPortal.tests.serviceTest.ApplicantServiceTest - Starting ApplicantServiceTest on Cathys-MacBook-Pro.local with PID 5174 (started by cathychen in /Users/cathychen/Downloads/OG)
2020-06-18 16:14:40,763 [main] INFO  com.cathychen.ApplicationPortal.tests.serviceTest.ApplicantServiceTest - No active profile set, falling back to default profiles: default
2020-06-18 16:14:40,982 [main] INFO  org.springframework.web.context.support.GenericWebApplicationContext - Refreshing org.springframework.web.context.support.GenericWebApplicationContext@7a35b0f5: startup date [Thu Jun 18 16:14:40 CST 2020]; root of context hierarchy
2020-06-18 16:14:41,105 [background-preinit] INFO  org.hibernate.validator.internal.util.Version - HV000001: Hibernate Validator 5.3.6.Final
2020-06-18 16:14:42,655 [main] INFO  o.springframework.web.servlet.mvc.method.annotation.RequestMappingHandlerAdapter - Looking for @ControllerAdvice: org.springframework.web.context.support.GenericWebApplicationContext@7a35b0f5: startup date [Thu Jun 18 16:14:40 CST 2020]; root of context hierarchy
2020-06-18 16:14:42,726 [main] INFO  o.springframework.web.servlet.mvc.method.annotation.RequestMappingHandlerMapping - Mapped "{[/]}" onto java.lang.String com.cathychen.ApplicationPortal.web.MainController.home()
2020-06-18 16:14:42,727 [main] INFO  o.springframework.web.servlet.mvc.method.annotation.RequestMappingHandlerMapping - Mapped "{[/user]}" onto public java.lang.String com.cathychen.ApplicationPortal.web.UserController.getIndex(org.springframework.ui.Model)
2020-06-18 16:14:42,728 [main] INFO  o.springframework.web.servlet.mvc.method.annotation.RequestMappingHandlerMapping - Mapped "{[/error]}" onto public org.springframework.http.ResponseEntity<java.util.Map<java.lang.String, java.lang.Object>> org.springframework.boot.autoconfigure.web.BasicErrorController.error(javax.servlet.http.HttpServletRequest)
2020-06-18 16:14:42,729 [main] INFO  o.springframework.web.servlet.mvc.method.annotation.RequestMappingHandlerMapping - Mapped "{[/error],produces=[text/html]}" onto public org.springframework.web.servlet.ModelAndView org.springframework.boot.autoconfigure.web.BasicErrorController.errorHtml(javax.servlet.http.HttpServletRequest,javax.servlet.http.HttpServletResponse)
2020-06-18 16:14:42,750 [main] INFO  org.springframework.web.servlet.handler.SimpleUrlHandlerMapping - Mapped URL path [/webjars/**] onto handler of type [class org.springframework.web.servlet.resource.ResourceHttpRequestHandler]
2020-06-18 16:14:42,751 [main] INFO  org.springframework.web.servlet.handler.SimpleUrlHandlerMapping - Mapped URL path [/**] onto handler of type [class org.springframework.web.servlet.resource.ResourceHttpRequestHandler]
2020-06-18 16:14:42,779 [main] INFO  org.springframework.web.servlet.handler.SimpleUrlHandlerMapping - Mapped URL path [/**/favicon.ico] onto handler of type [class org.springframework.web.servlet.resource.ResourceHttpRequestHandler]
2020-06-18 16:14:43,292 [main] INFO  com.cathychen.ApplicationPortal.tests.serviceTest.ApplicantServiceTest - Started ApplicantServiceTest in 2.939 seconds (JVM running for 3.619)
2020-06-18 16:14:44,051 [Thread-2] INFO  org.springframework.web.context.support.GenericWebApplicationContext - Closing org.springframework.web.context.support.GenericWebApplicationContext@7a35b0f5: startup date [Thu Jun 18 16:14:40 CST 2020]; root of context hierarchy
2020-06-18 18:40:24,571 [main] INFO  com.cathychen.ApplicationPortal.tests.serviceTest.ApplicationServiceTest - Starting ApplicationServiceTest on Cathys-MacBook-Pro.local with PID 5619 (started by cathychen in /Users/cathychen/Downloads/OG)
2020-06-18 18:40:24,572 [main] INFO  com.cathychen.ApplicationPortal.tests.serviceTest.ApplicationServiceTest - No active profile set, falling back to default profiles: default
2020-06-18 18:40:24,822 [main] INFO  org.springframework.web.context.support.GenericWebApplicationContext - Refreshing org.springframework.web.context.support.GenericWebApplicationContext@5e2c3d18: startup date [Thu Jun 18 18:40:24 CST 2020]; root of context hierarchy
2020-06-18 18:40:24,885 [background-preinit] INFO  org.hibernate.validator.internal.util.Version - HV000001: Hibernate Validator 5.3.6.Final
2020-06-18 18:40:26,679 [main] INFO  o.springframework.web.servlet.mvc.method.annotation.RequestMappingHandlerAdapter - Looking for @ControllerAdvice: org.springframework.web.context.support.GenericWebApplicationContext@5e2c3d18: startup date [Thu Jun 18 18:40:24 CST 2020]; root of context hierarchy
2020-06-18 18:40:26,751 [main] INFO  o.springframework.web.servlet.mvc.method.annotation.RequestMappingHandlerMapping - Mapped "{[/]}" onto java.lang.String com.cathychen.ApplicationPortal.web.MainController.home()
2020-06-18 18:40:26,752 [main] INFO  o.springframework.web.servlet.mvc.method.annotation.RequestMappingHandlerMapping - Mapped "{[/user]}" onto public java.lang.String com.cathychen.ApplicationPortal.web.UserController.getIndex(org.springframework.ui.Model)
2020-06-18 18:40:26,753 [main] INFO  o.springframework.web.servlet.mvc.method.annotation.RequestMappingHandlerMapping - Mapped "{[/error]}" onto public org.springframework.http.ResponseEntity<java.util.Map<java.lang.String, java.lang.Object>> org.springframework.boot.autoconfigure.web.BasicErrorController.error(javax.servlet.http.HttpServletRequest)
2020-06-18 18:40:26,754 [main] INFO  o.springframework.web.servlet.mvc.method.annotation.RequestMappingHandlerMapping - Mapped "{[/error],produces=[text/html]}" onto public org.springframework.web.servlet.ModelAndView org.springframework.boot.autoconfigure.web.BasicErrorController.errorHtml(javax.servlet.http.HttpServletRequest,javax.servlet.http.HttpServletResponse)
2020-06-18 18:40:26,776 [main] INFO  org.springframework.web.servlet.handler.SimpleUrlHandlerMapping - Mapped URL path [/webjars/**] onto handler of type [class org.springframework.web.servlet.resource.ResourceHttpRequestHandler]
2020-06-18 18:40:26,776 [main] INFO  org.springframework.web.servlet.handler.SimpleUrlHandlerMapping - Mapped URL path [/**] onto handler of type [class org.springframework.web.servlet.resource.ResourceHttpRequestHandler]
2020-06-18 18:40:26,807 [main] INFO  org.springframework.web.servlet.handler.SimpleUrlHandlerMapping - Mapped URL path [/**/favicon.ico] onto handler of type [class org.springframework.web.servlet.resource.ResourceHttpRequestHandler]
2020-06-18 18:40:27,364 [main] INFO  com.cathychen.ApplicationPortal.tests.serviceTest.ApplicationServiceTest - Started ApplicationServiceTest in 3.386 seconds (JVM running for 4.093)
2020-06-18 18:40:28,083 [main] INFO  org.springframework.beans.factory.xml.XmlBeanDefinitionReader - Loading XML bean definitions from class path resource [org/springframework/jdbc/support/sql-error-codes.xml]
2020-06-18 18:40:28,120 [main] INFO  org.springframework.jdbc.support.SQLErrorCodesFactory - SQLErrorCodes loaded: [DB2, Derby, H2, HSQL, Informix, MS-SQL, MySQL, Oracle, PostgreSQL, Sybase, Hana]
2020-06-18 18:40:28,136 [Thread-2] INFO  org.springframework.web.context.support.GenericWebApplicationContext - Closing org.springframework.web.context.support.GenericWebApplicationContext@5e2c3d18: startup date [Thu Jun 18 18:40:24 CST 2020]; root of context hierarchy
2020-06-18 18:41:25,704 [main] INFO  com.cathychen.ApplicationPortal.tests.serviceTest.ApplicationServiceTest - Starting ApplicationServiceTest on Cathys-MacBook-Pro.local with PID 5622 (started by cathychen in /Users/cathychen/Downloads/OG)
2020-06-18 18:41:25,705 [main] INFO  com.cathychen.ApplicationPortal.tests.serviceTest.ApplicationServiceTest - No active profile set, falling back to default profiles: default
2020-06-18 18:41:26,024 [main] INFO  org.springframework.web.context.support.GenericWebApplicationContext - Refreshing org.springframework.web.context.support.GenericWebApplicationContext@5e2c3d18: startup date [Thu Jun 18 18:41:26 CST 2020]; root of context hierarchy
2020-06-18 18:41:26,057 [background-preinit] INFO  org.hibernate.validator.internal.util.Version - HV000001: Hibernate Validator 5.3.6.Final
2020-06-18 18:41:27,729 [main] INFO  o.springframework.web.servlet.mvc.method.annotation.RequestMappingHandlerAdapter - Looking for @ControllerAdvice: org.springframework.web.context.support.GenericWebApplicationContext@5e2c3d18: startup date [Thu Jun 18 18:41:26 CST 2020]; root of context hierarchy
2020-06-18 18:41:27,806 [main] INFO  o.springframework.web.servlet.mvc.method.annotation.RequestMappingHandlerMapping - Mapped "{[/]}" onto java.lang.String com.cathychen.ApplicationPortal.web.MainController.home()
2020-06-18 18:41:27,808 [main] INFO  o.springframework.web.servlet.mvc.method.annotation.RequestMappingHandlerMapping - Mapped "{[/user]}" onto public java.lang.String com.cathychen.ApplicationPortal.web.UserController.getIndex(org.springframework.ui.Model)
2020-06-18 18:41:27,810 [main] INFO  o.springframework.web.servlet.mvc.method.annotation.RequestMappingHandlerMapping - Mapped "{[/error]}" onto public org.springframework.http.ResponseEntity<java.util.Map<java.lang.String, java.lang.Object>> org.springframework.boot.autoconfigure.web.BasicErrorController.error(javax.servlet.http.HttpServletRequest)
2020-06-18 18:41:27,810 [main] INFO  o.springframework.web.servlet.mvc.method.annotation.RequestMappingHandlerMapping - Mapped "{[/error],produces=[text/html]}" onto public org.springframework.web.servlet.ModelAndView org.springframework.boot.autoconfigure.web.BasicErrorController.errorHtml(javax.servlet.http.HttpServletRequest,javax.servlet.http.HttpServletResponse)
2020-06-18 18:41:27,835 [main] INFO  org.springframework.web.servlet.handler.SimpleUrlHandlerMapping - Mapped URL path [/webjars/**] onto handler of type [class org.springframework.web.servlet.resource.ResourceHttpRequestHandler]
2020-06-18 18:41:27,835 [main] INFO  org.springframework.web.servlet.handler.SimpleUrlHandlerMapping - Mapped URL path [/**] onto handler of type [class org.springframework.web.servlet.resource.ResourceHttpRequestHandler]
2020-06-18 18:41:27,867 [main] INFO  org.springframework.web.servlet.handler.SimpleUrlHandlerMapping - Mapped URL path [/**/favicon.ico] onto handler of type [class org.springframework.web.servlet.resource.ResourceHttpRequestHandler]
2020-06-18 18:41:28,405 [main] INFO  com.cathychen.ApplicationPortal.tests.serviceTest.ApplicationServiceTest - Started ApplicationServiceTest in 3.269 seconds (JVM running for 4.013)
2020-06-18 18:41:29,108 [main] INFO  org.springframework.beans.factory.xml.XmlBeanDefinitionReader - Loading XML bean definitions from class path resource [org/springframework/jdbc/support/sql-error-codes.xml]
2020-06-18 18:41:29,150 [main] INFO  org.springframework.jdbc.support.SQLErrorCodesFactory - SQLErrorCodes loaded: [DB2, Derby, H2, HSQL, Informix, MS-SQL, MySQL, Oracle, PostgreSQL, Sybase, Hana]
2020-06-18 18:41:29,165 [Thread-2] INFO  org.springframework.web.context.support.GenericWebApplicationContext - Closing org.springframework.web.context.support.GenericWebApplicationContext@5e2c3d18: startup date [Thu Jun 18 18:41:26 CST 2020]; root of context hierarchy
2020-06-18 18:46:01,501 [main] INFO  com.cathychen.ApplicationPortal.tests.serviceTest.ApplicationServiceTest - Starting ApplicationServiceTest on Cathys-MacBook-Pro.local with PID 5632 (started by cathychen in /Users/cathychen/Downloads/OG)
2020-06-18 18:46:01,502 [main] INFO  com.cathychen.ApplicationPortal.tests.serviceTest.ApplicationServiceTest - No active profile set, falling back to default profiles: default
2020-06-18 18:46:01,797 [main] INFO  org.springframework.web.context.support.GenericWebApplicationContext - Refreshing org.springframework.web.context.support.GenericWebApplicationContext@5e2c3d18: startup date [Thu Jun 18 18:46:01 CST 2020]; root of context hierarchy
2020-06-18 18:46:01,827 [background-preinit] INFO  org.hibernate.validator.internal.util.Version - HV000001: Hibernate Validator 5.3.6.Final
2020-06-18 18:46:03,461 [main] INFO  o.springframework.web.servlet.mvc.method.annotation.RequestMappingHandlerAdapter - Looking for @ControllerAdvice: org.springframework.web.context.support.GenericWebApplicationContext@5e2c3d18: startup date [Thu Jun 18 18:46:01 CST 2020]; root of context hierarchy
2020-06-18 18:46:03,531 [main] INFO  o.springframework.web.servlet.mvc.method.annotation.RequestMappingHandlerMapping - Mapped "{[/]}" onto java.lang.String com.cathychen.ApplicationPortal.web.MainController.home()
2020-06-18 18:46:03,532 [main] INFO  o.springframework.web.servlet.mvc.method.annotation.RequestMappingHandlerMapping - Mapped "{[/user]}" onto public java.lang.String com.cathychen.ApplicationPortal.web.UserController.getIndex(org.springframework.ui.Model)
2020-06-18 18:46:03,534 [main] INFO  o.springframework.web.servlet.mvc.method.annotation.RequestMappingHandlerMapping - Mapped "{[/error]}" onto public org.springframework.http.ResponseEntity<java.util.Map<java.lang.String, java.lang.Object>> org.springframework.boot.autoconfigure.web.BasicErrorController.error(javax.servlet.http.HttpServletRequest)
2020-06-18 18:46:03,534 [main] INFO  o.springframework.web.servlet.mvc.method.annotation.RequestMappingHandlerMapping - Mapped "{[/error],produces=[text/html]}" onto public org.springframework.web.servlet.ModelAndView org.springframework.boot.autoconfigure.web.BasicErrorController.errorHtml(javax.servlet.http.HttpServletRequest,javax.servlet.http.HttpServletResponse)
2020-06-18 18:46:03,558 [main] INFO  org.springframework.web.servlet.handler.SimpleUrlHandlerMapping - Mapped URL path [/webjars/**] onto handler of type [class org.springframework.web.servlet.resource.ResourceHttpRequestHandler]
2020-06-18 18:46:03,558 [main] INFO  org.springframework.web.servlet.handler.SimpleUrlHandlerMapping - Mapped URL path [/**] onto handler of type [class org.springframework.web.servlet.resource.ResourceHttpRequestHandler]
2020-06-18 18:46:03,585 [main] INFO  org.springframework.web.servlet.handler.SimpleUrlHandlerMapping - Mapped URL path [/**/favicon.ico] onto handler of type [class org.springframework.web.servlet.resource.ResourceHttpRequestHandler]
2020-06-18 18:46:04,101 [main] INFO  com.cathychen.ApplicationPortal.tests.serviceTest.ApplicationServiceTest - Started ApplicationServiceTest in 3.123 seconds (JVM running for 3.836)
2020-06-18 18:46:04,845 [main] INFO  org.springframework.beans.factory.xml.XmlBeanDefinitionReader - Loading XML bean definitions from class path resource [org/springframework/jdbc/support/sql-error-codes.xml]
2020-06-18 18:46:04,882 [main] INFO  org.springframework.jdbc.support.SQLErrorCodesFactory - SQLErrorCodes loaded: [DB2, Derby, H2, HSQL, Informix, MS-SQL, MySQL, Oracle, PostgreSQL, Sybase, Hana]
2020-06-18 18:46:04,899 [Thread-2] INFO  org.springframework.web.context.support.GenericWebApplicationContext - Closing org.springframework.web.context.support.GenericWebApplicationContext@5e2c3d18: startup date [Thu Jun 18 18:46:01 CST 2020]; root of context hierarchy
2020-06-18 18:47:11,647 [main] INFO  com.cathychen.ApplicationPortal.tests.serviceTest.ApplicationServiceTest - Starting ApplicationServiceTest on Cathys-MacBook-Pro.local with PID 5634 (started by cathychen in /Users/cathychen/Downloads/OG)
2020-06-18 18:47:11,648 [main] INFO  com.cathychen.ApplicationPortal.tests.serviceTest.ApplicationServiceTest - No active profile set, falling back to default profiles: default
2020-06-18 18:47:11,917 [main] INFO  org.springframework.web.context.support.GenericWebApplicationContext - Refreshing org.springframework.web.context.support.GenericWebApplicationContext@5e2c3d18: startup date [Thu Jun 18 18:47:11 CST 2020]; root of context hierarchy
2020-06-18 18:47:12,004 [background-preinit] INFO  org.hibernate.validator.internal.util.Version - HV000001: Hibernate Validator 5.3.6.Final
2020-06-18 18:47:13,641 [main] INFO  o.springframework.web.servlet.mvc.method.annotation.RequestMappingHandlerAdapter - Looking for @ControllerAdvice: org.springframework.web.context.support.GenericWebApplicationContext@5e2c3d18: startup date [Thu Jun 18 18:47:11 CST 2020]; root of context hierarchy
2020-06-18 18:47:13,711 [main] INFO  o.springframework.web.servlet.mvc.method.annotation.RequestMappingHandlerMapping - Mapped "{[/]}" onto java.lang.String com.cathychen.ApplicationPortal.web.MainController.home()
2020-06-18 18:47:13,712 [main] INFO  o.springframework.web.servlet.mvc.method.annotation.RequestMappingHandlerMapping - Mapped "{[/user]}" onto public java.lang.String com.cathychen.ApplicationPortal.web.UserController.getIndex(org.springframework.ui.Model)
2020-06-18 18:47:13,713 [main] INFO  o.springframework.web.servlet.mvc.method.annotation.RequestMappingHandlerMapping - Mapped "{[/error]}" onto public org.springframework.http.ResponseEntity<java.util.Map<java.lang.String, java.lang.Object>> org.springframework.boot.autoconfigure.web.BasicErrorController.error(javax.servlet.http.HttpServletRequest)
2020-06-18 18:47:13,714 [main] INFO  o.springframework.web.servlet.mvc.method.annotation.RequestMappingHandlerMapping - Mapped "{[/error],produces=[text/html]}" onto public org.springframework.web.servlet.ModelAndView org.springframework.boot.autoconfigure.web.BasicErrorController.errorHtml(javax.servlet.http.HttpServletRequest,javax.servlet.http.HttpServletResponse)
2020-06-18 18:47:13,734 [main] INFO  org.springframework.web.servlet.handler.SimpleUrlHandlerMapping - Mapped URL path [/webjars/**] onto handler of type [class org.springframework.web.servlet.resource.ResourceHttpRequestHandler]
2020-06-18 18:47:13,734 [main] INFO  org.springframework.web.servlet.handler.SimpleUrlHandlerMapping - Mapped URL path [/**] onto handler of type [class org.springframework.web.servlet.resource.ResourceHttpRequestHandler]
2020-06-18 18:47:13,760 [main] INFO  org.springframework.web.servlet.handler.SimpleUrlHandlerMapping - Mapped URL path [/**/favicon.ico] onto handler of type [class org.springframework.web.servlet.resource.ResourceHttpRequestHandler]
2020-06-18 18:47:14,256 [main] INFO  com.cathychen.ApplicationPortal.tests.serviceTest.ApplicationServiceTest - Started ApplicationServiceTest in 3.12 seconds (JVM running for 3.87)
2020-06-18 18:47:14,948 [main] INFO  org.springframework.beans.factory.xml.XmlBeanDefinitionReader - Loading XML bean definitions from class path resource [org/springframework/jdbc/support/sql-error-codes.xml]
2020-06-18 18:47:14,981 [main] INFO  org.springframework.jdbc.support.SQLErrorCodesFactory - SQLErrorCodes loaded: [DB2, Derby, H2, HSQL, Informix, MS-SQL, MySQL, Oracle, PostgreSQL, Sybase, Hana]
2020-06-18 18:47:14,999 [Thread-2] INFO  org.springframework.web.context.support.GenericWebApplicationContext - Closing org.springframework.web.context.support.GenericWebApplicationContext@5e2c3d18: startup date [Thu Jun 18 18:47:11 CST 2020]; root of context hierarchy
2020-06-18 19:15:28,388 [main] INFO  com.cathychen.ApplicationPortal.tests.serviceTest.ApplicationServiceTest - Starting ApplicationServiceTest on Cathys-MacBook-Pro.local with PID 5677 (started by cathychen in /Users/cathychen/Downloads/OG)
2020-06-18 19:15:28,389 [main] INFO  com.cathychen.ApplicationPortal.tests.serviceTest.ApplicationServiceTest - No active profile set, falling back to default profiles: default
2020-06-18 19:15:28,608 [main] INFO  org.springframework.web.context.support.GenericWebApplicationContext - Refreshing org.springframework.web.context.support.GenericWebApplicationContext@7a35b0f5: startup date [Thu Jun 18 19:15:28 CST 2020]; root of context hierarchy
2020-06-18 19:15:28,779 [background-preinit] INFO  org.hibernate.validator.internal.util.Version - HV000001: Hibernate Validator 5.3.6.Final
2020-06-18 19:15:30,411 [main] INFO  o.springframework.web.servlet.mvc.method.annotation.RequestMappingHandlerAdapter - Looking for @ControllerAdvice: org.springframework.web.context.support.GenericWebApplicationContext@7a35b0f5: startup date [Thu Jun 18 19:15:28 CST 2020]; root of context hierarchy
2020-06-18 19:15:30,490 [main] INFO  o.springframework.web.servlet.mvc.method.annotation.RequestMappingHandlerMapping - Mapped "{[/]}" onto java.lang.String com.cathychen.ApplicationPortal.web.MainController.home()
2020-06-18 19:15:30,491 [main] INFO  o.springframework.web.servlet.mvc.method.annotation.RequestMappingHandlerMapping - Mapped "{[/user]}" onto public java.lang.String com.cathychen.ApplicationPortal.web.UserController.getIndex(org.springframework.ui.Model)
2020-06-18 19:15:30,493 [main] INFO  o.springframework.web.servlet.mvc.method.annotation.RequestMappingHandlerMapping - Mapped "{[/error]}" onto public org.springframework.http.ResponseEntity<java.util.Map<java.lang.String, java.lang.Object>> org.springframework.boot.autoconfigure.web.BasicErrorController.error(javax.servlet.http.HttpServletRequest)
2020-06-18 19:15:30,493 [main] INFO  o.springframework.web.servlet.mvc.method.annotation.RequestMappingHandlerMapping - Mapped "{[/error],produces=[text/html]}" onto public org.springframework.web.servlet.ModelAndView org.springframework.boot.autoconfigure.web.BasicErrorController.errorHtml(javax.servlet.http.HttpServletRequest,javax.servlet.http.HttpServletResponse)
2020-06-18 19:15:30,514 [main] INFO  org.springframework.web.servlet.handler.SimpleUrlHandlerMapping - Mapped URL path [/webjars/**] onto handler of type [class org.springframework.web.servlet.resource.ResourceHttpRequestHandler]
2020-06-18 19:15:30,515 [main] INFO  org.springframework.web.servlet.handler.SimpleUrlHandlerMapping - Mapped URL path [/**] onto handler of type [class org.springframework.web.servlet.resource.ResourceHttpRequestHandler]
2020-06-18 19:15:30,544 [main] INFO  org.springframework.web.servlet.handler.SimpleUrlHandlerMapping - Mapped URL path [/**/favicon.ico] onto handler of type [class org.springframework.web.servlet.resource.ResourceHttpRequestHandler]
2020-06-18 19:15:31,051 [main] INFO  com.cathychen.ApplicationPortal.tests.serviceTest.ApplicationServiceTest - Started ApplicationServiceTest in 3.291 seconds (JVM running for 4.011)
2020-06-18 19:15:31,736 [Thread-2] INFO  org.springframework.web.context.support.GenericWebApplicationContext - Closing org.springframework.web.context.support.GenericWebApplicationContext@7a35b0f5: startup date [Thu Jun 18 19:15:28 CST 2020]; root of context hierarchy
2020-06-18 19:16:39,167 [main] INFO  com.cathychen.ApplicationPortal.tests.serviceTest.ApplicationServiceTest - Starting ApplicationServiceTest on Cathys-MacBook-Pro.local with PID 5679 (started by cathychen in /Users/cathychen/Downloads/OG)
2020-06-18 19:16:39,168 [main] INFO  com.cathychen.ApplicationPortal.tests.serviceTest.ApplicationServiceTest - No active profile set, falling back to default profiles: default
2020-06-18 19:16:39,474 [main] INFO  org.springframework.web.context.support.GenericWebApplicationContext - Refreshing org.springframework.web.context.support.GenericWebApplicationContext@5e2c3d18: startup date [Thu Jun 18 19:16:39 CST 2020]; root of context hierarchy
2020-06-18 19:16:39,478 [background-preinit] INFO  org.hibernate.validator.internal.util.Version - HV000001: Hibernate Validator 5.3.6.Final
2020-06-18 19:16:41,276 [main] INFO  o.springframework.web.servlet.mvc.method.annotation.RequestMappingHandlerAdapter - Looking for @ControllerAdvice: org.springframework.web.context.support.GenericWebApplicationContext@5e2c3d18: startup date [Thu Jun 18 19:16:39 CST 2020]; root of context hierarchy
2020-06-18 19:16:41,329 [main] INFO  o.springframework.web.servlet.mvc.method.annotation.RequestMappingHandlerMapping - Mapped "{[/]}" onto java.lang.String com.cathychen.ApplicationPortal.web.MainController.home()
2020-06-18 19:16:41,330 [main] INFO  o.springframework.web.servlet.mvc.method.annotation.RequestMappingHandlerMapping - Mapped "{[/user]}" onto public java.lang.String com.cathychen.ApplicationPortal.web.UserController.getIndex(org.springframework.ui.Model)
2020-06-18 19:16:41,332 [main] INFO  o.springframework.web.servlet.mvc.method.annotation.RequestMappingHandlerMapping - Mapped "{[/error]}" onto public org.springframework.http.ResponseEntity<java.util.Map<java.lang.String, java.lang.Object>> org.springframework.boot.autoconfigure.web.BasicErrorController.error(javax.servlet.http.HttpServletRequest)
2020-06-18 19:16:41,332 [main] INFO  o.springframework.web.servlet.mvc.method.annotation.RequestMappingHandlerMapping - Mapped "{[/error],produces=[text/html]}" onto public org.springframework.web.servlet.ModelAndView org.springframework.boot.autoconfigure.web.BasicErrorController.errorHtml(javax.servlet.http.HttpServletRequest,javax.servlet.http.HttpServletResponse)
2020-06-18 19:16:41,361 [main] INFO  org.springframework.web.servlet.handler.SimpleUrlHandlerMapping - Mapped URL path [/webjars/**] onto handler of type [class org.springframework.web.servlet.resource.ResourceHttpRequestHandler]
2020-06-18 19:16:41,362 [main] INFO  org.springframework.web.servlet.handler.SimpleUrlHandlerMapping - Mapped URL path [/**] onto handler of type [class org.springframework.web.servlet.resource.ResourceHttpRequestHandler]
2020-06-18 19:16:41,413 [main] INFO  org.springframework.web.servlet.handler.SimpleUrlHandlerMapping - Mapped URL path [/**/favicon.ico] onto handler of type [class org.springframework.web.servlet.resource.ResourceHttpRequestHandler]
2020-06-18 19:16:41,970 [main] INFO  com.cathychen.ApplicationPortal.tests.serviceTest.ApplicationServiceTest - Started ApplicationServiceTest in 3.263 seconds (JVM running for 3.911)
2020-06-18 19:16:42,713 [main] INFO  org.springframework.beans.factory.xml.XmlBeanDefinitionReader - Loading XML bean definitions from class path resource [org/springframework/jdbc/support/sql-error-codes.xml]
2020-06-18 19:16:42,746 [main] INFO  org.springframework.jdbc.support.SQLErrorCodesFactory - SQLErrorCodes loaded: [DB2, Derby, H2, HSQL, Informix, MS-SQL, MySQL, Oracle, PostgreSQL, Sybase, Hana]
2020-06-18 19:16:42,760 [Thread-2] INFO  org.springframework.web.context.support.GenericWebApplicationContext - Closing org.springframework.web.context.support.GenericWebApplicationContext@5e2c3d18: startup date [Thu Jun 18 19:16:39 CST 2020]; root of context hierarchy
2020-06-18 19:16:45,928 [main] INFO  com.cathychen.ApplicationPortal.tests.serviceTest.ApplicationServiceTest - Starting ApplicationServiceTest on Cathys-MacBook-Pro.local with PID 5681 (started by cathychen in /Users/cathychen/Downloads/OG)
2020-06-18 19:16:45,929 [main] INFO  com.cathychen.ApplicationPortal.tests.serviceTest.ApplicationServiceTest - No active profile set, falling back to default profiles: default
2020-06-18 19:16:46,178 [main] INFO  org.springframework.web.context.support.GenericWebApplicationContext - Refreshing org.springframework.web.context.support.GenericWebApplicationContext@5e2c3d18: startup date [Thu Jun 18 19:16:46 CST 2020]; root of context hierarchy
2020-06-18 19:16:46,307 [background-preinit] INFO  org.hibernate.validator.internal.util.Version - HV000001: Hibernate Validator 5.3.6.Final
2020-06-18 19:16:47,774 [main] INFO  o.springframework.web.servlet.mvc.method.annotation.RequestMappingHandlerAdapter - Looking for @ControllerAdvice: org.springframework.web.context.support.GenericWebApplicationContext@5e2c3d18: startup date [Thu Jun 18 19:16:46 CST 2020]; root of context hierarchy
2020-06-18 19:16:47,843 [main] INFO  o.springframework.web.servlet.mvc.method.annotation.RequestMappingHandlerMapping - Mapped "{[/]}" onto java.lang.String com.cathychen.ApplicationPortal.web.MainController.home()
2020-06-18 19:16:47,844 [main] INFO  o.springframework.web.servlet.mvc.method.annotation.RequestMappingHandlerMapping - Mapped "{[/user]}" onto public java.lang.String com.cathychen.ApplicationPortal.web.UserController.getIndex(org.springframework.ui.Model)
2020-06-18 19:16:47,846 [main] INFO  o.springframework.web.servlet.mvc.method.annotation.RequestMappingHandlerMapping - Mapped "{[/error]}" onto public org.springframework.http.ResponseEntity<java.util.Map<java.lang.String, java.lang.Object>> org.springframework.boot.autoconfigure.web.BasicErrorController.error(javax.servlet.http.HttpServletRequest)
2020-06-18 19:16:47,846 [main] INFO  o.springframework.web.servlet.mvc.method.annotation.RequestMappingHandlerMapping - Mapped "{[/error],produces=[text/html]}" onto public org.springframework.web.servlet.ModelAndView org.springframework.boot.autoconfigure.web.BasicErrorController.errorHtml(javax.servlet.http.HttpServletRequest,javax.servlet.http.HttpServletResponse)
2020-06-18 19:16:47,865 [main] INFO  org.springframework.web.servlet.handler.SimpleUrlHandlerMapping - Mapped URL path [/webjars/**] onto handler of type [class org.springframework.web.servlet.resource.ResourceHttpRequestHandler]
2020-06-18 19:16:47,866 [main] INFO  org.springframework.web.servlet.handler.SimpleUrlHandlerMapping - Mapped URL path [/**] onto handler of type [class org.springframework.web.servlet.resource.ResourceHttpRequestHandler]
2020-06-18 19:16:47,896 [main] INFO  org.springframework.web.servlet.handler.SimpleUrlHandlerMapping - Mapped URL path [/**/favicon.ico] onto handler of type [class org.springframework.web.servlet.resource.ResourceHttpRequestHandler]
2020-06-18 19:16:48,385 [main] INFO  com.cathychen.ApplicationPortal.tests.serviceTest.ApplicationServiceTest - Started ApplicationServiceTest in 2.844 seconds (JVM running for 3.464)
2020-06-18 19:16:49,065 [main] INFO  org.springframework.beans.factory.xml.XmlBeanDefinitionReader - Loading XML bean definitions from class path resource [org/springframework/jdbc/support/sql-error-codes.xml]
2020-06-18 19:16:49,097 [main] INFO  org.springframework.jdbc.support.SQLErrorCodesFactory - SQLErrorCodes loaded: [DB2, Derby, H2, HSQL, Informix, MS-SQL, MySQL, Oracle, PostgreSQL, Sybase, Hana]
2020-06-18 19:16:49,114 [Thread-2] INFO  org.springframework.web.context.support.GenericWebApplicationContext - Closing org.springframework.web.context.support.GenericWebApplicationContext@5e2c3d18: startup date [Thu Jun 18 19:16:46 CST 2020]; root of context hierarchy
2020-06-18 19:16:53,484 [main] INFO  com.cathychen.ApplicationPortal.tests.serviceTest.ApplicationServiceTest - Starting ApplicationServiceTest on Cathys-MacBook-Pro.local with PID 5683 (started by cathychen in /Users/cathychen/Downloads/OG)
2020-06-18 19:16:53,485 [main] INFO  com.cathychen.ApplicationPortal.tests.serviceTest.ApplicationServiceTest - No active profile set, falling back to default profiles: default
2020-06-18 19:16:53,890 [main] INFO  org.springframework.web.context.support.GenericWebApplicationContext - Refreshing org.springframework.web.context.support.GenericWebApplicationContext@45cff11c: startup date [Thu Jun 18 19:16:53 CST 2020]; root of context hierarchy
2020-06-18 19:16:54,026 [background-preinit] INFO  org.hibernate.validator.internal.util.Version - HV000001: Hibernate Validator 5.3.6.Final
2020-06-18 19:16:55,251 [main] INFO  com.cathychen.ApplicationPortal.tests.serviceTest.ApplicationServiceTest - Starting ApplicationServiceTest on Cathys-MacBook-Pro.local with PID 5685 (started by cathychen in /Users/cathychen/Downloads/OG)
2020-06-18 19:16:55,253 [main] INFO  com.cathychen.ApplicationPortal.tests.serviceTest.ApplicationServiceTest - No active profile set, falling back to default profiles: default
2020-06-18 19:16:55,656 [main] INFO  org.springframework.web.context.support.GenericWebApplicationContext - Refreshing org.springframework.web.context.support.GenericWebApplicationContext@5e2c3d18: startup date [Thu Jun 18 19:16:55 CST 2020]; root of context hierarchy
2020-06-18 19:16:55,667 [background-preinit] INFO  org.hibernate.validator.internal.util.Version - HV000001: Hibernate Validator 5.3.6.Final
2020-06-18 19:16:57,184 [main] INFO  o.springframework.web.servlet.mvc.method.annotation.RequestMappingHandlerAdapter - Looking for @ControllerAdvice: org.springframework.web.context.support.GenericWebApplicationContext@45cff11c: startup date [Thu Jun 18 19:16:53 CST 2020]; root of context hierarchy
2020-06-18 19:16:57,344 [main] INFO  o.springframework.web.servlet.mvc.method.annotation.RequestMappingHandlerMapping - Mapped "{[/]}" onto java.lang.String com.cathychen.ApplicationPortal.web.MainController.home()
2020-06-18 19:16:57,347 [main] INFO  o.springframework.web.servlet.mvc.method.annotation.RequestMappingHandlerMapping - Mapped "{[/user]}" onto public java.lang.String com.cathychen.ApplicationPortal.web.UserController.getIndex(org.springframework.ui.Model)
2020-06-18 19:16:57,349 [main] INFO  o.springframework.web.servlet.mvc.method.annotation.RequestMappingHandlerMapping - Mapped "{[/error]}" onto public org.springframework.http.ResponseEntity<java.util.Map<java.lang.String, java.lang.Object>> org.springframework.boot.autoconfigure.web.BasicErrorController.error(javax.servlet.http.HttpServletRequest)
2020-06-18 19:16:57,350 [main] INFO  o.springframework.web.servlet.mvc.method.annotation.RequestMappingHandlerMapping - Mapped "{[/error],produces=[text/html]}" onto public org.springframework.web.servlet.ModelAndView org.springframework.boot.autoconfigure.web.BasicErrorController.errorHtml(javax.servlet.http.HttpServletRequest,javax.servlet.http.HttpServletResponse)
2020-06-18 19:16:57,390 [main] INFO  org.springframework.web.servlet.handler.SimpleUrlHandlerMapping - Mapped URL path [/webjars/**] onto handler of type [class org.springframework.web.servlet.resource.ResourceHttpRequestHandler]
2020-06-18 19:16:57,390 [main] INFO  org.springframework.web.servlet.handler.SimpleUrlHandlerMapping - Mapped URL path [/**] onto handler of type [class org.springframework.web.servlet.resource.ResourceHttpRequestHandler]
2020-06-18 19:16:57,448 [main] INFO  org.springframework.web.servlet.handler.SimpleUrlHandlerMapping - Mapped URL path [/**/favicon.ico] onto handler of type [class org.springframework.web.servlet.resource.ResourceHttpRequestHandler]
2020-06-18 19:16:58,309 [main] INFO  o.springframework.web.servlet.mvc.method.annotation.RequestMappingHandlerAdapter - Looking for @ControllerAdvice: org.springframework.web.context.support.GenericWebApplicationContext@5e2c3d18: startup date [Thu Jun 18 19:16:55 CST 2020]; root of context hierarchy
2020-06-18 19:16:58,397 [main] INFO  o.springframework.web.servlet.mvc.method.annotation.RequestMappingHandlerMapping - Mapped "{[/]}" onto java.lang.String com.cathychen.ApplicationPortal.web.MainController.home()
2020-06-18 19:16:58,399 [main] INFO  o.springframework.web.servlet.mvc.method.annotation.RequestMappingHandlerMapping - Mapped "{[/user]}" onto public java.lang.String com.cathychen.ApplicationPortal.web.UserController.getIndex(org.springframework.ui.Model)
2020-06-18 19:16:58,401 [main] INFO  o.springframework.web.servlet.mvc.method.annotation.RequestMappingHandlerMapping - Mapped "{[/error]}" onto public org.springframework.http.ResponseEntity<java.util.Map<java.lang.String, java.lang.Object>> org.springframework.boot.autoconfigure.web.BasicErrorController.error(javax.servlet.http.HttpServletRequest)
2020-06-18 19:16:58,401 [main] INFO  o.springframework.web.servlet.mvc.method.annotation.RequestMappingHandlerMapping - Mapped "{[/error],produces=[text/html]}" onto public org.springframework.web.servlet.ModelAndView org.springframework.boot.autoconfigure.web.BasicErrorController.errorHtml(javax.servlet.http.HttpServletRequest,javax.servlet.http.HttpServletResponse)
2020-06-18 19:16:58,432 [main] INFO  org.springframework.web.servlet.handler.SimpleUrlHandlerMapping - Mapped URL path [/webjars/**] onto handler of type [class org.springframework.web.servlet.resource.ResourceHttpRequestHandler]
2020-06-18 19:16:58,433 [main] INFO  org.springframework.web.servlet.handler.SimpleUrlHandlerMapping - Mapped URL path [/**] onto handler of type [class org.springframework.web.servlet.resource.ResourceHttpRequestHandler]
2020-06-18 19:16:58,472 [main] INFO  org.springframework.web.servlet.handler.SimpleUrlHandlerMapping - Mapped URL path [/**/favicon.ico] onto handler of type [class org.springframework.web.servlet.resource.ResourceHttpRequestHandler]
2020-06-18 19:16:58,622 [main] INFO  com.cathychen.ApplicationPortal.tests.serviceTest.ApplicationServiceTest - Started ApplicationServiceTest in 5.671 seconds (JVM running for 6.636)
2020-06-18 19:16:59,335 [main] INFO  com.cathychen.ApplicationPortal.tests.serviceTest.ApplicationServiceTest - Started ApplicationServiceTest in 4.782 seconds (JVM running for 5.756)
2020-06-18 19:16:59,952 [main] INFO  org.springframework.beans.factory.xml.XmlBeanDefinitionReader - Loading XML bean definitions from class path resource [org/springframework/jdbc/support/sql-error-codes.xml]
2020-06-18 19:17:00,010 [main] INFO  org.springframework.jdbc.support.SQLErrorCodesFactory - SQLErrorCodes loaded: [DB2, Derby, H2, HSQL, Informix, MS-SQL, MySQL, Oracle, PostgreSQL, Sybase, Hana]
2020-06-18 19:17:00,040 [Thread-2] INFO  org.springframework.web.context.support.GenericWebApplicationContext - Closing org.springframework.web.context.support.GenericWebApplicationContext@45cff11c: startup date [Thu Jun 18 19:16:53 CST 2020]; root of context hierarchy
2020-06-18 19:17:00,397 [main] INFO  org.springframework.beans.factory.xml.XmlBeanDefinitionReader - Loading XML bean definitions from class path resource [org/springframework/jdbc/support/sql-error-codes.xml]
2020-06-18 19:17:00,432 [main] INFO  org.springframework.jdbc.support.SQLErrorCodesFactory - SQLErrorCodes loaded: [DB2, Derby, H2, HSQL, Informix, MS-SQL, MySQL, Oracle, PostgreSQL, Sybase, Hana]
2020-06-18 19:17:00,450 [Thread-2] INFO  org.springframework.web.context.support.GenericWebApplicationContext - Closing org.springframework.web.context.support.GenericWebApplicationContext@5e2c3d18: startup date [Thu Jun 18 19:16:55 CST 2020]; root of context hierarchy
2020-06-18 19:23:50,786 [main] INFO  com.cathychen.ApplicationPortal.tests.serviceTest.ApplicationServiceTest - Starting ApplicationServiceTest on Cathys-MacBook-Pro.local with PID 5719 (started by cathychen in /Users/cathychen/Downloads/OG)
2020-06-18 19:23:50,787 [main] INFO  com.cathychen.ApplicationPortal.tests.serviceTest.ApplicationServiceTest - No active profile set, falling back to default profiles: default
2020-06-18 19:23:51,078 [main] INFO  org.springframework.web.context.support.GenericWebApplicationContext - Refreshing org.springframework.web.context.support.GenericWebApplicationContext@7a35b0f5: startup date [Thu Jun 18 19:23:51 CST 2020]; root of context hierarchy
2020-06-18 19:23:51,186 [background-preinit] INFO  org.hibernate.validator.internal.util.Version - HV000001: Hibernate Validator 5.3.6.Final
2020-06-18 19:23:52,786 [main] INFO  o.springframework.web.servlet.mvc.method.annotation.RequestMappingHandlerAdapter - Looking for @ControllerAdvice: org.springframework.web.context.support.GenericWebApplicationContext@7a35b0f5: startup date [Thu Jun 18 19:23:51 CST 2020]; root of context hierarchy
2020-06-18 19:23:52,861 [main] INFO  o.springframework.web.servlet.mvc.method.annotation.RequestMappingHandlerMapping - Mapped "{[/]}" onto java.lang.String com.cathychen.ApplicationPortal.web.MainController.home()
2020-06-18 19:23:52,862 [main] INFO  o.springframework.web.servlet.mvc.method.annotation.RequestMappingHandlerMapping - Mapped "{[/user]}" onto public java.lang.String com.cathychen.ApplicationPortal.web.UserController.getIndex(org.springframework.ui.Model)
2020-06-18 19:23:52,864 [main] INFO  o.springframework.web.servlet.mvc.method.annotation.RequestMappingHandlerMapping - Mapped "{[/error]}" onto public org.springframework.http.ResponseEntity<java.util.Map<java.lang.String, java.lang.Object>> org.springframework.boot.autoconfigure.web.BasicErrorController.error(javax.servlet.http.HttpServletRequest)
2020-06-18 19:23:52,864 [main] INFO  o.springframework.web.servlet.mvc.method.annotation.RequestMappingHandlerMapping - Mapped "{[/error],produces=[text/html]}" onto public org.springframework.web.servlet.ModelAndView org.springframework.boot.autoconfigure.web.BasicErrorController.errorHtml(javax.servlet.http.HttpServletRequest,javax.servlet.http.HttpServletResponse)
2020-06-18 19:23:52,895 [main] INFO  org.springframework.web.servlet.handler.SimpleUrlHandlerMapping - Mapped URL path [/webjars/**] onto handler of type [class org.springframework.web.servlet.resource.ResourceHttpRequestHandler]
2020-06-18 19:23:52,895 [main] INFO  org.springframework.web.servlet.handler.SimpleUrlHandlerMapping - Mapped URL path [/**] onto handler of type [class org.springframework.web.servlet.resource.ResourceHttpRequestHandler]
2020-06-18 19:23:52,923 [main] INFO  org.springframework.web.servlet.handler.SimpleUrlHandlerMapping - Mapped URL path [/**/favicon.ico] onto handler of type [class org.springframework.web.servlet.resource.ResourceHttpRequestHandler]
2020-06-18 19:23:53,447 [main] INFO  com.cathychen.ApplicationPortal.tests.serviceTest.ApplicationServiceTest - Started ApplicationServiceTest in 3.248 seconds (JVM running for 3.98)
2020-06-18 19:23:54,277 [main] INFO  org.springframework.beans.factory.xml.XmlBeanDefinitionReader - Loading XML bean definitions from class path resource [org/springframework/jdbc/support/sql-error-codes.xml]
2020-06-18 19:23:54,316 [main] INFO  org.springframework.jdbc.support.SQLErrorCodesFactory - SQLErrorCodes loaded: [DB2, Derby, H2, HSQL, Informix, MS-SQL, MySQL, Oracle, PostgreSQL, Sybase, Hana]
2020-06-18 19:23:54,334 [Thread-2] INFO  org.springframework.web.context.support.GenericWebApplicationContext - Closing org.springframework.web.context.support.GenericWebApplicationContext@7a35b0f5: startup date [Thu Jun 18 19:23:51 CST 2020]; root of context hierarchy
2020-06-18 19:25:03,085 [main] INFO  com.cathychen.ApplicationPortal.tests.serviceTest.ApplicationServiceTest - Starting ApplicationServiceTest on Cathys-MacBook-Pro.local with PID 5723 (started by cathychen in /Users/cathychen/Downloads/OG)
2020-06-18 19:25:03,086 [main] INFO  com.cathychen.ApplicationPortal.tests.serviceTest.ApplicationServiceTest - No active profile set, falling back to default profiles: default
2020-06-18 19:25:03,335 [main] INFO  org.springframework.web.context.support.GenericWebApplicationContext - Refreshing org.springframework.web.context.support.GenericWebApplicationContext@5e2c3d18: startup date [Thu Jun 18 19:25:03 CST 2020]; root of context hierarchy
2020-06-18 19:25:03,480 [background-preinit] INFO  org.hibernate.validator.internal.util.Version - HV000001: Hibernate Validator 5.3.6.Final
2020-06-18 19:25:05,028 [main] INFO  o.springframework.web.servlet.mvc.method.annotation.RequestMappingHandlerAdapter - Looking for @ControllerAdvice: org.springframework.web.context.support.GenericWebApplicationContext@5e2c3d18: startup date [Thu Jun 18 19:25:03 CST 2020]; root of context hierarchy
2020-06-18 19:25:05,110 [main] INFO  o.springframework.web.servlet.mvc.method.annotation.RequestMappingHandlerMapping - Mapped "{[/]}" onto java.lang.String com.cathychen.ApplicationPortal.web.MainController.home()
2020-06-18 19:25:05,112 [main] INFO  o.springframework.web.servlet.mvc.method.annotation.RequestMappingHandlerMapping - Mapped "{[/user]}" onto public java.lang.String com.cathychen.ApplicationPortal.web.UserController.getIndex(org.springframework.ui.Model)
2020-06-18 19:25:05,113 [main] INFO  o.springframework.web.servlet.mvc.method.annotation.RequestMappingHandlerMapping - Mapped "{[/error]}" onto public org.springframework.http.ResponseEntity<java.util.Map<java.lang.String, java.lang.Object>> org.springframework.boot.autoconfigure.web.BasicErrorController.error(javax.servlet.http.HttpServletRequest)
2020-06-18 19:25:05,114 [main] INFO  o.springframework.web.servlet.mvc.method.annotation.RequestMappingHandlerMapping - Mapped "{[/error],produces=[text/html]}" onto public org.springframework.web.servlet.ModelAndView org.springframework.boot.autoconfigure.web.BasicErrorController.errorHtml(javax.servlet.http.HttpServletRequest,javax.servlet.http.HttpServletResponse)
2020-06-18 19:25:05,133 [main] INFO  org.springframework.web.servlet.handler.SimpleUrlHandlerMapping - Mapped URL path [/webjars/**] onto handler of type [class org.springframework.web.servlet.resource.ResourceHttpRequestHandler]
2020-06-18 19:25:05,133 [main] INFO  org.springframework.web.servlet.handler.SimpleUrlHandlerMapping - Mapped URL path [/**] onto handler of type [class org.springframework.web.servlet.resource.ResourceHttpRequestHandler]
2020-06-18 19:25:05,168 [main] INFO  org.springframework.web.servlet.handler.SimpleUrlHandlerMapping - Mapped URL path [/**/favicon.ico] onto handler of type [class org.springframework.web.servlet.resource.ResourceHttpRequestHandler]
2020-06-18 19:25:05,734 [main] INFO  com.cathychen.ApplicationPortal.tests.serviceTest.ApplicationServiceTest - Started ApplicationServiceTest in 3.047 seconds (JVM running for 3.65)
2020-06-18 19:25:06,440 [main] INFO  org.springframework.beans.factory.xml.XmlBeanDefinitionReader - Loading XML bean definitions from class path resource [org/springframework/jdbc/support/sql-error-codes.xml]
2020-06-18 19:25:06,472 [main] INFO  org.springframework.jdbc.support.SQLErrorCodesFactory - SQLErrorCodes loaded: [DB2, Derby, H2, HSQL, Informix, MS-SQL, MySQL, Oracle, PostgreSQL, Sybase, Hana]
2020-06-18 19:25:06,486 [Thread-2] INFO  org.springframework.web.context.support.GenericWebApplicationContext - Closing org.springframework.web.context.support.GenericWebApplicationContext@5e2c3d18: startup date [Thu Jun 18 19:25:03 CST 2020]; root of context hierarchy
2020-06-18 19:25:22,138 [main] INFO  com.cathychen.ApplicationPortal.tests.serviceTest.ApplicationServiceTest - Starting ApplicationServiceTest on Cathys-MacBook-Pro.local with PID 5725 (started by cathychen in /Users/cathychen/Downloads/OG)
2020-06-18 19:25:22,140 [main] INFO  com.cathychen.ApplicationPortal.tests.serviceTest.ApplicationServiceTest - No active profile set, falling back to default profiles: default
2020-06-18 19:25:22,429 [main] INFO  org.springframework.web.context.support.GenericWebApplicationContext - Refreshing org.springframework.web.context.support.GenericWebApplicationContext@5e2c3d18: startup date [Thu Jun 18 19:25:22 CST 2020]; root of context hierarchy
2020-06-18 19:25:22,472 [background-preinit] INFO  org.hibernate.validator.internal.util.Version - HV000001: Hibernate Validator 5.3.6.Final
2020-06-18 19:25:24,017 [main] INFO  o.springframework.web.servlet.mvc.method.annotation.RequestMappingHandlerAdapter - Looking for @ControllerAdvice: org.springframework.web.context.support.GenericWebApplicationContext@5e2c3d18: startup date [Thu Jun 18 19:25:22 CST 2020]; root of context hierarchy
2020-06-18 19:25:24,065 [main] INFO  o.springframework.web.servlet.mvc.method.annotation.RequestMappingHandlerMapping - Mapped "{[/]}" onto java.lang.String com.cathychen.ApplicationPortal.web.MainController.home()
2020-06-18 19:25:24,067 [main] INFO  o.springframework.web.servlet.mvc.method.annotation.RequestMappingHandlerMapping - Mapped "{[/user]}" onto public java.lang.String com.cathychen.ApplicationPortal.web.UserController.getIndex(org.springframework.ui.Model)
2020-06-18 19:25:24,068 [main] INFO  o.springframework.web.servlet.mvc.method.annotation.RequestMappingHandlerMapping - Mapped "{[/error]}" onto public org.springframework.http.ResponseEntity<java.util.Map<java.lang.String, java.lang.Object>> org.springframework.boot.autoconfigure.web.BasicErrorController.error(javax.servlet.http.HttpServletRequest)
2020-06-18 19:25:24,069 [main] INFO  o.springframework.web.servlet.mvc.method.annotation.RequestMappingHandlerMapping - Mapped "{[/error],produces=[text/html]}" onto public org.springframework.web.servlet.ModelAndView org.springframework.boot.autoconfigure.web.BasicErrorController.errorHtml(javax.servlet.http.HttpServletRequest,javax.servlet.http.HttpServletResponse)
2020-06-18 19:25:24,089 [main] INFO  org.springframework.web.servlet.handler.SimpleUrlHandlerMapping - Mapped URL path [/webjars/**] onto handler of type [class org.springframework.web.servlet.resource.ResourceHttpRequestHandler]
2020-06-18 19:25:24,089 [main] INFO  org.springframework.web.servlet.handler.SimpleUrlHandlerMapping - Mapped URL path [/**] onto handler of type [class org.springframework.web.servlet.resource.ResourceHttpRequestHandler]
2020-06-18 19:25:24,117 [main] INFO  org.springframework.web.servlet.handler.SimpleUrlHandlerMapping - Mapped URL path [/**/favicon.ico] onto handler of type [class org.springframework.web.servlet.resource.ResourceHttpRequestHandler]
2020-06-18 19:25:24,603 [main] INFO  com.cathychen.ApplicationPortal.tests.serviceTest.ApplicationServiceTest - Started ApplicationServiceTest in 2.9 seconds (JVM running for 3.499)
2020-06-18 19:25:25,276 [main] INFO  org.springframework.beans.factory.xml.XmlBeanDefinitionReader - Loading XML bean definitions from class path resource [org/springframework/jdbc/support/sql-error-codes.xml]
2020-06-18 19:25:25,306 [main] INFO  org.springframework.jdbc.support.SQLErrorCodesFactory - SQLErrorCodes loaded: [DB2, Derby, H2, HSQL, Informix, MS-SQL, MySQL, Oracle, PostgreSQL, Sybase, Hana]
2020-06-18 19:25:25,319 [Thread-2] INFO  org.springframework.web.context.support.GenericWebApplicationContext - Closing org.springframework.web.context.support.GenericWebApplicationContext@5e2c3d18: startup date [Thu Jun 18 19:25:22 CST 2020]; root of context hierarchy
2020-06-18 19:58:49,549 [main] INFO  com.cathychen.ApplicationPortal.tests.serviceTest.ApplicationServiceTest - Starting ApplicationServiceTest on Cathys-MacBook-Pro.local with PID 5781 (started by cathychen in /Users/cathychen/Downloads/OG)
2020-06-18 19:58:49,550 [main] INFO  com.cathychen.ApplicationPortal.tests.serviceTest.ApplicationServiceTest - No active profile set, falling back to default profiles: default
2020-06-18 19:58:49,804 [main] INFO  org.springframework.web.context.support.GenericWebApplicationContext - Refreshing org.springframework.web.context.support.GenericWebApplicationContext@5e2c3d18: startup date [Thu Jun 18 19:58:49 CST 2020]; root of context hierarchy
2020-06-18 19:58:49,925 [background-preinit] INFO  org.hibernate.validator.internal.util.Version - HV000001: Hibernate Validator 5.3.6.Final
2020-06-18 19:58:51,768 [main] INFO  o.springframework.web.servlet.mvc.method.annotation.RequestMappingHandlerAdapter - Looking for @ControllerAdvice: org.springframework.web.context.support.GenericWebApplicationContext@5e2c3d18: startup date [Thu Jun 18 19:58:49 CST 2020]; root of context hierarchy
2020-06-18 19:58:51,826 [main] INFO  o.springframework.web.servlet.mvc.method.annotation.RequestMappingHandlerMapping - Mapped "{[/]}" onto java.lang.String com.cathychen.ApplicationPortal.web.MainController.home()
2020-06-18 19:58:51,827 [main] INFO  o.springframework.web.servlet.mvc.method.annotation.RequestMappingHandlerMapping - Mapped "{[/user]}" onto public java.lang.String com.cathychen.ApplicationPortal.web.UserController.getIndex(org.springframework.ui.Model)
2020-06-18 19:58:51,828 [main] INFO  o.springframework.web.servlet.mvc.method.annotation.RequestMappingHandlerMapping - Mapped "{[/error]}" onto public org.springframework.http.ResponseEntity<java.util.Map<java.lang.String, java.lang.Object>> org.springframework.boot.autoconfigure.web.BasicErrorController.error(javax.servlet.http.HttpServletRequest)
2020-06-18 19:58:51,829 [main] INFO  o.springframework.web.servlet.mvc.method.annotation.RequestMappingHandlerMapping - Mapped "{[/error],produces=[text/html]}" onto public org.springframework.web.servlet.ModelAndView org.springframework.boot.autoconfigure.web.BasicErrorController.errorHtml(javax.servlet.http.HttpServletRequest,javax.servlet.http.HttpServletResponse)
2020-06-18 19:58:51,854 [main] INFO  org.springframework.web.servlet.handler.SimpleUrlHandlerMapping - Mapped URL path [/webjars/**] onto handler of type [class org.springframework.web.servlet.resource.ResourceHttpRequestHandler]
2020-06-18 19:58:51,854 [main] INFO  org.springframework.web.servlet.handler.SimpleUrlHandlerMapping - Mapped URL path [/**] onto handler of type [class org.springframework.web.servlet.resource.ResourceHttpRequestHandler]
2020-06-18 19:58:51,886 [main] INFO  org.springframework.web.servlet.handler.SimpleUrlHandlerMapping - Mapped URL path [/**/favicon.ico] onto handler of type [class org.springframework.web.servlet.resource.ResourceHttpRequestHandler]
2020-06-18 19:58:52,433 [main] INFO  com.cathychen.ApplicationPortal.tests.serviceTest.ApplicationServiceTest - Started ApplicationServiceTest in 3.344 seconds (JVM running for 4.08)
2020-06-18 19:58:53,202 [main] INFO  org.springframework.beans.factory.xml.XmlBeanDefinitionReader - Loading XML bean definitions from class path resource [org/springframework/jdbc/support/sql-error-codes.xml]
2020-06-18 19:58:53,238 [main] INFO  org.springframework.jdbc.support.SQLErrorCodesFactory - SQLErrorCodes loaded: [DB2, Derby, H2, HSQL, Informix, MS-SQL, MySQL, Oracle, PostgreSQL, Sybase, Hana]
2020-06-18 19:58:53,257 [Thread-2] INFO  org.springframework.web.context.support.GenericWebApplicationContext - Closing org.springframework.web.context.support.GenericWebApplicationContext@5e2c3d18: startup date [Thu Jun 18 19:58:49 CST 2020]; root of context hierarchy
2020-06-18 20:03:59,377 [main] INFO  com.cathychen.ApplicationPortal.tests.serviceTest.ApplicationServiceTest - Starting ApplicationServiceTest on Cathys-MacBook-Pro.local with PID 5793 (started by cathychen in /Users/cathychen/Downloads/OG)
2020-06-18 20:03:59,378 [main] INFO  com.cathychen.ApplicationPortal.tests.serviceTest.ApplicationServiceTest - No active profile set, falling back to default profiles: default
2020-06-18 20:03:59,682 [main] INFO  org.springframework.web.context.support.GenericWebApplicationContext - Refreshing org.springframework.web.context.support.GenericWebApplicationContext@7a35b0f5: startup date [Thu Jun 18 20:03:59 CST 2020]; root of context hierarchy
2020-06-18 20:03:59,698 [background-preinit] INFO  org.hibernate.validator.internal.util.Version - HV000001: Hibernate Validator 5.3.6.Final
2020-06-18 20:04:01,548 [main] INFO  o.springframework.web.servlet.mvc.method.annotation.RequestMappingHandlerAdapter - Looking for @ControllerAdvice: org.springframework.web.context.support.GenericWebApplicationContext@7a35b0f5: startup date [Thu Jun 18 20:03:59 CST 2020]; root of context hierarchy
2020-06-18 20:04:01,622 [main] INFO  o.springframework.web.servlet.mvc.method.annotation.RequestMappingHandlerMapping - Mapped "{[/]}" onto java.lang.String com.cathychen.ApplicationPortal.web.MainController.home()
2020-06-18 20:04:01,623 [main] INFO  o.springframework.web.servlet.mvc.method.annotation.RequestMappingHandlerMapping - Mapped "{[/user]}" onto public java.lang.String com.cathychen.ApplicationPortal.web.UserController.getIndex(org.springframework.ui.Model)
2020-06-18 20:04:01,625 [main] INFO  o.springframework.web.servlet.mvc.method.annotation.RequestMappingHandlerMapping - Mapped "{[/error]}" onto public org.springframework.http.ResponseEntity<java.util.Map<java.lang.String, java.lang.Object>> org.springframework.boot.autoconfigure.web.BasicErrorController.error(javax.servlet.http.HttpServletRequest)
2020-06-18 20:04:01,625 [main] INFO  o.springframework.web.servlet.mvc.method.annotation.RequestMappingHandlerMapping - Mapped "{[/error],produces=[text/html]}" onto public org.springframework.web.servlet.ModelAndView org.springframework.boot.autoconfigure.web.BasicErrorController.errorHtml(javax.servlet.http.HttpServletRequest,javax.servlet.http.HttpServletResponse)
2020-06-18 20:04:01,649 [main] INFO  org.springframework.web.servlet.handler.SimpleUrlHandlerMapping - Mapped URL path [/webjars/**] onto handler of type [class org.springframework.web.servlet.resource.ResourceHttpRequestHandler]
2020-06-18 20:04:01,649 [main] INFO  org.springframework.web.servlet.handler.SimpleUrlHandlerMapping - Mapped URL path [/**] onto handler of type [class org.springframework.web.servlet.resource.ResourceHttpRequestHandler]
2020-06-18 20:04:01,677 [main] INFO  org.springframework.web.servlet.handler.SimpleUrlHandlerMapping - Mapped URL path [/**/favicon.ico] onto handler of type [class org.springframework.web.servlet.resource.ResourceHttpRequestHandler]
2020-06-18 20:04:02,198 [main] INFO  com.cathychen.ApplicationPortal.tests.serviceTest.ApplicationServiceTest - Started ApplicationServiceTest in 3.401 seconds (JVM running for 4.125)
2020-06-18 20:04:03,140 [main] INFO  org.springframework.beans.factory.xml.XmlBeanDefinitionReader - Loading XML bean definitions from class path resource [org/springframework/jdbc/support/sql-error-codes.xml]
2020-06-18 20:04:03,197 [main] INFO  org.springframework.jdbc.support.SQLErrorCodesFactory - SQLErrorCodes loaded: [DB2, Derby, H2, HSQL, Informix, MS-SQL, MySQL, Oracle, PostgreSQL, Sybase, Hana]
2020-06-18 20:04:03,216 [Thread-2] INFO  org.springframework.web.context.support.GenericWebApplicationContext - Closing org.springframework.web.context.support.GenericWebApplicationContext@7a35b0f5: startup date [Thu Jun 18 20:03:59 CST 2020]; root of context hierarchy
2020-06-18 20:12:48,834 [main] INFO  com.cathychen.ApplicationPortal.tests.serviceTest.ApplicationServiceTest - Starting ApplicationServiceTest on Cathys-MacBook-Pro.local with PID 5836 (started by cathychen in /Users/cathychen/Downloads/OG)
2020-06-18 20:12:48,835 [main] INFO  com.cathychen.ApplicationPortal.tests.serviceTest.ApplicationServiceTest - No active profile set, falling back to default profiles: default
2020-06-18 20:12:49,099 [main] INFO  org.springframework.web.context.support.GenericWebApplicationContext - Refreshing org.springframework.web.context.support.GenericWebApplicationContext@5e2c3d18: startup date [Thu Jun 18 20:12:49 CST 2020]; root of context hierarchy
2020-06-18 20:12:49,202 [background-preinit] INFO  org.hibernate.validator.internal.util.Version - HV000001: Hibernate Validator 5.3.6.Final
2020-06-18 20:12:50,781 [main] INFO  o.springframework.web.servlet.mvc.method.annotation.RequestMappingHandlerAdapter - Looking for @ControllerAdvice: org.springframework.web.context.support.GenericWebApplicationContext@5e2c3d18: startup date [Thu Jun 18 20:12:49 CST 2020]; root of context hierarchy
2020-06-18 20:12:50,858 [main] INFO  o.springframework.web.servlet.mvc.method.annotation.RequestMappingHandlerMapping - Mapped "{[/]}" onto java.lang.String com.cathychen.ApplicationPortal.web.MainController.home()
2020-06-18 20:12:50,859 [main] INFO  o.springframework.web.servlet.mvc.method.annotation.RequestMappingHandlerMapping - Mapped "{[/user]}" onto public java.lang.String com.cathychen.ApplicationPortal.web.UserController.getIndex(org.springframework.ui.Model)
2020-06-18 20:12:50,860 [main] INFO  o.springframework.web.servlet.mvc.method.annotation.RequestMappingHandlerMapping - Mapped "{[/error]}" onto public org.springframework.http.ResponseEntity<java.util.Map<java.lang.String, java.lang.Object>> org.springframework.boot.autoconfigure.web.BasicErrorController.error(javax.servlet.http.HttpServletRequest)
2020-06-18 20:12:50,861 [main] INFO  o.springframework.web.servlet.mvc.method.annotation.RequestMappingHandlerMapping - Mapped "{[/error],produces=[text/html]}" onto public org.springframework.web.servlet.ModelAndView org.springframework.boot.autoconfigure.web.BasicErrorController.errorHtml(javax.servlet.http.HttpServletRequest,javax.servlet.http.HttpServletResponse)
2020-06-18 20:12:50,883 [main] INFO  org.springframework.web.servlet.handler.SimpleUrlHandlerMapping - Mapped URL path [/webjars/**] onto handler of type [class org.springframework.web.servlet.resource.ResourceHttpRequestHandler]
2020-06-18 20:12:50,884 [main] INFO  org.springframework.web.servlet.handler.SimpleUrlHandlerMapping - Mapped URL path [/**] onto handler of type [class org.springframework.web.servlet.resource.ResourceHttpRequestHandler]
2020-06-18 20:12:50,912 [main] INFO  org.springframework.web.servlet.handler.SimpleUrlHandlerMapping - Mapped URL path [/**/favicon.ico] onto handler of type [class org.springframework.web.servlet.resource.ResourceHttpRequestHandler]
2020-06-18 20:12:51,428 [main] INFO  com.cathychen.ApplicationPortal.tests.serviceTest.ApplicationServiceTest - Started ApplicationServiceTest in 3.074 seconds (JVM running for 3.789)
2020-06-18 20:12:52,145 [Thread-2] INFO  org.springframework.web.context.support.GenericWebApplicationContext - Closing org.springframework.web.context.support.GenericWebApplicationContext@5e2c3d18: startup date [Thu Jun 18 20:12:49 CST 2020]; root of context hierarchy
