2020-06-19 10:41:51,448 [main] INFO  com.cathychen.ApplicationPortal.tests.serviceTest.ApplicationServiceTest - Starting ApplicationServiceTest on Cathys-MacBook-Pro.local with PID 6406 (started by cathychen in /Users/cathychen/Downloads/OG)
2020-06-19 10:41:51,449 [main] INFO  com.cathychen.ApplicationPortal.tests.serviceTest.ApplicationServiceTest - No active profile set, falling back to default profiles: default
2020-06-19 10:41:51,686 [main] INFO  org.springframework.web.context.support.GenericWebApplicationContext - Refreshing org.springframework.web.context.support.GenericWebApplicationContext@7a35b0f5: startup date [Fri Jun 19 10:41:51 CST 2020]; root of context hierarchy
2020-06-19 10:41:51,850 [background-preinit] INFO  org.hibernate.validator.internal.util.Version - HV000001: Hibernate Validator 5.3.6.Final
2020-06-19 10:41:53,503 [main] INFO  o.springframework.web.servlet.mvc.method.annotation.RequestMappingHandlerAdapter - Looking for @ControllerAdvice: org.springframework.web.context.support.GenericWebApplicationContext@7a35b0f5: startup date [Fri Jun 19 10:41:51 CST 2020]; root of context hierarchy
2020-06-19 10:41:53,565 [main] INFO  o.springframework.web.servlet.mvc.method.annotation.RequestMappingHandlerMapping - Mapped "{[/]}" onto java.lang.String com.cathychen.ApplicationPortal.web.MainController.home()
2020-06-19 10:41:53,566 [main] INFO  o.springframework.web.servlet.mvc.method.annotation.RequestMappingHandlerMapping - Mapped "{[/user]}" onto public java.lang.String com.cathychen.ApplicationPortal.web.UserController.getIndex(org.springframework.ui.Model)
2020-06-19 10:41:53,567 [main] INFO  o.springframework.web.servlet.mvc.method.annotation.RequestMappingHandlerMapping - Mapped "{[/error]}" onto public org.springframework.http.ResponseEntity<java.util.Map<java.lang.String, java.lang.Object>> org.springframework.boot.autoconfigure.web.BasicErrorController.error(javax.servlet.http.HttpServletRequest)
2020-06-19 10:41:53,567 [main] INFO  o.springframework.web.servlet.mvc.method.annotation.RequestMappingHandlerMapping - Mapped "{[/error],produces=[text/html]}" onto public org.springframework.web.servlet.ModelAndView org.springframework.boot.autoconfigure.web.BasicErrorController.errorHtml(javax.servlet.http.HttpServletRequest,javax.servlet.http.HttpServletResponse)
2020-06-19 10:41:53,592 [main] INFO  org.springframework.web.servlet.handler.SimpleUrlHandlerMapping - Mapped URL path [/webjars/**] onto handler of type [class org.springframework.web.servlet.resource.ResourceHttpRequestHandler]
2020-06-19 10:41:53,592 [main] INFO  org.springframework.web.servlet.handler.SimpleUrlHandlerMapping - Mapped URL path [/**] onto handler of type [class org.springframework.web.servlet.resource.ResourceHttpRequestHandler]
2020-06-19 10:41:53,620 [main] INFO  org.springframework.web.servlet.handler.SimpleUrlHandlerMapping - Mapped URL path [/**/favicon.ico] onto handler of type [class org.springframework.web.servlet.resource.ResourceHttpRequestHandler]
2020-06-19 10:41:54,159 [main] INFO  com.cathychen.ApplicationPortal.tests.serviceTest.ApplicationServiceTest - Started ApplicationServiceTest in 3.257 seconds (JVM running for 4.01)
2020-06-19 10:41:55,028 [main] INFO  org.springframework.beans.factory.xml.XmlBeanDefinitionReader - Loading XML bean definitions from class path resource [org/springframework/jdbc/support/sql-error-codes.xml]
2020-06-19 10:41:55,061 [main] INFO  org.springframework.jdbc.support.SQLErrorCodesFactory - SQLErrorCodes loaded: [DB2, Derby, H2, HSQL, Informix, MS-SQL, MySQL, Oracle, PostgreSQL, Sybase, Hana]
2020-06-19 10:41:55,077 [Thread-2] INFO  org.springframework.web.context.support.GenericWebApplicationContext - Closing org.springframework.web.context.support.GenericWebApplicationContext@7a35b0f5: startup date [Fri Jun 19 10:41:51 CST 2020]; root of context hierarchy
2020-06-19 11:02:07,932 [main] INFO  com.cathychen.ApplicationPortal.tests.serviceTest.ReviewerServiceTest - Starting ReviewerServiceTest on Cathys-MacBook-Pro.local with PID 6493 (started by cathychen in /Users/cathychen/Downloads/OG)
2020-06-19 11:02:07,934 [main] INFO  com.cathychen.ApplicationPortal.tests.serviceTest.ReviewerServiceTest - No active profile set, falling back to default profiles: default
2020-06-19 11:02:08,195 [main] INFO  org.springframework.web.context.support.GenericWebApplicationContext - Refreshing org.springframework.web.context.support.GenericWebApplicationContext@8519cb4: startup date [Fri Jun 19 11:02:08 CST 2020]; root of context hierarchy
2020-06-19 11:02:08,328 [background-preinit] INFO  org.hibernate.validator.internal.util.Version - HV000001: Hibernate Validator 5.3.6.Final
2020-06-19 11:02:10,182 [main] INFO  o.springframework.web.servlet.mvc.method.annotation.RequestMappingHandlerAdapter - Looking for @ControllerAdvice: org.springframework.web.context.support.GenericWebApplicationContext@8519cb4: startup date [Fri Jun 19 11:02:08 CST 2020]; root of context hierarchy
2020-06-19 11:02:10,253 [main] INFO  o.springframework.web.servlet.mvc.method.annotation.RequestMappingHandlerMapping - Mapped "{[/]}" onto java.lang.String com.cathychen.ApplicationPortal.web.MainController.home()
2020-06-19 11:02:10,254 [main] INFO  o.springframework.web.servlet.mvc.method.annotation.RequestMappingHandlerMapping - Mapped "{[/user]}" onto public java.lang.String com.cathychen.ApplicationPortal.web.UserController.getIndex(org.springframework.ui.Model)
2020-06-19 11:02:10,256 [main] INFO  o.springframework.web.servlet.mvc.method.annotation.RequestMappingHandlerMapping - Mapped "{[/error]}" onto public org.springframework.http.ResponseEntity<java.util.Map<java.lang.String, java.lang.Object>> org.springframework.boot.autoconfigure.web.BasicErrorController.error(javax.servlet.http.HttpServletRequest)
2020-06-19 11:02:10,256 [main] INFO  o.springframework.web.servlet.mvc.method.annotation.RequestMappingHandlerMapping - Mapped "{[/error],produces=[text/html]}" onto public org.springframework.web.servlet.ModelAndView org.springframework.boot.autoconfigure.web.BasicErrorController.errorHtml(javax.servlet.http.HttpServletRequest,javax.servlet.http.HttpServletResponse)
2020-06-19 11:02:10,281 [main] INFO  org.springframework.web.servlet.handler.SimpleUrlHandlerMapping - Mapped URL path [/webjars/**] onto handler of type [class org.springframework.web.servlet.resource.ResourceHttpRequestHandler]
2020-06-19 11:02:10,281 [main] INFO  org.springframework.web.servlet.handler.SimpleUrlHandlerMapping - Mapped URL path [/**] onto handler of type [class org.springframework.web.servlet.resource.ResourceHttpRequestHandler]
2020-06-19 11:02:10,316 [main] INFO  org.springframework.web.servlet.handler.SimpleUrlHandlerMapping - Mapped URL path [/**/favicon.ico] onto handler of type [class org.springframework.web.servlet.resource.ResourceHttpRequestHandler]
2020-06-19 11:02:10,884 [main] INFO  com.cathychen.ApplicationPortal.tests.serviceTest.ReviewerServiceTest - Started ReviewerServiceTest in 3.367 seconds (JVM running for 4.091)
2020-06-19 11:02:11,666 [Thread-2] INFO  org.springframework.web.context.support.GenericWebApplicationContext - Closing org.springframework.web.context.support.GenericWebApplicationContext@8519cb4: startup date [Fri Jun 19 11:02:08 CST 2020]; root of context hierarchy
2020-06-19 14:19:10,158 [main] INFO  com.cathychen.ApplicationPortal.tests.serviceTest.ReviewServiceTest - Starting ReviewServiceTest on Cathys-MacBook-Pro.local with PID 6866 (started by cathychen in /Users/cathychen/Downloads/OG)
2020-06-19 14:19:10,161 [main] INFO  com.cathychen.ApplicationPortal.tests.serviceTest.ReviewServiceTest - No active profile set, falling back to default profiles: default
2020-06-19 14:19:10,508 [main] INFO  org.springframework.web.context.support.GenericWebApplicationContext - Refreshing org.springframework.web.context.support.GenericWebApplicationContext@5e2c3d18: startup date [Fri Jun 19 14:19:10 CST 2020]; root of context hierarchy
2020-06-19 14:19:10,596 [background-preinit] INFO  org.hibernate.validator.internal.util.Version - HV000001: Hibernate Validator 5.3.6.Final
2020-06-19 14:19:12,262 [main] INFO  o.springframework.web.servlet.mvc.method.annotation.RequestMappingHandlerAdapter - Looking for @ControllerAdvice: org.springframework.web.context.support.GenericWebApplicationContext@5e2c3d18: startup date [Fri Jun 19 14:19:10 CST 2020]; root of context hierarchy
2020-06-19 14:19:12,338 [main] INFO  o.springframework.web.servlet.mvc.method.annotation.RequestMappingHandlerMapping - Mapped "{[/]}" onto java.lang.String com.cathychen.ApplicationPortal.web.MainController.home()
2020-06-19 14:19:12,339 [main] INFO  o.springframework.web.servlet.mvc.method.annotation.RequestMappingHandlerMapping - Mapped "{[/user]}" onto public java.lang.String com.cathychen.ApplicationPortal.web.UserController.getIndex(org.springframework.ui.Model)
2020-06-19 14:19:12,340 [main] INFO  o.springframework.web.servlet.mvc.method.annotation.RequestMappingHandlerMapping - Mapped "{[/error]}" onto public org.springframework.http.ResponseEntity<java.util.Map<java.lang.String, java.lang.Object>> org.springframework.boot.autoconfigure.web.BasicErrorController.error(javax.servlet.http.HttpServletRequest)
2020-06-19 14:19:12,341 [main] INFO  o.springframework.web.servlet.mvc.method.annotation.RequestMappingHandlerMapping - Mapped "{[/error],produces=[text/html]}" onto public org.springframework.web.servlet.ModelAndView org.springframework.boot.autoconfigure.web.BasicErrorController.errorHtml(javax.servlet.http.HttpServletRequest,javax.servlet.http.HttpServletResponse)
2020-06-19 14:19:12,362 [main] INFO  org.springframework.web.servlet.handler.SimpleUrlHandlerMapping - Mapped URL path [/webjars/**] onto handler of type [class org.springframework.web.servlet.resource.ResourceHttpRequestHandler]
2020-06-19 14:19:12,362 [main] INFO  org.springframework.web.servlet.handler.SimpleUrlHandlerMapping - Mapped URL path [/**] onto handler of type [class org.springframework.web.servlet.resource.ResourceHttpRequestHandler]
2020-06-19 14:19:12,390 [main] INFO  org.springframework.web.servlet.handler.SimpleUrlHandlerMapping - Mapped URL path [/**/favicon.ico] onto handler of type [class org.springframework.web.servlet.resource.ResourceHttpRequestHandler]
2020-06-19 14:19:12,924 [main] INFO  com.cathychen.ApplicationPortal.tests.serviceTest.ReviewServiceTest - Started ReviewServiceTest in 3.283 seconds (JVM running for 4.048)
2020-06-19 14:19:12,979 [Thread-2] INFO  org.springframework.web.context.support.GenericWebApplicationContext - Closing org.springframework.web.context.support.GenericWebApplicationContext@5e2c3d18: startup date [Fri Jun 19 14:19:10 CST 2020]; root of context hierarchy
2020-06-19 14:26:04,445 [main] INFO  com.cathychen.ApplicationPortal.tests.serviceTest.ReviewServiceTest - Starting ReviewServiceTest on Cathys-MacBook-Pro.local with PID 6878 (started by cathychen in /Users/cathychen/Downloads/OG)
2020-06-19 14:26:04,446 [main] INFO  com.cathychen.ApplicationPortal.tests.serviceTest.ReviewServiceTest - No active profile set, falling back to default profiles: default
2020-06-19 14:26:04,728 [main] INFO  org.springframework.web.context.support.GenericWebApplicationContext - Refreshing org.springframework.web.context.support.GenericWebApplicationContext@2cb4893b: startup date [Fri Jun 19 14:26:04 CST 2020]; root of context hierarchy
2020-06-19 14:26:04,787 [background-preinit] INFO  org.hibernate.validator.internal.util.Version - HV000001: Hibernate Validator 5.3.6.Final
2020-06-19 14:26:06,407 [main] INFO  o.springframework.web.servlet.mvc.method.annotation.RequestMappingHandlerAdapter - Looking for @ControllerAdvice: org.springframework.web.context.support.GenericWebApplicationContext@2cb4893b: startup date [Fri Jun 19 14:26:04 CST 2020]; root of context hierarchy
2020-06-19 14:26:06,468 [main] INFO  o.springframework.web.servlet.mvc.method.annotation.RequestMappingHandlerMapping - Mapped "{[/]}" onto java.lang.String com.cathychen.ApplicationPortal.web.MainController.home()
2020-06-19 14:26:06,469 [main] INFO  o.springframework.web.servlet.mvc.method.annotation.RequestMappingHandlerMapping - Mapped "{[/user]}" onto public java.lang.String com.cathychen.ApplicationPortal.web.UserController.getIndex(org.springframework.ui.Model)
2020-06-19 14:26:06,471 [main] INFO  o.springframework.web.servlet.mvc.method.annotation.RequestMappingHandlerMapping - Mapped "{[/error]}" onto public org.springframework.http.ResponseEntity<java.util.Map<java.lang.String, java.lang.Object>> org.springframework.boot.autoconfigure.web.BasicErrorController.error(javax.servlet.http.HttpServletRequest)
2020-06-19 14:26:06,471 [main] INFO  o.springframework.web.servlet.mvc.method.annotation.RequestMappingHandlerMapping - Mapped "{[/error],produces=[text/html]}" onto public org.springframework.web.servlet.ModelAndView org.springframework.boot.autoconfigure.web.BasicErrorController.errorHtml(javax.servlet.http.HttpServletRequest,javax.servlet.http.HttpServletResponse)
2020-06-19 14:26:06,492 [main] INFO  org.springframework.web.servlet.handler.SimpleUrlHandlerMapping - Mapped URL path [/webjars/**] onto handler of type [class org.springframework.web.servlet.resource.ResourceHttpRequestHandler]
2020-06-19 14:26:06,493 [main] INFO  org.springframework.web.servlet.handler.SimpleUrlHandlerMapping - Mapped URL path [/**] onto handler of type [class org.springframework.web.servlet.resource.ResourceHttpRequestHandler]
2020-06-19 14:26:06,520 [main] INFO  org.springframework.web.servlet.handler.SimpleUrlHandlerMapping - Mapped URL path [/**/favicon.ico] onto handler of type [class org.springframework.web.servlet.resource.ResourceHttpRequestHandler]
2020-06-19 14:26:07,029 [main] INFO  com.cathychen.ApplicationPortal.tests.serviceTest.ReviewServiceTest - Started ReviewServiceTest in 3.105 seconds (JVM running for 3.798)
2020-06-19 14:26:07,732 [Thread-2] INFO  org.springframework.web.context.support.GenericWebApplicationContext - Closing org.springframework.web.context.support.GenericWebApplicationContext@2cb4893b: startup date [Fri Jun 19 14:26:04 CST 2020]; root of context hierarchy
